#
# There is insufficient memory for the Java Runtime Environment to continue.
# Native memory allocation (malloc) failed to allocate 32744 bytes for Chunk::new
# Possible reasons:
#   The system is out of physical RAM or swap space
#   The process is running with CompressedOops enabled, and the Java Heap may be blocking the growth of the native heap
# Possible solutions:
#   Reduce memory load on the system
#   Increase physical memory or swap space
#   Check if swap backing store is full
#   Decrease Java heap size (-Xmx/-Xms)
#   Decrease number of Java threads
#   Decrease Java thread stack sizes (-Xss)
#   Set larger code cache with -XX:ReservedCodeCacheSize=
#   JVM is running with Unscaled Compressed Oops mode in which the Java heap is
#     placed in the first 4GB address space. The Java Heap base address is the
#     maximum limit for the native heap growth. Please use -XX:HeapBaseMinAddress
#     to set the Java Heap base and to place the Java Heap above 4GB virtual address.
# This output file may be truncated or incomplete.
#
#  Out of Memory Error (arena.cpp:184), pid=16828, tid=10816
#
# JRE version: Java(TM) SE Runtime Environment (19.0.2+7) (build 19.0.2+7-44)
# Java VM: Java HotSpot(TM) 64-Bit Server VM (19.0.2+7-44, mixed mode, sharing, tiered, compressed oops, compressed class ptrs, g1 gc, windows-amd64)
# No core dump will be written. Minidumps are not enabled by default on client versions of Windows
#

---------------  S U M M A R Y ------------

Command Line: -Dfile.encoding=UTF-8 -XX:+ShowCodeDetailsInExceptionMessages com.travomint.reservationsDeal

Host: 11th Gen Intel(R) Core(TM) i5-1135G7 @ 2.40GHz, 8 cores, 7G,  Windows 11 , 64 bit Build 22621 (10.0.22621.1635)
Time: Wed Jun  7 18:24:49 2023 India Standard Time elapsed time: 8.206166 seconds (0d 0h 0m 8s)

---------------  T H R E A D  ---------------

Current thread (0x0000025515c96b10):  JavaThread "C2 CompilerThread0" daemon [_thread_in_native, id=10816, stack(0x0000006864900000,0x0000006864a00000)]


Current CompileTask:
C2:   8206 1595       4       org.openqa.selenium.io.MultiOutputStream::write (24 bytes)

Stack: [0x0000006864900000,0x0000006864a00000]
Native frames: (J=compiled Java code, j=interpreted, Vv=VM code, C=native code)
V  [jvm.dll+0x6ee21a]
V  [jvm.dll+0x85765e]
V  [jvm.dll+0x85904e]
V  [jvm.dll+0x859703]
V  [jvm.dll+0x28298f]
V  [jvm.dll+0xc9adf]
V  [jvm.dll+0xc9e65]
V  [jvm.dll+0x6ff9c1]
V  [jvm.dll+0x6fde0e]
V  [jvm.dll+0x1d9e6c]
V  [jvm.dll+0x1da9fb]
V  [jvm.dll+0x2f6edd]
V  [jvm.dll+0x708b52]
V  [jvm.dll+0x700c76]
V  [jvm.dll+0x7002c1]
V  [jvm.dll+0x6fe1a3]
V  [jvm.dll+0x1d9e6c]
V  [jvm.dll+0x1da9fb]
V  [jvm.dll+0x2f6edd]
V  [jvm.dll+0x708b52]
V  [jvm.dll+0x700c76]
V  [jvm.dll+0x7002c1]
V  [jvm.dll+0x6fe1a3]
V  [jvm.dll+0x1d9e6c]
V  [jvm.dll+0x1da9fb]
V  [jvm.dll+0x2f6edd]
V  [jvm.dll+0x708b52]
V  [jvm.dll+0x700c76]
V  [jvm.dll+0x7002c1]
V  [jvm.dll+0x6fe1a3]
V  [jvm.dll+0x1d9e6c]
V  [jvm.dll+0x1da9fb]
V  [jvm.dll+0x2f6edd]
V  [jvm.dll+0x708b52]
V  [jvm.dll+0x700c76]
V  [jvm.dll+0x7002c1]
V  [jvm.dll+0x6fe1a3]
V  [jvm.dll+0x1d9e6c]
V  [jvm.dll+0x1da9fb]
V  [jvm.dll+0x1da9fb]
V  [jvm.dll+0x2f6edd]
V  [jvm.dll+0x708b52]
V  [jvm.dll+0x700c76]
V  [jvm.dll+0x7002c1]
V  [jvm.dll+0x6fe1a3]
V  [jvm.dll+0x1d9e6c]
V  [jvm.dll+0x1da9fb]
V  [jvm.dll+0x2f6edd]
V  [jvm.dll+0x708b52]
V  [jvm.dll+0x700c76]
V  [jvm.dll+0x7002c1]
V  [jvm.dll+0x6fe1a3]
V  [jvm.dll+0x1d9e6c]
V  [jvm.dll+0x1da9fb]
V  [jvm.dll+0x1da9fb]
V  [jvm.dll+0x2f6edd]
V  [jvm.dll+0x708b52]
V  [jvm.dll+0x700c76]
V  [jvm.dll+0x7002c1]
V  [jvm.dll+0x6fe1a3]
V  [jvm.dll+0x1d9e6c]
V  [jvm.dll+0x24b333]
V  [jvm.dll+0x1d6ce1]
V  [jvm.dll+0x25b25a]
V  [jvm.dll+0x2596e8]
V  [jvm.dll+0x807588]
V  [jvm.dll+0x80125a]
V  [jvm.dll+0x6ecf0b]
C  [ucrtbase.dll+0x29363]
C  [KERNEL32.DLL+0x126ad]
C  [ntdll.dll+0x5a9f8]


---------------  P R O C E S S  ---------------

Threads class SMR info:
_java_thread_list=0x000002551b36eb90, length=21, elements={
0x00000255774de6d0, 0x0000025515c7bd90, 0x0000025515c7c9b0, 0x0000025515c7f920,
0x0000025515c808a0, 0x0000025515c85580, 0x0000025515c87d60, 0x0000025515c96b10,
0x0000025515c99d60, 0x0000025515c9b0a0, 0x000002551a0f41f0, 0x000002551a0fb1d0,
0x000002551a72da20, 0x000002551a729010, 0x000002551b0a6110, 0x000002551abfc290,
0x000002551b06e9c0, 0x000002551b06fc00, 0x000002551b070140, 0x000002551b17cb10,
0x000002551b17d060
}

Java Threads: ( => current thread )
  0x00000255774de6d0 JavaThread "Forwarding get on session 41d0a8a7-798c-424b-9d15-3610a646a7b4 to remote" [_thread_blocked, id=11912, stack(0x0000006863c00000,0x0000006863d00000)]
  0x0000025515c7bd90 JavaThread "Reference Handler" daemon [_thread_blocked, id=17672, stack(0x0000006864300000,0x0000006864400000)]
  0x0000025515c7c9b0 JavaThread "Finalizer" daemon [_thread_blocked, id=17256, stack(0x0000006864400000,0x0000006864500000)]
  0x0000025515c7f920 JavaThread "Signal Dispatcher" daemon [_thread_blocked, id=15432, stack(0x0000006864500000,0x0000006864600000)]
  0x0000025515c808a0 JavaThread "Attach Listener" daemon [_thread_blocked, id=8476, stack(0x0000006864600000,0x0000006864700000)]
  0x0000025515c85580 JavaThread "Service Thread" daemon [_thread_blocked, id=5060, stack(0x0000006864700000,0x0000006864800000)]
  0x0000025515c87d60 JavaThread "Monitor Deflation Thread" daemon [_thread_blocked, id=16832, stack(0x0000006864800000,0x0000006864900000)]
=>0x0000025515c96b10 JavaThread "C2 CompilerThread0" daemon [_thread_in_native, id=10816, stack(0x0000006864900000,0x0000006864a00000)]
  0x0000025515c99d60 JavaThread "C1 CompilerThread0" daemon [_thread_blocked, id=2544, stack(0x0000006864a00000,0x0000006864b00000)]
  0x0000025515c9b0a0 JavaThread "Sweeper thread" daemon [_thread_blocked, id=16544, stack(0x0000006864b00000,0x0000006864c00000)]
  0x000002551a0f41f0 JavaThread "Notification Thread" daemon [_thread_blocked, id=7576, stack(0x0000006864c00000,0x0000006864d00000)]
  0x000002551a0fb1d0 JavaThread "Common-Cleaner" daemon [_thread_blocked, id=17380, stack(0x0000006864e00000,0x0000006864f00000)]
  0x000002551a72da20 JavaThread "ForkJoinPool.commonPool-worker-1" daemon [_thread_blocked, id=12820, stack(0x0000006865000000,0x0000006865100000)]
  0x000002551a729010 JavaThread "AsyncHttpClient-1-1" daemon [_thread_blocked, id=7012, stack(0x0000006865100000,0x0000006865200000)]
  0x000002551b0a6110 JavaThread "Exec Default Executor" daemon [_thread_in_native, id=7220, stack(0x0000006865900000,0x0000006865a00000)]
  0x000002551abfc290 JavaThread "Exec Stream Pumper" daemon [_thread_in_native, id=14532, stack(0x0000006865a00000,0x0000006865b00000)]
  0x000002551b06e9c0 JavaThread "Exec Stream Pumper" daemon [_thread_in_native, id=13868, stack(0x0000006865b00000,0x0000006865c00000)]
  0x000002551b06fc00 JavaThread "Driver Service Executor" daemon [_thread_blocked, id=6444, stack(0x0000006865c00000,0x0000006865d00000)]
  0x000002551b070140 JavaThread "Driver Service Executor" daemon [_thread_blocked, id=10556, stack(0x0000006865d00000,0x0000006865e00000)]
  0x000002551b17cb10 JavaThread "AsyncHttpClient-1-2" daemon [_thread_in_native, id=17168, stack(0x0000006865f00000,0x0000006866000000)]
  0x000002551b17d060 JavaThread "AsyncHttpClient-1-3" daemon [_thread_in_native, id=18052, stack(0x0000006864f00000,0x0000006865000000)]

Other Threads:
  0x0000025515c607a0 VMThread "VM Thread" [stack: 0x0000006864200000,0x0000006864300000] [id=8676]
  0x000002551a0f7370 WatcherThread "VM Periodic Task Thread" [stack: 0x0000006864d00000,0x0000006864e00000] [id=17348]
  0x000002557753dea0 WorkerThread "GC Thread#0" [stack: 0x0000006863d00000,0x0000006863e00000] [id=11572]
  0x000002551b004e40 WorkerThread "GC Thread#1" [stack: 0x0000006865200000,0x0000006865300000] [id=6860]
  0x000002551b005110 WorkerThread "GC Thread#2" [stack: 0x0000006865300000,0x0000006865400000] [id=7112]
  0x000002551afa1a50 WorkerThread "GC Thread#3" [stack: 0x0000006865400000,0x0000006865500000] [id=3236]
  0x000002551afa3990 WorkerThread "GC Thread#4" [stack: 0x0000006865500000,0x0000006865600000] [id=13692]
  0x000002551afa1d70 WorkerThread "GC Thread#5" [stack: 0x0000006865600000,0x0000006865700000] [id=8852]
  0x000002551afa2040 WorkerThread "GC Thread#6" [stack: 0x0000006865700000,0x0000006865800000] [id=12320]
  0x000002551afa3120 WorkerThread "GC Thread#7" [stack: 0x0000006865800000,0x0000006865900000] [id=14108]
  0x000002557754e740 ConcurrentGCThread "G1 Main Marker" [stack: 0x0000006863e00000,0x0000006863f00000] [id=18156]
  0x000002557754f170 WorkerThread "G1 Conc#0" [stack: 0x0000006863f00000,0x0000006864000000] [id=17212]
  0x0000025515b17500 ConcurrentGCThread "G1 Refine#0" [stack: 0x0000006864000000,0x0000006864100000] [id=17148]
  0x000002557759e320 ConcurrentGCThread "G1 Service" [stack: 0x0000006864100000,0x0000006864200000] [id=9912]

Threads with active compile tasks:
C2 CompilerThread0     8255 1595       4       org.openqa.selenium.io.MultiOutputStream::write (24 bytes)

VM state: not at safepoint (normal execution)

VM Mutex/Monitor currently owned by a thread: None

Heap address: 0x0000000083600000, size: 1994 MB, Compressed Oops mode: 32-bit

CDS archive(s) mapped at: [0x0000000800000000-0x0000000800c40000-0x0000000800c40000), size 12845056, SharedBaseAddress: 0x0000000800000000, ArchiveRelocationMode: 0.
Compressed class space mapped at: 0x0000000801000000-0x0000000841000000, reserved size: 1073741824
Narrow klass base: 0x0000000800000000, Narrow klass shift: 0, Narrow klass range: 0x100000000

GC Precious Log:
 CardTable entry size: 512
 Card Set container configuration: InlinePtr #cards 5 size 8 Array Of Cards #cards 12 size 40 Howl #buckets 4 coarsen threshold 1843 Howl Bitmap #cards 512 size 80 coarsen threshold 460 Card regions per heap region 1 cards per card region 2048
 CPUs: 8 total, 8 available
 Memory: 7971M
 Large Page Support: Disabled
 NUMA Support: Disabled
 Compressed Oops: Enabled (32-bit)
 Heap Region Size: 1M
 Heap Min Capacity: 8M
 Heap Initial Capacity: 126M
 Heap Max Capacity: 1994M
 Pre-touch: Disabled
 Parallel Workers: 8
 Concurrent Workers: 2
 Concurrent Refinement Workers: 8
 Periodic GC: Disabled

Heap:
 garbage-first heap   total 129024K, used 30534K [0x0000000083600000, 0x0000000100000000)
  region size 1024K, 24 young (24576K), 3 survivors (3072K)
 Metaspace       used 16754K, committed 16896K, reserved 1114112K
  class space    used 1990K, committed 2048K, reserved 1048576K

Heap Regions: E=young(eden), S=young(survivor), O=old, HS=humongous(starts), HC=humongous(continues), CS=collection set, F=free, OA=open archive, CA=closed archive, TAMS=top-at-mark-start (previous, next)
|   0|0x0000000083600000, 0x0000000083700000, 0x0000000083700000|100%| O|  |TAMS 0x0000000083600000, 0x0000000083600000| Untracked 
|   1|0x0000000083700000, 0x0000000083800000, 0x0000000083800000|100%| O|  |TAMS 0x0000000083700000, 0x0000000083700000| Untracked 
|   2|0x0000000083800000, 0x00000000838d1800, 0x0000000083900000| 81%| O|  |TAMS 0x0000000083800000, 0x0000000083800000| Untracked 
|   3|0x0000000083900000, 0x0000000083a00000, 0x0000000083a00000|100%|HS|  |TAMS 0x0000000083900000, 0x0000000083900000| Complete 
|   4|0x0000000083a00000, 0x0000000083b00000, 0x0000000083b00000|100%|HC|  |TAMS 0x0000000083a00000, 0x0000000083a00000| Complete 
|   5|0x0000000083b00000, 0x0000000083c00000, 0x0000000083c00000|100%|HC|  |TAMS 0x0000000083b00000, 0x0000000083b00000| Complete 
|   6|0x0000000083c00000, 0x0000000083d00000, 0x0000000083d00000|100%|HC|  |TAMS 0x0000000083c00000, 0x0000000083c00000| Complete 
|   7|0x0000000083d00000, 0x0000000083e00000, 0x0000000083e00000|100%|HC|  |TAMS 0x0000000083d00000, 0x0000000083d00000| Complete 
|   8|0x0000000083e00000, 0x0000000083e00000, 0x0000000083f00000|  0%| F|  |TAMS 0x0000000083e00000, 0x0000000083e00000| Untracked 
|   9|0x0000000083f00000, 0x0000000083f00000, 0x0000000084000000|  0%| F|  |TAMS 0x0000000083f00000, 0x0000000083f00000| Untracked 
|  10|0x0000000084000000, 0x0000000084000000, 0x0000000084100000|  0%| F|  |TAMS 0x0000000084000000, 0x0000000084000000| Untracked 
|  11|0x0000000084100000, 0x0000000084100000, 0x0000000084200000|  0%| F|  |TAMS 0x0000000084100000, 0x0000000084100000| Untracked 
|  12|0x0000000084200000, 0x0000000084200000, 0x0000000084300000|  0%| F|  |TAMS 0x0000000084200000, 0x0000000084200000| Untracked 
|  13|0x0000000084300000, 0x0000000084300000, 0x0000000084400000|  0%| F|  |TAMS 0x0000000084300000, 0x0000000084300000| Untracked 
|  14|0x0000000084400000, 0x0000000084400000, 0x0000000084500000|  0%| F|  |TAMS 0x0000000084400000, 0x0000000084400000| Untracked 
|  15|0x0000000084500000, 0x0000000084500000, 0x0000000084600000|  0%| F|  |TAMS 0x0000000084500000, 0x0000000084500000| Untracked 
|  16|0x0000000084600000, 0x0000000084600000, 0x0000000084700000|  0%| F|  |TAMS 0x0000000084600000, 0x0000000084600000| Untracked 
|  17|0x0000000084700000, 0x0000000084700000, 0x0000000084800000|  0%| F|  |TAMS 0x0000000084700000, 0x0000000084700000| Untracked 
|  18|0x0000000084800000, 0x0000000084800000, 0x0000000084900000|  0%| F|  |TAMS 0x0000000084800000, 0x0000000084800000| Untracked 
|  19|0x0000000084900000, 0x0000000084900000, 0x0000000084a00000|  0%| F|  |TAMS 0x0000000084900000, 0x0000000084900000| Untracked 
|  20|0x0000000084a00000, 0x0000000084a00000, 0x0000000084b00000|  0%| F|  |TAMS 0x0000000084a00000, 0x0000000084a00000| Untracked 
|  21|0x0000000084b00000, 0x0000000084b00000, 0x0000000084c00000|  0%| F|  |TAMS 0x0000000084b00000, 0x0000000084b00000| Untracked 
|  22|0x0000000084c00000, 0x0000000084c00000, 0x0000000084d00000|  0%| F|  |TAMS 0x0000000084c00000, 0x0000000084c00000| Untracked 
|  23|0x0000000084d00000, 0x0000000084d00000, 0x0000000084e00000|  0%| F|  |TAMS 0x0000000084d00000, 0x0000000084d00000| Untracked 
|  24|0x0000000084e00000, 0x0000000084e00000, 0x0000000084f00000|  0%| F|  |TAMS 0x0000000084e00000, 0x0000000084e00000| Untracked 
|  25|0x0000000084f00000, 0x0000000084f00000, 0x0000000085000000|  0%| F|  |TAMS 0x0000000084f00000, 0x0000000084f00000| Untracked 
|  26|0x0000000085000000, 0x0000000085000000, 0x0000000085100000|  0%| F|  |TAMS 0x0000000085000000, 0x0000000085000000| Untracked 
|  27|0x0000000085100000, 0x0000000085100000, 0x0000000085200000|  0%| F|  |TAMS 0x0000000085100000, 0x0000000085100000| Untracked 
|  28|0x0000000085200000, 0x0000000085200000, 0x0000000085300000|  0%| F|  |TAMS 0x0000000085200000, 0x0000000085200000| Untracked 
|  29|0x0000000085300000, 0x0000000085300000, 0x0000000085400000|  0%| F|  |TAMS 0x0000000085300000, 0x0000000085300000| Untracked 
|  30|0x0000000085400000, 0x0000000085400000, 0x0000000085500000|  0%| F|  |TAMS 0x0000000085400000, 0x0000000085400000| Untracked 
|  31|0x0000000085500000, 0x0000000085500000, 0x0000000085600000|  0%| F|  |TAMS 0x0000000085500000, 0x0000000085500000| Untracked 
|  32|0x0000000085600000, 0x0000000085600000, 0x0000000085700000|  0%| F|  |TAMS 0x0000000085600000, 0x0000000085600000| Untracked 
|  33|0x0000000085700000, 0x0000000085700000, 0x0000000085800000|  0%| F|  |TAMS 0x0000000085700000, 0x0000000085700000| Untracked 
|  34|0x0000000085800000, 0x0000000085800000, 0x0000000085900000|  0%| F|  |TAMS 0x0000000085800000, 0x0000000085800000| Untracked 
|  35|0x0000000085900000, 0x0000000085900000, 0x0000000085a00000|  0%| F|  |TAMS 0x0000000085900000, 0x0000000085900000| Untracked 
|  36|0x0000000085a00000, 0x0000000085a00000, 0x0000000085b00000|  0%| F|  |TAMS 0x0000000085a00000, 0x0000000085a00000| Untracked 
|  37|0x0000000085b00000, 0x0000000085b00000, 0x0000000085c00000|  0%| F|  |TAMS 0x0000000085b00000, 0x0000000085b00000| Untracked 
|  38|0x0000000085c00000, 0x0000000085c00000, 0x0000000085d00000|  0%| F|  |TAMS 0x0000000085c00000, 0x0000000085c00000| Untracked 
|  39|0x0000000085d00000, 0x0000000085d00000, 0x0000000085e00000|  0%| F|  |TAMS 0x0000000085d00000, 0x0000000085d00000| Untracked 
|  40|0x0000000085e00000, 0x0000000085e00000, 0x0000000085f00000|  0%| F|  |TAMS 0x0000000085e00000, 0x0000000085e00000| Untracked 
|  41|0x0000000085f00000, 0x0000000085f00000, 0x0000000086000000|  0%| F|  |TAMS 0x0000000085f00000, 0x0000000085f00000| Untracked 
|  42|0x0000000086000000, 0x0000000086000000, 0x0000000086100000|  0%| F|  |TAMS 0x0000000086000000, 0x0000000086000000| Untracked 
|  43|0x0000000086100000, 0x0000000086100000, 0x0000000086200000|  0%| F|  |TAMS 0x0000000086100000, 0x0000000086100000| Untracked 
|  44|0x0000000086200000, 0x0000000086200000, 0x0000000086300000|  0%| F|  |TAMS 0x0000000086200000, 0x0000000086200000| Untracked 
|  45|0x0000000086300000, 0x0000000086300000, 0x0000000086400000|  0%| F|  |TAMS 0x0000000086300000, 0x0000000086300000| Untracked 
|  46|0x0000000086400000, 0x0000000086400000, 0x0000000086500000|  0%| F|  |TAMS 0x0000000086400000, 0x0000000086400000| Untracked 
|  47|0x0000000086500000, 0x0000000086500000, 0x0000000086600000|  0%| F|  |TAMS 0x0000000086500000, 0x0000000086500000| Untracked 
|  48|0x0000000086600000, 0x0000000086600000, 0x0000000086700000|  0%| F|  |TAMS 0x0000000086600000, 0x0000000086600000| Untracked 
|  49|0x0000000086700000, 0x0000000086700000, 0x0000000086800000|  0%| F|  |TAMS 0x0000000086700000, 0x0000000086700000| Untracked 
|  50|0x0000000086800000, 0x0000000086800000, 0x0000000086900000|  0%| F|  |TAMS 0x0000000086800000, 0x0000000086800000| Untracked 
|  51|0x0000000086900000, 0x0000000086900000, 0x0000000086a00000|  0%| F|  |TAMS 0x0000000086900000, 0x0000000086900000| Untracked 
|  52|0x0000000086a00000, 0x0000000086a00000, 0x0000000086b00000|  0%| F|  |TAMS 0x0000000086a00000, 0x0000000086a00000| Untracked 
|  53|0x0000000086b00000, 0x0000000086b00000, 0x0000000086c00000|  0%| F|  |TAMS 0x0000000086b00000, 0x0000000086b00000| Untracked 
|  54|0x0000000086c00000, 0x0000000086c00000, 0x0000000086d00000|  0%| F|  |TAMS 0x0000000086c00000, 0x0000000086c00000| Untracked 
|  55|0x0000000086d00000, 0x0000000086d00000, 0x0000000086e00000|  0%| F|  |TAMS 0x0000000086d00000, 0x0000000086d00000| Untracked 
|  56|0x0000000086e00000, 0x0000000086e00000, 0x0000000086f00000|  0%| F|  |TAMS 0x0000000086e00000, 0x0000000086e00000| Untracked 
|  57|0x0000000086f00000, 0x0000000086f00000, 0x0000000087000000|  0%| F|  |TAMS 0x0000000086f00000, 0x0000000086f00000| Untracked 
|  58|0x0000000087000000, 0x0000000087000000, 0x0000000087100000|  0%| F|  |TAMS 0x0000000087000000, 0x0000000087000000| Untracked 
|  59|0x0000000087100000, 0x0000000087100000, 0x0000000087200000|  0%| F|  |TAMS 0x0000000087100000, 0x0000000087100000| Untracked 
|  60|0x0000000087200000, 0x0000000087200000, 0x0000000087300000|  0%| F|  |TAMS 0x0000000087200000, 0x0000000087200000| Untracked 
|  61|0x0000000087300000, 0x0000000087300000, 0x0000000087400000|  0%| F|  |TAMS 0x0000000087300000, 0x0000000087300000| Untracked 
|  62|0x0000000087400000, 0x0000000087400000, 0x0000000087500000|  0%| F|  |TAMS 0x0000000087400000, 0x0000000087400000| Untracked 
|  63|0x0000000087500000, 0x0000000087500000, 0x0000000087600000|  0%| F|  |TAMS 0x0000000087500000, 0x0000000087500000| Untracked 
|  64|0x0000000087600000, 0x0000000087600000, 0x0000000087700000|  0%| F|  |TAMS 0x0000000087600000, 0x0000000087600000| Untracked 
|  65|0x0000000087700000, 0x0000000087700000, 0x0000000087800000|  0%| F|  |TAMS 0x0000000087700000, 0x0000000087700000| Untracked 
|  66|0x0000000087800000, 0x0000000087800000, 0x0000000087900000|  0%| F|  |TAMS 0x0000000087800000, 0x0000000087800000| Untracked 
|  67|0x0000000087900000, 0x0000000087900000, 0x0000000087a00000|  0%| F|  |TAMS 0x0000000087900000, 0x0000000087900000| Untracked 
|  68|0x0000000087a00000, 0x0000000087a00000, 0x0000000087b00000|  0%| F|  |TAMS 0x0000000087a00000, 0x0000000087a00000| Untracked 
|  69|0x0000000087b00000, 0x0000000087b00000, 0x0000000087c00000|  0%| F|  |TAMS 0x0000000087b00000, 0x0000000087b00000| Untracked 
|  70|0x0000000087c00000, 0x0000000087c00000, 0x0000000087d00000|  0%| F|  |TAMS 0x0000000087c00000, 0x0000000087c00000| Untracked 
|  71|0x0000000087d00000, 0x0000000087d00000, 0x0000000087e00000|  0%| F|  |TAMS 0x0000000087d00000, 0x0000000087d00000| Untracked 
|  72|0x0000000087e00000, 0x0000000087e00000, 0x0000000087f00000|  0%| F|  |TAMS 0x0000000087e00000, 0x0000000087e00000| Untracked 
|  73|0x0000000087f00000, 0x0000000087f00000, 0x0000000088000000|  0%| F|  |TAMS 0x0000000087f00000, 0x0000000087f00000| Untracked 
|  74|0x0000000088000000, 0x0000000088000000, 0x0000000088100000|  0%| F|  |TAMS 0x0000000088000000, 0x0000000088000000| Untracked 
|  75|0x0000000088100000, 0x0000000088100000, 0x0000000088200000|  0%| F|  |TAMS 0x0000000088100000, 0x0000000088100000| Untracked 
|  76|0x0000000088200000, 0x0000000088200000, 0x0000000088300000|  0%| F|  |TAMS 0x0000000088200000, 0x0000000088200000| Untracked 
|  77|0x0000000088300000, 0x0000000088300000, 0x0000000088400000|  0%| F|  |TAMS 0x0000000088300000, 0x0000000088300000| Untracked 
|  78|0x0000000088400000, 0x0000000088400000, 0x0000000088500000|  0%| F|  |TAMS 0x0000000088400000, 0x0000000088400000| Untracked 
|  79|0x0000000088500000, 0x0000000088500000, 0x0000000088600000|  0%| F|  |TAMS 0x0000000088500000, 0x0000000088500000| Untracked 
|  80|0x0000000088600000, 0x0000000088600000, 0x0000000088700000|  0%| F|  |TAMS 0x0000000088600000, 0x0000000088600000| Untracked 
|  81|0x0000000088700000, 0x0000000088700000, 0x0000000088800000|  0%| F|  |TAMS 0x0000000088700000, 0x0000000088700000| Untracked 
|  82|0x0000000088800000, 0x0000000088800000, 0x0000000088900000|  0%| F|  |TAMS 0x0000000088800000, 0x0000000088800000| Untracked 
|  83|0x0000000088900000, 0x0000000088900000, 0x0000000088a00000|  0%| F|  |TAMS 0x0000000088900000, 0x0000000088900000| Untracked 
|  84|0x0000000088a00000, 0x0000000088a00000, 0x0000000088b00000|  0%| F|  |TAMS 0x0000000088a00000, 0x0000000088a00000| Untracked 
|  85|0x0000000088b00000, 0x0000000088b00000, 0x0000000088c00000|  0%| F|  |TAMS 0x0000000088b00000, 0x0000000088b00000| Untracked 
|  86|0x0000000088c00000, 0x0000000088c00000, 0x0000000088d00000|  0%| F|  |TAMS 0x0000000088c00000, 0x0000000088c00000| Untracked 
|  87|0x0000000088d00000, 0x0000000088d00000, 0x0000000088e00000|  0%| F|  |TAMS 0x0000000088d00000, 0x0000000088d00000| Untracked 
|  88|0x0000000088e00000, 0x0000000088e00000, 0x0000000088f00000|  0%| F|  |TAMS 0x0000000088e00000, 0x0000000088e00000| Untracked 
|  89|0x0000000088f00000, 0x0000000088f00000, 0x0000000089000000|  0%| F|  |TAMS 0x0000000088f00000, 0x0000000088f00000| Untracked 
|  90|0x0000000089000000, 0x0000000089000000, 0x0000000089100000|  0%| F|  |TAMS 0x0000000089000000, 0x0000000089000000| Untracked 
|  91|0x0000000089100000, 0x0000000089100000, 0x0000000089200000|  0%| F|  |TAMS 0x0000000089100000, 0x0000000089100000| Untracked 
|  92|0x0000000089200000, 0x0000000089200000, 0x0000000089300000|  0%| F|  |TAMS 0x0000000089200000, 0x0000000089200000| Untracked 
|  93|0x0000000089300000, 0x0000000089300000, 0x0000000089400000|  0%| F|  |TAMS 0x0000000089300000, 0x0000000089300000| Untracked 
|  94|0x0000000089400000, 0x0000000089400000, 0x0000000089500000|  0%| F|  |TAMS 0x0000000089400000, 0x0000000089400000| Untracked 
|  95|0x0000000089500000, 0x0000000089500000, 0x0000000089600000|  0%| F|  |TAMS 0x0000000089500000, 0x0000000089500000| Untracked 
|  96|0x0000000089600000, 0x0000000089600000, 0x0000000089700000|  0%| F|  |TAMS 0x0000000089600000, 0x0000000089600000| Untracked 
|  97|0x0000000089700000, 0x0000000089700000, 0x0000000089800000|  0%| F|  |TAMS 0x0000000089700000, 0x0000000089700000| Untracked 
|  98|0x0000000089800000, 0x0000000089800000, 0x0000000089900000|  0%| F|  |TAMS 0x0000000089800000, 0x0000000089800000| Untracked 
|  99|0x0000000089900000, 0x0000000089900000, 0x0000000089a00000|  0%| F|  |TAMS 0x0000000089900000, 0x0000000089900000| Untracked 
| 100|0x0000000089a00000, 0x0000000089b00000, 0x0000000089b00000|100%| S|CS|TAMS 0x0000000089a00000, 0x0000000089a00000| Complete 
| 101|0x0000000089b00000, 0x0000000089c00000, 0x0000000089c00000|100%| S|CS|TAMS 0x0000000089b00000, 0x0000000089b00000| Complete 
| 102|0x0000000089c00000, 0x0000000089d00000, 0x0000000089d00000|100%| S|CS|TAMS 0x0000000089c00000, 0x0000000089c00000| Complete 
| 103|0x0000000089d00000, 0x0000000089d00000, 0x0000000089e00000|  0%| F|  |TAMS 0x0000000089d00000, 0x0000000089d00000| Untracked 
| 104|0x0000000089e00000, 0x0000000089e00000, 0x0000000089f00000|  0%| F|  |TAMS 0x0000000089e00000, 0x0000000089e00000| Untracked 
| 105|0x0000000089f00000, 0x000000008a000000, 0x000000008a000000|100%| E|  |TAMS 0x0000000089f00000, 0x0000000089f00000| Complete 
| 106|0x000000008a000000, 0x000000008a100000, 0x000000008a100000|100%| E|CS|TAMS 0x000000008a000000, 0x000000008a000000| Complete 
| 107|0x000000008a100000, 0x000000008a200000, 0x000000008a200000|100%| E|CS|TAMS 0x000000008a100000, 0x000000008a100000| Complete 
| 108|0x000000008a200000, 0x000000008a300000, 0x000000008a300000|100%| E|CS|TAMS 0x000000008a200000, 0x000000008a200000| Complete 
| 109|0x000000008a300000, 0x000000008a400000, 0x000000008a400000|100%| E|CS|TAMS 0x000000008a300000, 0x000000008a300000| Complete 
| 110|0x000000008a400000, 0x000000008a500000, 0x000000008a500000|100%| E|CS|TAMS 0x000000008a400000, 0x000000008a400000| Complete 
| 111|0x000000008a500000, 0x000000008a600000, 0x000000008a600000|100%| E|  |TAMS 0x000000008a500000, 0x000000008a500000| Complete 
| 112|0x000000008a600000, 0x000000008a700000, 0x000000008a700000|100%| E|CS|TAMS 0x000000008a600000, 0x000000008a600000| Complete 
| 113|0x000000008a700000, 0x000000008a800000, 0x000000008a800000|100%| E|CS|TAMS 0x000000008a700000, 0x000000008a700000| Complete 
| 114|0x000000008a800000, 0x000000008a900000, 0x000000008a900000|100%| E|CS|TAMS 0x000000008a800000, 0x000000008a800000| Complete 
| 115|0x000000008a900000, 0x000000008aa00000, 0x000000008aa00000|100%| E|CS|TAMS 0x000000008a900000, 0x000000008a900000| Complete 
| 116|0x000000008aa00000, 0x000000008ab00000, 0x000000008ab00000|100%| E|CS|TAMS 0x000000008aa00000, 0x000000008aa00000| Complete 
| 117|0x000000008ab00000, 0x000000008ac00000, 0x000000008ac00000|100%| E|CS|TAMS 0x000000008ab00000, 0x000000008ab00000| Complete 
| 118|0x000000008ac00000, 0x000000008ad00000, 0x000000008ad00000|100%| E|CS|TAMS 0x000000008ac00000, 0x000000008ac00000| Complete 
| 119|0x000000008ad00000, 0x000000008ae00000, 0x000000008ae00000|100%| E|CS|TAMS 0x000000008ad00000, 0x000000008ad00000| Complete 
| 120|0x000000008ae00000, 0x000000008af00000, 0x000000008af00000|100%| E|CS|TAMS 0x000000008ae00000, 0x000000008ae00000| Complete 
| 121|0x000000008af00000, 0x000000008b000000, 0x000000008b000000|100%| E|CS|TAMS 0x000000008af00000, 0x000000008af00000| Complete 
| 122|0x000000008b000000, 0x000000008b100000, 0x000000008b100000|100%| E|CS|TAMS 0x000000008b000000, 0x000000008b000000| Complete 
| 123|0x000000008b100000, 0x000000008b200000, 0x000000008b200000|100%| E|CS|TAMS 0x000000008b100000, 0x000000008b100000| Complete 
| 124|0x000000008b200000, 0x000000008b300000, 0x000000008b300000|100%| E|CS|TAMS 0x000000008b200000, 0x000000008b200000| Complete 
| 125|0x000000008b300000, 0x000000008b400000, 0x000000008b400000|100%| E|CS|TAMS 0x000000008b300000, 0x000000008b300000| Complete 

Card table byte_map: [0x000002557fb60000,0x000002557ff50000] _byte_map_base: 0x000002557f745000

Marking Bits (Prev, Next): (CMBitMap*) 0x000002557753e4d0, (CMBitMap*) 0x000002557753e510
 Prev Bits: [0x000002550f3f0000, 0x0000025511318000)
 Next Bits: [0x0000025511320000, 0x0000025513248000)

Polling page: 0x0000025576ca0000

Metaspace:

Usage:
  Non-class:     14.42 MB used.
      Class:      1.94 MB used.
       Both:     16.36 MB used.

Virtual space:
  Non-class space:       64.00 MB reserved,      14.50 MB ( 23%) committed,  1 nodes.
      Class space:        1.00 GB reserved,       2.00 MB ( <1%) committed,  1 nodes.
             Both:        1.06 GB reserved,      16.50 MB (  2%) committed. 

Chunk freelists:
   Non-Class:  848.00 KB
       Class:  1.89 MB
        Both:  2.72 MB

MaxMetaspaceSize: unlimited
CompressedClassSpaceSize: 1.00 GB
Initial GC threshold: 21.00 MB
Current GC threshold: 21.00 MB
CDS: on
MetaspaceReclaimPolicy: balanced
 - commit_granule_bytes: 65536.
 - commit_granule_words: 8192.
 - virtual_space_node_default_size: 8388608.
 - enlarge_chunks_in_place: 1.
 - new_chunks_are_fully_committed: 0.
 - uncommit_free_chunks: 1.
 - use_allocation_guard: 0.


Internal statistics:

num_allocs_failed_limit: 0.
num_arena_births: 106.
num_arena_deaths: 0.
num_vsnodes_births: 2.
num_vsnodes_deaths: 0.
num_space_committed: 264.
num_space_uncommitted: 0.
num_chunks_returned_to_freelist: 0.
num_chunks_taken_from_freelist: 492.
num_chunk_merges: 0.
num_chunk_splits: 352.
num_chunks_enlarged: 302.
num_inconsistent_stats: 0.

CodeHeap 'non-profiled nmethods': size=120000Kb used=531Kb max_used=531Kb free=119468Kb
 bounds [0x0000025507ad0000, 0x0000025507d40000, 0x000002550f000000]
CodeHeap 'profiled nmethods': size=120000Kb used=2972Kb max_used=2972Kb free=117027Kb
 bounds [0x0000025500000000, 0x00000255002f0000, 0x0000025507530000]
CodeHeap 'non-nmethods': size=5760Kb used=1353Kb max_used=1368Kb free=4407Kb
 bounds [0x0000025507530000, 0x00000255077a0000, 0x0000025507ad0000]
 total_blobs=2160 nmethods=1593 adapters=478
 compilation: enabled
              stopped_count=0, restarted_count=0
 full_count=0

Compilation events (20 events):
Event: 7.680 Thread 0x0000025515c99d60 nmethod 1583 0x00000255002e4410 code [0x00000255002e45c0, 0x00000255002e47c8]
Event: 7.682 Thread 0x0000025515c96b10 1584       4       java.util.concurrent.locks.ReentrantLock$Sync::tryRelease (51 bytes)
Event: 7.685 Thread 0x0000025515c96b10 nmethod 1584 0x0000025507b53710 code [0x0000025507b538a0, 0x0000025507b539b8]
Event: 7.685 Thread 0x0000025515c96b10 1585       4       java.util.concurrent.locks.ReentrantLock$NonfairSync::initialTryLock (58 bytes)
Event: 7.687 Thread 0x0000025515c96b10 nmethod 1585 0x0000025507b53a90 code [0x0000025507b53c20, 0x0000025507b53db8]
Event: 7.687 Thread 0x0000025515c96b10 1586       4       java.util.concurrent.locks.AbstractQueuedSynchronizer::signalNext (34 bytes)
Event: 7.688 Thread 0x0000025515c96b10 nmethod 1586 0x0000025507b53e90 code [0x0000025507b54020, 0x0000025507b540f8]
Event: 7.701 Thread 0x0000025515c99d60 1587       3       java.io.BufferedInputStream::read1 (108 bytes)
Event: 7.701 Thread 0x0000025515c99d60 nmethod 1587 0x00000255002e4890 code [0x00000255002e4ae0, 0x00000255002e53f8]
Event: 7.701 Thread 0x0000025515c99d60 1589       3       java.io.BufferedInputStream::getInIfOpen (21 bytes)
Event: 7.702 Thread 0x0000025515c99d60 nmethod 1589 0x00000255002e5690 code [0x00000255002e5840, 0x00000255002e5a48]
Event: 7.702 Thread 0x0000025515c99d60 1590   !   3       java.io.FileInputStream::read (32 bytes)
Event: 7.702 Thread 0x0000025515c99d60 nmethod 1590 0x00000255002e5b10 code [0x00000255002e5ce0, 0x00000255002e5ef8]
Event: 7.816 Thread 0x0000025515c99d60 1591   !   3       java.lang.Thread::sleep (103 bytes)
Event: 7.818 Thread 0x0000025515c99d60 nmethod 1591 0x00000255002e6090 code [0x00000255002e62a0, 0x00000255002e6918]
Event: 7.818 Thread 0x0000025515c99d60 1592       3       jdk.internal.event.ThreadSleepEvent::isTurnedOn (7 bytes)
Event: 7.818 Thread 0x0000025515c99d60 nmethod 1592 0x00000255002e6b10 code [0x00000255002e6cc0, 0x00000255002e6e18]
Event: 8.198 Thread 0x0000025515c96b10 1594       4       java.io.BufferedOutputStream::growIfNeeded (59 bytes)
Event: 8.202 Thread 0x0000025515c96b10 nmethod 1594 0x0000025507b54a10 code [0x0000025507b54ba0, 0x0000025507b54d68]
Event: 8.202 Thread 0x0000025515c96b10 1595       4       org.openqa.selenium.io.MultiOutputStream::write (24 bytes)

GC Heap History (2 events):
Event: 0.892 GC heap before
{Heap before GC invocations=0 (full 0):
 garbage-first heap   total 129024K, used 22528K [0x0000000083600000, 0x0000000100000000)
  region size 1024K, 23 young (23552K), 0 survivors (0K)
 Metaspace       used 9809K, committed 9984K, reserved 1114112K
  class space    used 1064K, committed 1152K, reserved 1048576K
}
Event: 0.897 GC heap after
{Heap after GC invocations=1 (full 0):
 garbage-first heap   total 129024K, used 5958K [0x0000000083600000, 0x0000000100000000)
  region size 1024K, 3 young (3072K), 3 survivors (3072K)
 Metaspace       used 9809K, committed 9984K, reserved 1114112K
  class space    used 1064K, committed 1152K, reserved 1048576K
}

Dll operation events (11 events):
Event: 0.007 Loaded shared library C:\Program Files\Java\jdk-19\bin\java.dll
Event: 0.016 Loaded shared library C:\Program Files\Java\jdk-19\bin\jsvml.dll
Event: 0.058 Loaded shared library C:\Program Files\Java\jdk-19\bin\net.dll
Event: 0.060 Loaded shared library C:\Program Files\Java\jdk-19\bin\nio.dll
Event: 0.064 Loaded shared library C:\Program Files\Java\jdk-19\bin\zip.dll
Event: 0.136 Loaded shared library C:\Program Files\Java\jdk-19\bin\jimage.dll
Event: 0.163 Loaded shared library C:\Program Files\Java\jdk-19\bin\extnet.dll
Event: 0.735 Loaded shared library C:\Program Files\Java\jdk-19\bin\management.dll
Event: 0.737 Loaded shared library C:\Program Files\Java\jdk-19\bin\management_ext.dll
Event: 0.773 Loaded shared library C:\Program Files\Java\jdk-19\bin\sunmscapi.dll
Event: 0.992 Loaded shared library C:\Program Files\Java\jdk-19\bin\verify.dll

Deoptimization events (20 events):
Event: 3.594 Thread 0x000002551b17cb10 DEOPT PACKING pc=0x0000025507b4c534 sp=0x0000006865ffd310
Event: 3.595 Thread 0x000002551b17cb10 DEOPT UNPACKING pc=0x000002550759a5a3 sp=0x0000006865ffd298 mode 2
Event: 3.595 Thread 0x000002551b17cb10 Uncommon trap: trap_request=0xffffffde fr.pc=0x0000025507b4c534 relative=0x0000000000000114
Event: 3.595 Thread 0x000002551b17cb10 Uncommon trap: reason=class_check action=maybe_recompile pc=0x0000025507b4c534 method=jdk.internal.misc.Unsafe.allocateUninitializedArray(Ljava/lang/Class;I)Ljava/lang/Object; @ 51 c2
Event: 3.595 Thread 0x000002551b17cb10 DEOPT PACKING pc=0x0000025507b4c534 sp=0x0000006865ffcd30
Event: 3.595 Thread 0x000002551b17cb10 DEOPT UNPACKING pc=0x000002550759a5a3 sp=0x0000006865ffccb8 mode 2
Event: 3.595 Thread 0x000002551b17cb10 Uncommon trap: trap_request=0xffffffde fr.pc=0x0000025507b4c534 relative=0x0000000000000114
Event: 3.595 Thread 0x000002551b17cb10 Uncommon trap: reason=class_check action=maybe_recompile pc=0x0000025507b4c534 method=jdk.internal.misc.Unsafe.allocateUninitializedArray(Ljava/lang/Class;I)Ljava/lang/Object; @ 51 c2
Event: 3.595 Thread 0x000002551b17cb10 DEOPT PACKING pc=0x0000025507b4c534 sp=0x0000006865ffcf10
Event: 3.595 Thread 0x000002551b17cb10 DEOPT UNPACKING pc=0x000002550759a5a3 sp=0x0000006865ffce98 mode 2
Event: 3.599 Thread 0x000002551b17cb10 DEOPT PACKING pc=0x000002550021a802 sp=0x0000006865ffc060
Event: 3.599 Thread 0x000002551b17cb10 DEOPT UNPACKING pc=0x000002550759b0e3 sp=0x0000006865ffb570 mode 0
Event: 3.654 Thread 0x00000255774de6d0 Uncommon trap: trap_request=0xffffffde fr.pc=0x0000025507b23218 relative=0x0000000000000878
Event: 3.654 Thread 0x00000255774de6d0 Uncommon trap: reason=class_check action=maybe_recompile pc=0x0000025507b23218 method=java.util.HashMap.putVal(ILjava/lang/Object;Ljava/lang/Object;ZZ)Ljava/lang/Object; @ 253 c2
Event: 3.654 Thread 0x00000255774de6d0 DEOPT PACKING pc=0x0000025507b23218 sp=0x0000006863cfe2b0
Event: 3.654 Thread 0x00000255774de6d0 DEOPT UNPACKING pc=0x000002550759a5a3 sp=0x0000006863cfe1e8 mode 2
Event: 3.664 Thread 0x00000255774de6d0 Uncommon trap: trap_request=0xffffff45 fr.pc=0x0000025507b1e280 relative=0x0000000000000ce0
Event: 3.664 Thread 0x00000255774de6d0 Uncommon trap: reason=unstable_if action=reinterpret pc=0x0000025507b1e280 method=java.util.concurrent.ConcurrentHashMap.putVal(Ljava/lang/Object;Ljava/lang/Object;Z)Ljava/lang/Object; @ 231 c2
Event: 3.664 Thread 0x00000255774de6d0 DEOPT PACKING pc=0x0000025507b1e280 sp=0x0000006863cfea20
Event: 3.664 Thread 0x00000255774de6d0 DEOPT UNPACKING pc=0x000002550759a5a3 sp=0x0000006863cfe980 mode 2

Classes loaded (20 events):
Event: 3.691 Loading class java/util/Comparators$NaturalOrderComparator
Event: 3.692 Loading class java/util/Comparators$NaturalOrderComparator done
Event: 3.692 Loading class java/util/stream/ReferencePipeline$4
Event: 3.692 Loading class java/util/stream/ReferencePipeline$4 done
Event: 3.692 Loading class java/util/function/IntBinaryOperator
Event: 3.693 Loading class java/util/function/IntBinaryOperator done
Event: 3.693 Loading class java/util/stream/ReduceOps$6
Event: 3.693 Loading class java/util/stream/ReduceOps$6 done
Event: 3.693 Loading class java/util/stream/ReduceOps$5ReducingSink
Event: 3.693 Loading class java/util/stream/ReduceOps$5ReducingSink done
Event: 3.693 Loading class java/util/stream/ReferencePipeline$4$1
Event: 3.693 Loading class java/util/stream/ReferencePipeline$4$1 done
Event: 3.693 Loading class java/util/stream/SortedOps$SizedRefSortingSink
Event: 3.694 Loading class java/util/stream/SortedOps$AbstractRefSortingSink
Event: 3.694 Loading class java/util/stream/SortedOps$AbstractRefSortingSink done
Event: 3.694 Loading class java/util/stream/SortedOps$SizedRefSortingSink done
Event: 4.157 Loading class java/util/concurrent/ConcurrentLinkedDeque$Itr
Event: 4.158 Loading class java/util/concurrent/ConcurrentLinkedDeque$AbstractItr
Event: 4.158 Loading class java/util/concurrent/ConcurrentLinkedDeque$AbstractItr done
Event: 4.158 Loading class java/util/concurrent/ConcurrentLinkedDeque$Itr done

Classes unloaded (0 events):
No events

Classes redefined (0 events):
No events

Internal exceptions (20 events):
Event: 0.797 Thread 0x00000255774de6d0 Exception <a 'sun/nio/fs/WindowsException'{0x000000008a3abad0}> (0x000000008a3abad0) 
thrown [s\open\src\hotspot\share\prims\jni.cpp, line 517]
Event: 0.976 Thread 0x00000255774de6d0 Exception <a 'java/lang/NoSuchMethodError'{0x000000008af48040}: 'java.lang.Object java.lang.invoke.DirectMethodHandle$Holder.invokeSpecialIFC(java.lang.Object, java.lang.Object, java.lang.Object, java.lang.Object)'> (0x000000008af48040) 
thrown [s\open\src\hotspot\share\interpreter\linkResolver.cpp, line 774]
Event: 0.987 Thread 0x00000255774de6d0 Exception <a 'java/lang/NoSuchMethodError'{0x000000008ae2ff58}: 'java.lang.Object java.lang.invoke.DirectMethodHandle$Holder.invokeInterface(java.lang.Object, java.lang.Object, java.lang.Object)'> (0x000000008ae2ff58) 
thrown [s\open\src\hotspot\share\interpreter\linkResolver.cpp, line 774]
Event: 0.988 Thread 0x00000255774de6d0 Exception <a 'java/lang/IncompatibleClassChangeError'{0x000000008ae33638}: Found class java.lang.Object, but interface was expected> (0x000000008ae33638) 
thrown [s\open\src\hotspot\share\interpreter\linkResolver.cpp, line 841]
Event: 0.988 Thread 0x00000255774de6d0 Exception <a 'java/lang/NoSuchMethodError'{0x000000008ae3c328}: 'int java.lang.invoke.DirectMethodHandle$Holder.invokeSpecialIFC(java.lang.Object, java.lang.Object, java.lang.Object, java.lang.Object)'> (0x000000008ae3c328) 
thrown [s\open\src\hotspot\share\interpreter\linkResolver.cpp, line 774]
Event: 1.078 Thread 0x00000255774de6d0 Exception <a 'java/lang/NoSuchMethodError'{0x000000008adb12d0}: 'int java.lang.invoke.DirectMethodHandle$Holder.invokeVirtual(java.lang.Object, java.lang.Object)'> (0x000000008adb12d0) 
thrown [s\open\src\hotspot\share\interpreter\linkResolver.cpp, line 774]
Event: 1.079 Thread 0x00000255774de6d0 Exception <a 'java/lang/NoSuchMethodError'{0x000000008adb7908}: 'double java.lang.invoke.DirectMethodHandle$Holder.invokeVirtual(java.lang.Object, java.lang.Object)'> (0x000000008adb7908) 
thrown [s\open\src\hotspot\share\interpreter\linkResolver.cpp, line 774]
Event: 1.080 Thread 0x00000255774de6d0 Exception <a 'java/lang/NoSuchMethodError'{0x000000008adbe198}: 'float java.lang.invoke.DirectMethodHandle$Holder.invokeVirtual(java.lang.Object, java.lang.Object)'> (0x000000008adbe198) 
thrown [s\open\src\hotspot\share\interpreter\linkResolver.cpp, line 774]
Event: 1.080 Thread 0x00000255774de6d0 Exception <a 'java/lang/NoSuchMethodError'{0x000000008adc74e8}: 'long java.lang.invoke.DirectMethodHandle$Holder.invokeVirtual(java.lang.Object, java.lang.Object)'> (0x000000008adc74e8) 
thrown [s\open\src\hotspot\share\interpreter\linkResolver.cpp, line 774]
Event: 1.083 Thread 0x00000255774de6d0 Exception <a 'java/lang/NoSuchMethodError'{0x000000008adf9ae0}: 'java.lang.Object java.lang.invoke.DirectMethodHandle$Holder.invokeVirtual(java.lang.Object, java.lang.Object, java.lang.Object)'> (0x000000008adf9ae0) 
thrown [s\open\src\hotspot\share\interpreter\linkResolver.cpp, line 774]
Event: 1.102 Thread 0x00000255774de6d0 Exception <a 'java/lang/NoSuchMethodError'{0x000000008ab0d088}: 'void java.lang.invoke.DirectMethodHandle$Holder.invokeSpecial(java.lang.Object, java.lang.Object, java.lang.Object, java.lang.Object, java.lang.Object)'> (0x000000008ab0d088) 
thrown [s\open\src\hotspot\share\interpreter\linkResolver.cpp, line 774]
Event: 1.103 Thread 0x00000255774de6d0 Exception <a 'java/lang/NoSuchMethodError'{0x000000008ab13fe0}: 'void java.lang.invoke.DirectMethodHandle$Holder.invokeStatic(java.lang.Object, java.lang.Object, int)'> (0x000000008ab13fe0) 
thrown [s\open\src\hotspot\share\interpreter\linkResolver.cpp, line 774]
Event: 1.111 Thread 0x00000255774de6d0 Exception <a 'java/lang/NoSuchMethodError'{0x000000008ab9eb70}: 'java.lang.Object java.lang.invoke.DirectMethodHandle$Holder.newInvokeSpecial(java.lang.Object, java.lang.Object, java.lang.Object, java.lang.Object, java.lang.Object)'> (0x000000008ab9eb70) 
thrown [s\open\src\hotspot\share\interpreter\linkResolver.cpp, line 774]
Event: 1.128 Thread 0x00000255774de6d0 Exception <a 'java/lang/NoSuchMethodError'{0x000000008aafa680}: 'int java.lang.invoke.DirectMethodHandle$Holder.invokeSpecialIFC(java.lang.Object, java.lang.Object, java.lang.Object)'> (0x000000008aafa680) 
thrown [s\open\src\hotspot\share\interpreter\linkResolver.cpp, line 774]
Event: 1.136 Thread 0x00000255774de6d0 Exception <a 'java/lang/NoSuchMethodError'{0x000000008a971900}: 'void java.lang.invoke.DirectMethodHandle$Holder.invokeInterface(java.lang.Object, java.lang.Object, java.lang.Object)'> (0x000000008a971900) 
thrown [s\open\src\hotspot\share\interpreter\linkResolver.cpp, line 774]
Event: 1.139 Thread 0x00000255774de6d0 Exception <a 'java/lang/NoSuchMethodError'{0x000000008a98edb8}: 'java.lang.Object java.lang.invoke.Invokers$Holder.invokeExact_MT(java.lang.Object, java.lang.Object, java.lang.Object, java.lang.Object, java.lang.Object, java.lang.Object)'> (0x000000008a98edb8) 
thrown [s\open\src\hotspot\share\interpreter\linkResolver.cpp, line 774]
Event: 1.147 Thread 0x00000255774de6d0 Exception <a 'java/lang/NoSuchMethodError'{0x000000008a8268b0}: 'void java.lang.invoke.DirectMethodHandle$Holder.invokeStatic(java.lang.Object, java.lang.Object, java.lang.Object, java.lang.Object)'> (0x000000008a8268b0) 
thrown [s\open\src\hotspot\share\interpreter\linkResolver.cpp, line 774]
Event: 1.171 Thread 0x00000255774de6d0 Exception <a 'java/lang/NoSuchMethodError'{0x000000008a620688}: 'long java.lang.invoke.DirectMethodHandle$Holder.invokeInterface(java.lang.Object, java.lang.Object)'> (0x000000008a620688) 
thrown [s\open\src\hotspot\share\interpreter\linkResolver.cpp, line 774]
Event: 1.172 Thread 0x00000255774de6d0 Exception <a 'java/lang/NoSuchMethodError'{0x000000008a625578}: 'long java.lang.invoke.DelegatingMethodHandle$Holder.reinvoke_L(java.lang.Object, java.lang.Object)'> (0x000000008a625578) 
thrown [s\open\src\hotspot\share\interpreter\linkResolver.cpp, line 774]
Event: 3.649 Thread 0x00000255774de6d0 Exception <a 'java/lang/NoSuchMethodError'{0x000000008a194708}: 'java.lang.Object java.lang.invoke.DirectMethodHandle$Holder.invokeSpecialIFC(java.lang.Object, java.lang.Object, java.lang.Object)'> (0x000000008a194708) 
thrown [s\open\src\hotspot\share\interpreter\linkResolver.cpp, line 774]

VM Operations (20 events):
Event: 0.689 Executing VM operation: HandshakeAllThreads
Event: 0.689 Executing VM operation: HandshakeAllThreads done
Event: 0.703 Executing VM operation: HandshakeAllThreads
Event: 0.703 Executing VM operation: HandshakeAllThreads done
Event: 0.710 Executing VM operation: HandshakeAllThreads
Event: 0.710 Executing VM operation: HandshakeAllThreads done
Event: 0.782 Executing VM operation: HandshakeAllThreads
Event: 0.782 Executing VM operation: HandshakeAllThreads done
Event: 0.876 Executing VM operation: ICBufferFull
Event: 0.876 Executing VM operation: ICBufferFull done
Event: 0.892 Executing VM operation: G1CollectForAllocation
Event: 0.897 Executing VM operation: G1CollectForAllocation done
Event: 0.996 Executing VM operation: HandshakeAllThreads
Event: 0.996 Executing VM operation: HandshakeAllThreads done
Event: 1.997 Executing VM operation: Cleanup
Event: 1.997 Executing VM operation: Cleanup done
Event: 4.017 Executing VM operation: Cleanup
Event: 4.017 Executing VM operation: Cleanup done
Event: 8.051 Executing VM operation: Cleanup
Event: 8.051 Executing VM operation: Cleanup done

Events (20 events):
Event: 0.025 Thread 0x0000025515c85580 Thread added: 0x0000025515c85580
Event: 0.025 Thread 0x0000025515c87d60 Thread added: 0x0000025515c87d60
Event: 0.025 Thread 0x0000025515c96b10 Thread added: 0x0000025515c96b10
Event: 0.025 Thread 0x0000025515c99d60 Thread added: 0x0000025515c99d60
Event: 0.025 Thread 0x0000025515c9b0a0 Thread added: 0x0000025515c9b0a0
Event: 0.051 Thread 0x000002551a0f41f0 Thread added: 0x000002551a0f41f0
Event: 0.054 Thread 0x000002551a0fb1d0 Thread added: 0x000002551a0fb1d0
Event: 0.087 Thread 0x0000025515c97c00 Thread added: 0x0000025515c97c00
Event: 0.388 Thread 0x0000025515c97c00 Thread exited: 0x0000025515c97c00
Event: 0.621 Thread 0x0000025515c97670 Thread added: 0x0000025515c97670
Event: 0.662 Thread 0x000002551a72da20 Thread added: 0x000002551a72da20
Event: 0.754 Thread 0x000002551a729010 Thread added: 0x000002551a729010
Event: 0.996 Thread 0x000002551b0a6110 Thread added: 0x000002551b0a6110
Event: 1.001 Thread 0x000002551abfc290 Thread added: 0x000002551abfc290
Event: 1.001 Thread 0x000002551b06e9c0 Thread added: 0x000002551b06e9c0
Event: 1.061 Thread 0x000002551b06fc00 Thread added: 0x000002551b06fc00
Event: 1.062 Thread 0x000002551b070140 Thread added: 0x000002551b070140
Event: 1.207 Thread 0x000002551b17cb10 Thread added: 0x000002551b17cb10
Event: 1.410 Thread 0x0000025515c97670 Thread exited: 0x0000025515c97670
Event: 3.682 Thread 0x000002551b17d060 Thread added: 0x000002551b17d060


Dynamic libraries:
0x00007ff63fc60000 - 0x00007ff63fc70000 	C:\Program Files\Java\jdk-19\bin\javaw.exe
0x00007ff830e30000 - 0x00007ff831044000 	C:\WINDOWS\SYSTEM32\ntdll.dll
0x00007ff82f000000 - 0x00007ff82f0c2000 	C:\WINDOWS\System32\KERNEL32.DLL
0x00007ff82e3c0000 - 0x00007ff82e763000 	C:\WINDOWS\System32\KERNELBASE.dll
0x00007ff82e8d0000 - 0x00007ff82e9e1000 	C:\WINDOWS\System32\ucrtbase.dll
0x00007ff820f60000 - 0x00007ff820f78000 	C:\Program Files\Java\jdk-19\bin\jli.dll
0x00007ff820820000 - 0x00007ff82083b000 	C:\Program Files\Java\jdk-19\bin\VCRUNTIME140.dll
0x00007ff82fa70000 - 0x00007ff82fb1e000 	C:\WINDOWS\System32\ADVAPI32.dll
0x00007ff82f2c0000 - 0x00007ff82f367000 	C:\WINDOWS\System32\msvcrt.dll
0x00007ff82fd00000 - 0x00007ff82fda4000 	C:\WINDOWS\System32\sechost.dll
0x00007ff82f830000 - 0x00007ff82f947000 	C:\WINDOWS\System32\RPCRT4.dll
0x00007ff82ff40000 - 0x00007ff8300eb000 	C:\WINDOWS\System32\USER32.dll
0x00007ff8072b0000 - 0x00007ff80753e000 	C:\WINDOWS\WinSxS\amd64_microsoft.windows.common-controls_6595b64144ccf1df_6.0.22621.1635_none_270f70857386168e\COMCTL32.dll
0x00007ff82eb90000 - 0x00007ff82ebb6000 	C:\WINDOWS\System32\win32u.dll
0x00007ff82f130000 - 0x00007ff82f159000 	C:\WINDOWS\System32\GDI32.dll
0x00007ff82ea70000 - 0x00007ff82eb88000 	C:\WINDOWS\System32\gdi32full.dll
0x00007ff82e830000 - 0x00007ff82e8ca000 	C:\WINDOWS\System32\msvcp_win.dll
0x00007ff825fa0000 - 0x00007ff825faa000 	C:\WINDOWS\SYSTEM32\VERSION.dll
0x00007ff82efc0000 - 0x00007ff82eff1000 	C:\WINDOWS\System32\IMM32.DLL
0x00007ff82b510000 - 0x00007ff82b51c000 	C:\Program Files\Java\jdk-19\bin\vcruntime140_1.dll
0x00007ff80f350000 - 0x00007ff80f3de000 	C:\Program Files\Java\jdk-19\bin\msvcp140.dll
0x00007fffe34e0000 - 0x00007fffe41a0000 	C:\Program Files\Java\jdk-19\bin\server\jvm.dll
0x00007ff82b4b0000 - 0x00007ff82b4b9000 	C:\WINDOWS\SYSTEM32\WSOCK32.dll
0x00007ff81eae0000 - 0x00007ff81eb14000 	C:\WINDOWS\SYSTEM32\WINMM.dll
0x00007ff82fe60000 - 0x00007ff82fed1000 	C:\WINDOWS\System32\WS2_32.dll
0x00007ff82d2a0000 - 0x00007ff82d2b8000 	C:\WINDOWS\SYSTEM32\kernel.appcore.dll
0x00007ff82b4e0000 - 0x00007ff82b4ea000 	C:\Program Files\Java\jdk-19\bin\jimage.dll
0x00007ff82bc20000 - 0x00007ff82be4e000 	C:\WINDOWS\SYSTEM32\DBGHELP.DLL
0x00007ff8300f0000 - 0x00007ff830479000 	C:\WINDOWS\System32\combase.dll
0x00007ff830480000 - 0x00007ff830557000 	C:\WINDOWS\System32\OLEAUT32.dll
0x00007ff820ef0000 - 0x00007ff820f22000 	C:\WINDOWS\SYSTEM32\dbgcore.DLL
0x00007ff82e9f0000 - 0x00007ff82ea6b000 	C:\WINDOWS\System32\bcryptPrimitives.dll
0x00007ff817640000 - 0x00007ff817666000 	C:\Program Files\Java\jdk-19\bin\java.dll
0x00007ff805da0000 - 0x00007ff805e77000 	C:\Program Files\Java\jdk-19\bin\jsvml.dll
0x00007ff830560000 - 0x00007ff830d5a000 	C:\WINDOWS\System32\SHELL32.dll
0x00007ff82c250000 - 0x00007ff82cb1e000 	C:\WINDOWS\SYSTEM32\windows.storage.dll
0x00007ff82c110000 - 0x00007ff82c24e000 	C:\WINDOWS\SYSTEM32\wintypes.dll
0x00007ff82f160000 - 0x00007ff82f251000 	C:\WINDOWS\System32\SHCORE.dll
0x00007ff82f260000 - 0x00007ff82f2be000 	C:\WINDOWS\System32\shlwapi.dll
0x00007ff82e180000 - 0x00007ff82e1a1000 	C:\WINDOWS\SYSTEM32\profapi.dll
0x00007ff820420000 - 0x00007ff820433000 	C:\Program Files\Java\jdk-19\bin\net.dll
0x00007ff820180000 - 0x00007ff8202b7000 	C:\WINDOWS\SYSTEM32\WINHTTP.dll
0x00007ff82d710000 - 0x00007ff82d779000 	C:\WINDOWS\system32\mswsock.dll
0x00007ff817b90000 - 0x00007ff817ba6000 	C:\Program Files\Java\jdk-19\bin\nio.dll
0x00007ff8175f0000 - 0x00007ff817608000 	C:\Program Files\Java\jdk-19\bin\zip.dll
0x00007ff821040000 - 0x00007ff821048000 	C:\Program Files\Java\jdk-19\bin\extnet.dll
0x00007ff82cdb0000 - 0x00007ff82cea3000 	C:\WINDOWS\SYSTEM32\DNSAPI.dll
0x00007ff82cd80000 - 0x00007ff82cdad000 	C:\WINDOWS\SYSTEM32\IPHLPAPI.DLL
0x00007ff82f820000 - 0x00007ff82f829000 	C:\WINDOWS\System32\NSI.dll
0x00007ff81e040000 - 0x00007ff81e04a000 	C:\Windows\System32\rasadhlp.dll
0x00007ff81def0000 - 0x00007ff81df74000 	C:\WINDOWS\System32\fwpuclnt.dll
0x00007ff82d970000 - 0x00007ff82d98b000 	C:\WINDOWS\SYSTEM32\CRYPTSP.dll
0x00007ff82d210000 - 0x00007ff82d245000 	C:\WINDOWS\system32\rsaenh.dll
0x00007ff82d810000 - 0x00007ff82d838000 	C:\WINDOWS\SYSTEM32\USERENV.dll
0x00007ff82db30000 - 0x00007ff82db58000 	C:\WINDOWS\SYSTEM32\bcrypt.dll
0x00007ff82d990000 - 0x00007ff82d99c000 	C:\WINDOWS\SYSTEM32\CRYPTBASE.dll
0x00007ff81ea50000 - 0x00007ff81ea69000 	C:\WINDOWS\SYSTEM32\dhcpcsvc6.DLL
0x00007ff81ea30000 - 0x00007ff81ea4f000 	C:\WINDOWS\SYSTEM32\dhcpcsvc.DLL
0x00007ff8287d0000 - 0x00007ff828867000 	C:\WINDOWS\system32\apphelp.dll
0x00007ff820fa0000 - 0x00007ff820faa000 	C:\Program Files\Java\jdk-19\bin\management.dll
0x00007ff820990000 - 0x00007ff82099b000 	C:\Program Files\Java\jdk-19\bin\management_ext.dll
0x00007ff82fb20000 - 0x00007ff82fb28000 	C:\WINDOWS\System32\PSAPI.DLL
0x00007ff828890000 - 0x00007ff82889e000 	C:\Program Files\Java\jdk-19\bin\sunmscapi.dll
0x00007ff82e250000 - 0x00007ff82e3b7000 	C:\WINDOWS\System32\CRYPT32.dll
0x00007ff82db00000 - 0x00007ff82db2e000 	C:\WINDOWS\SYSTEM32\ncrypt.dll
0x00007ff82dac0000 - 0x00007ff82daf7000 	C:\WINDOWS\SYSTEM32\NTASN1.dll
0x00007ff8202c0000 - 0x00007ff8202c8000 	C:\WINDOWS\system32\wshunix.dll
0x00007ff82b350000 - 0x00007ff82b360000 	C:\Program Files\Java\jdk-19\bin\verify.dll

dbghelp: loaded successfully - version: 4.0.5 - missing functions: none
symbol engine: initialized successfully - sym options: 0x614 - pdb path: .;C:\Program Files\Java\jdk-19\bin;C:\WINDOWS\SYSTEM32;C:\WINDOWS\WinSxS\amd64_microsoft.windows.common-controls_6595b64144ccf1df_6.0.22621.1635_none_270f70857386168e;C:\Program Files\Java\jdk-19\bin\server

VM Arguments:
jvm_args: -Dfile.encoding=UTF-8 -XX:+ShowCodeDetailsInExceptionMessages 
java_command: com.travomint.reservationsDeal
java_class_path (initial): C:\Users\SNVA\eclipse-workspace\Automation\bin;C:\Users\SNVA\Desktop\JarFiles\async-http-client-2.12.3.jar;C:\Users\SNVA\Desktop\JarFiles\async-http-client-netty-utils-2.12.3.jar;C:\Users\SNVA\Desktop\JarFiles\auto-common-1.2.1.jar;C:\Users\SNVA\Desktop\JarFiles\auto-service-1.0.1.jar;C:\Users\SNVA\Desktop\JarFiles\auto-service-annotations-1.0.1.jar;C:\Users\SNVA\Desktop\JarFiles\byte-buddy-1.12.22.jar;C:\Users\SNVA\Desktop\JarFiles\checker-qual-3.12.0.jar;C:\Users\SNVA\Desktop\JarFiles\commons-exec-1.3.jar;C:\Users\SNVA\Desktop\JarFiles\error_prone_annotations-2.11.0.jar;C:\Users\SNVA\Desktop\JarFiles\failsafe-3.3.0.jar;C:\Users\SNVA\Desktop\JarFiles\failureaccess-1.0.1.jar;C:\Users\SNVA\Desktop\JarFiles\guava-31.1-jre.jar;C:\Users\SNVA\Desktop\JarFiles\j2objc-annotations-1.3.jar;C:\Users\SNVA\Desktop\JarFiles\jakarta.activation-1.2.2.jar;C:\Users\SNVA\Desktop\JarFiles\jcommander-1.82.jar;C:\Users\SNVA\Desktop\JarFiles\jsr305-3.0.2.jar;C:\Users\SNVA\Desktop\JarFiles\jtoml-2.0.0.jar;C:\Users\SNVA\Desktop\JarFiles\listenablefuture-9999.0-empty-to-avoid-conflict-with-guava.jar;C:\Users\SNVA\Desktop\JarFiles\netty-buffer-4.1.87.Final.jar;C:\Users\SNVA\Desktop\JarFiles\netty-codec-4.1.87.Final.jar;C:\Users\SNVA\Desktop\JarFiles\netty-codec-http-4.1.87.Final.jar;C:\Users\SNVA\Desktop\JarFiles\netty-codec-socks-4.1.87.Final.jar;C:\Users\SNVA\Desktop\JarFiles\netty-common-4.1.87.Final.jar;C:\Users\SNVA\Desktop\JarFiles\netty-handler-4.1.87.Final.jar;C:\Users\SNVA\Desktop\JarFiles\netty-handler-proxy-4.1.87.Final.jar;C:\Users\SNVA\Desktop\JarFiles\netty-reactive-streams-2.0.4.jar;C:\Users\SNVA\Desktop\JarFiles\netty-resolver-4.1.87.Final.jar;C:\Users\SNVA\Desktop\JarFiles\netty-transport-4.1.87.Final.jar;C:\Users\SNVA\Desktop\JarFiles\netty-transport-classes-epoll-4.1.87.Final.jar;C:\Users\SNVA\Desktop\JarFiles\netty-transport-classes-kqueue-4.1.87.Final.jar;C:\Users\SNVA\Desktop\JarFiles\netty-transport-native-epoll-4.1.87.Final.jar;C:\Users\SNVA\Desktop\JarFiles\netty-transport-native-kqueue-4.1.87.Final.jar;C:\Users\SNVA\Desktop\JarFiles\netty-transport-native-unix-common-4.1.87.Final.jar;C:\Users\SNVA\Desktop\JarFiles\opentelemetry-api-1.22.0.jar;C:\Users\SNVA\Desktop\JarFiles\opentelemetry-api-logs-1.22.0-alpha.jar;C:\Users\SNVA\Desktop\JarFiles\opentelemetry-context-1.22.0.jar;C:\Users\SNVA\Desktop\JarFiles\opentelemetry-exporter-logging-1.22.0.jar;C:\Users\SNVA\Desktop\JarFiles\opentelemetry-sdk-1.22.0.jar;C:\Users\SNVA\Desktop\JarFiles\opentelemetry-sdk-common-1.22.0.jar;C:\Users\SNVA\Desktop\JarFiles\opentelemetry-sdk-extension-autoconfigure-1.22.0-alpha.jar;C:\Users\SNVA\Desktop\JarFiles\opentelemetry-sdk-extension-autoconfigure-spi-1.22.0.jar;C:\Users\SNVA\Desktop\JarFiles\opentelemetry-sdk-logs-1.22.0-alpha.jar;C:\Users\SNVA\Desktop\JarFiles\opentelemetry-sdk-metrics-1.22.0.jar;C:\Users\SNVA\Desktop\JarFiles\opentelemetry-sdk-trace-1.22.0.jar;C:\Users\SNVA\Desktop\JarFiles\opentelemetry-semconv-1.22.0-alpha.jar;C:\Users\SNVA\Desktop\JarFiles\reactive-streams-1.0.4.jar;C:\Users\SNVA\Desktop\JarFiles\selenium-api-4.8.1.jar;C:\Users\SNVA\Desktop\JarFiles\selenium-api-4.8.1-sources.jar;C:\Users\SNVA\Desktop\JarFiles\selenium-chrome-driver-4.8.1.jar;C:\Users\SNVA\Desktop\JarFiles\selenium-chrome-driver-4.8.1-sources.jar;C:\Users\SNVA\Desktop\JarFiles\selenium-chromium-driver-4.8.1.jar;C:\Users\SNVA\Desktop\JarFiles\selenium-chromium-driver-4.8.1-sources.jar;C:\Users\SNVA\Desktop\JarFiles\selenium-devtools-v85-4.8.1.jar;C:\Users\SNVA\Desktop\JarFiles\selenium-devtools-v85-4.8.1-sources.jar;C:\Users\SNVA\Desktop\JarFiles\selenium-devtools-v108-4.8.1.jar;C:\Users\SNVA\Desktop\JarFiles\selenium-devtools-v108-4.8.1-sources.jar;C:\Users\SNVA\Desktop\JarFiles\selenium-devtools-v109-4.8.1.jar;C:\Users\SNVA\Desktop\JarFiles\selenium-devtools-v109-4.8.1-sources.jar;C:\Users\SNVA\Desktop\JarFiles\selenium-devtools-v110-4.8.1.jar;C:\Users\SNVA\Desktop\JarFiles\selenium-devtools-v110-4.8.1-sources.jar;C:\Users\SNVA\Desktop\JarFiles\selenium-edge-driver-4.8.1.jar;C:\Users\SNVA\Desktop\JarFiles\selenium-edge-driver-4.8.1-sources.jar;C:\Users\SNVA\Desktop\JarFiles\selenium-firefox-driver-4.8.1.jar;C:\Users\SNVA\Desktop\JarFiles\selenium-firefox-driver-4.8.1-sources.jar;C:\Users\SNVA\Desktop\JarFiles\selenium-http-4.8.1.jar;C:\Users\SNVA\Desktop\JarFiles\selenium-http-4.8.1-sources.jar;C:\Users\SNVA\Desktop\JarFiles\selenium-ie-driver-4.8.1.jar;C:\Users\SNVA\Desktop\JarFiles\selenium-ie-driver-4.8.1-sources.jar;C:\Users\SNVA\Desktop\JarFiles\selenium-java-4.8.1.jar;C:\Users\SNVA\Desktop\JarFiles\selenium-java-4.8.1-sources.jar;C:\Users\SNVA\Desktop\JarFiles\selenium-json-4.8.1.jar;C:\Users\SNVA\Desktop\JarFiles\selenium-json-4.8.1-sources.jar;C:\Users\SNVA\Desktop\JarFiles\selenium-manager-4.8.1.jar;C:\Users\SNVA\Desktop\JarFiles\selenium-manager-4.8.1-sources.jar;C:\Users\SNVA\Desktop\JarFiles\selenium-remote-driver-4.8.1.jar;C:\Users\SNVA\Desktop\JarFiles\selenium-remote-driver-4.8.1-sources.jar;C:\Users\SNVA\Desktop\JarFiles\selenium-safari-driver-4.8.1.jar;C:\Users\SNVA\Desktop\JarFiles\selenium-safari-driver-4.8.1-sources.jar;C:\Users\SNVA\Desktop\JarFiles\selenium-support-4.8.1.jar;C:\Users\SNVA\Desktop\JarFiles\selenium-support-4.8.1-sources.jar;C:\Users\SNVA\Desktop\JarFiles\slf4j-api-2.0.6.jar
Launcher Type: SUN_STANDARD

[Global flags]
     intx CICompilerCount                          = 4                                         {product} {ergonomic}
     uint ConcGCThreads                            = 2                                         {product} {ergonomic}
     uint G1ConcRefinementThreads                  = 8                                         {product} {ergonomic}
   size_t G1HeapRegionSize                         = 1048576                                   {product} {ergonomic}
    uintx GCDrainStackTargetSize                   = 64                                        {product} {ergonomic}
   size_t InitialHeapSize                          = 132120576                                 {product} {ergonomic}
   size_t MarkStackSize                            = 4194304                                   {product} {ergonomic}
   size_t MaxHeapSize                              = 2090860544                                {product} {ergonomic}
   size_t MaxNewSize                               = 1254096896                                {product} {ergonomic}
   size_t MinHeapDeltaBytes                        = 1048576                                   {product} {ergonomic}
   size_t MinHeapSize                              = 8388608                                   {product} {ergonomic}
    uintx NonNMethodCodeHeapSize                   = 5839372                                {pd product} {ergonomic}
    uintx NonProfiledCodeHeapSize                  = 122909434                              {pd product} {ergonomic}
    uintx ProfiledCodeHeapSize                     = 122909434                              {pd product} {ergonomic}
    uintx ReservedCodeCacheSize                    = 251658240                              {pd product} {ergonomic}
     bool SegmentedCodeCache                       = true                                      {product} {ergonomic}
     bool ShowCodeDetailsInExceptionMessages       = true                                   {manageable} {command line}
   size_t SoftMaxHeapSize                          = 2090860544                             {manageable} {ergonomic}
     bool UseCompressedClassPointers               = true                           {product lp64_product} {ergonomic}
     bool UseCompressedOops                        = true                           {product lp64_product} {ergonomic}
     bool UseG1GC                                  = true                                      {product} {ergonomic}
     bool UseLargePagesIndividualAllocation        = false                                  {pd product} {ergonomic}

Logging:
Log output configuration:
 #0: stdout all=warning uptime,level,tags foldmultilines=false
 #1: stderr all=off uptime,level,tags foldmultilines=false

Environment Variables:
PATH=C:\Program Files\Common Files\Oracle\Java\javapath;C:\WINDOWS\system32;C:\WINDOWS;C:\WINDOWS\System32\Wbem;C:\WINDOWS\System32\WindowsPowerShell\v1.0\;C:\WINDOWS\System32\OpenSSH\;C:\Program Files\nodejs\;C:\Users\SNVA\AppData\Local\Programs\Python\Python311\Scripts\;C:\Users\SNVA\AppData\Local\Programs\Python\Python311\;C:\Users\SNVA\AppData\Local\Microsoft\WindowsApps;C:\Users\SNVA\AppData\Roaming\npm;C:\Users\SNVA\AppData\Local\Programs\Microsoft VS Code\bin;
USERNAME=Keshav
OS=Windows_NT
PROCESSOR_IDENTIFIER=Intel64 Family 6 Model 140 Stepping 1, GenuineIntel
TMP=C:\Users\SNVA\AppData\Local\Temp
TEMP=C:\Users\SNVA\AppData\Local\Temp



---------------  S Y S T E M  ---------------

OS:
 Windows 11 , 64 bit Build 22621 (10.0.22621.1635)
OS uptime: 0 days 8:40 hours

CPU: total 8 (initial active 8) (4 cores per cpu, 2 threads per core) family 6 model 140 stepping 1 microcode 0x8a, cx8, cmov, fxsr, ht, mmx, 3dnowpref, sse, sse2, sse3, ssse3, sse4.1, sse4.2, popcnt, lzcnt, tsc, tscinvbit, avx, avx2, aes, erms, clmul, bmi1, bmi2, adx, avx512f, avx512dq, avx512cd, avx512bw, avx512vl, sha, fma, vzeroupper, avx512_vpopcntdq, avx512_vpclmulqdq, avx512_vaes, avx512_vnni, clflush, clflushopt, clwb, avx512_vbmi2, avx512_vbmi, rdtscp, rdpid, fsrm, gfni, avx512_bitalg

Memory: 4k page, system-wide physical 7971M (334M free)
TotalPageFile size 13091M (AvailPageFile size 13M)
current process WorkingSet (physical memory assigned to process): 107M, peak: 111M
current process commit charge ("private bytes"): 246M, peak: 248M

vm_info: Java HotSpot(TM) 64-Bit Server VM (19.0.2+7-44) for windows-amd64 JRE (19.0.2+7-44), built on 2022-11-30T18:02:09Z by "mach5one" with MS VC++ 17.1 (VS2022)

END.
