#
# There is insufficient memory for the Java Runtime Environment to continue.
# Native memory allocation (mmap) failed to map 65536 bytes for Failed to commit metaspace.
# Possible reasons:
#   The system is out of physical RAM or swap space
#   The process is running with CompressedOops enabled, and the Java Heap may be blocking the growth of the native heap
# Possible solutions:
#   Reduce memory load on the system
#   Increase physical memory or swap space
#   Check if swap backing store is full
#   Decrease Java heap size (-Xmx/-Xms)
#   Decrease number of Java threads
#   Decrease Java thread stack sizes (-Xss)
#   Set larger code cache with -XX:ReservedCodeCacheSize=
#   JVM is running with Unscaled Compressed Oops mode in which the Java heap is
#     placed in the first 4GB address space. The Java Heap base address is the
#     maximum limit for the native heap growth. Please use -XX:HeapBaseMinAddress
#     to set the Java Heap base and to place the Java Heap above 4GB virtual address.
# This output file may be truncated or incomplete.
#
#  Out of Memory Error (virtualSpaceNode.cpp:110), pid=8800, tid=19000
#
# JRE version: Java(TM) SE Runtime Environment (19.0.2+7) (build 19.0.2+7-44)
# Java VM: Java HotSpot(TM) 64-Bit Server VM (19.0.2+7-44, mixed mode, sharing, tiered, compressed oops, compressed class ptrs, g1 gc, windows-amd64)
# No core dump will be written. Minidumps are not enabled by default on client versions of Windows
#

---------------  S U M M A R Y ------------

Command Line: -Dfile.encoding=UTF-8 -XX:+ShowCodeDetailsInExceptionMessages com.travominttt.VerifyLinks

Host: 11th Gen Intel(R) Core(TM) i5-1135G7 @ 2.40GHz, 8 cores, 7G,  Windows 11 , 64 bit Build 22621 (10.0.22621.2506)
Time: Wed Aug 21 15:10:14 2024 India Standard Time elapsed time: 3.807010 seconds (0d 0h 0m 3s)

---------------  T H R E A D  ---------------

Current thread (0x00000108f5022640):  JavaThread "Forwarding newSession on session null to remote" [_thread_in_vm, id=19000, stack(0x00000006bda00000,0x00000006bdb00000)]

Stack: [0x00000006bda00000,0x00000006bdb00000]
Native frames: (J=compiled Java code, j=interpreted, Vv=VM code, C=native code)
V  [jvm.dll+0x6ee21a]
V  [jvm.dll+0x85765e]
V  [jvm.dll+0x85904e]
V  [jvm.dll+0x859703]
V  [jvm.dll+0x28298f]
V  [jvm.dll+0x8532db]
V  [jvm.dll+0x692cb6]
V  [jvm.dll+0x1f2937]
V  [jvm.dll+0x6956f2]
V  [jvm.dll+0x6954de]
V  [jvm.dll+0x6936de]
V  [jvm.dll+0x26f591]
V  [jvm.dll+0x21ea57]
V  [jvm.dll+0x2146a1]
V  [jvm.dll+0x5a9cb6]
V  [jvm.dll+0x7cd423]
V  [jvm.dll+0x7cd504]
V  [jvm.dll+0x46ac34]
V  [jvm.dll+0x47021f]
C  [java.dll+0x17ec]

Java frames: (J=compiled Java code, j=interpreted, Vv=VM code)
J 1194  java.lang.ClassLoader.defineClass1(Ljava/lang/ClassLoader;Ljava/lang/String;[BIILjava/security/ProtectionDomain;Ljava/lang/String;)Ljava/lang/Class; java.base@19.0.2 (0 bytes) @ 0x0000010887b2de03 [0x0000010887b2dd40+0x00000000000000c3]
J 1200 c1 java.lang.ClassLoader.defineClass(Ljava/lang/String;[BIILjava/security/ProtectionDomain;)Ljava/lang/Class; java.base@19.0.2 (43 bytes) @ 0x000001088021ce54 [0x000001088021cb00+0x0000000000000354]
J 1254 c1 java.security.SecureClassLoader.defineClass(Ljava/lang/String;[BIILjava/security/CodeSource;)Ljava/lang/Class; java.base@19.0.2 (16 bytes) @ 0x000001088024488c [0x00000108802447c0+0x00000000000000cc]
J 1188 c1 jdk.internal.loader.BuiltinClassLoader.defineClass(Ljava/lang/String;Ljdk/internal/loader/Resource;)Ljava/lang/Class; java.base@19.0.2 (121 bytes) @ 0x0000010880216284 [0x0000010880215320+0x0000000000000f64]
J 830 c1 jdk.internal.loader.BuiltinClassLoader.findClassOnClassPathOrNull(Ljava/lang/String;)Ljava/lang/Class; java.base@19.0.2 (64 bytes) @ 0x000001088016cbd4 [0x000001088016bf00+0x0000000000000cd4]
J 436 c1 jdk.internal.loader.BuiltinClassLoader.loadClassOrNull(Ljava/lang/String;Z)Ljava/lang/Class; java.base@19.0.2 (143 bytes) @ 0x00000108800943d4 [0x0000010880093960+0x0000000000000a74]
J 679 c1 jdk.internal.loader.ClassLoaders$AppClassLoader.loadClass(Ljava/lang/String;Z)Ljava/lang/Class; java.base@19.0.2 (40 bytes) @ 0x0000010880110344 [0x0000010880110160+0x00000000000001e4]
J 790 c1 java.lang.ClassLoader.loadClass(Ljava/lang/String;)Ljava/lang/Class; java.base@19.0.2 (7 bytes) @ 0x00000108801465cc [0x00000108801464c0+0x000000000000010c]
v  ~StubRoutines::call_stub 0x00000108875310e8
j  org.openqa.selenium.remote.http.Contents$MemoizedSupplier.get()Ljava/io/InputStream;+50
j  org.openqa.selenium.remote.http.Contents$MemoizedSupplier.get()Ljava/lang/Object;+1
j  org.openqa.selenium.remote.http.Contents.bytes(Ljava/util/function/Supplier;)[B+8
j  org.openqa.selenium.remote.http.Contents.string(Ljava/util/function/Supplier;Ljava/nio/charset/Charset;)Ljava/lang/String;+19
j  org.openqa.selenium.remote.http.Contents.string(Lorg/openqa/selenium/remote/http/HttpMessage;)Ljava/lang/String;+8
j  org.openqa.selenium.remote.ProtocolHandshake.createSession(Lorg/openqa/selenium/remote/http/HttpHandler;Ljava/util/function/Supplier;J)Lorg/openqa/selenium/internal/Either;+75
j  org.openqa.selenium.remote.ProtocolHandshake.createSession(Lorg/openqa/selenium/remote/http/HttpHandler;Lorg/openqa/selenium/remote/NewSessionPayload;)Lorg/openqa/selenium/internal/Either;+78
j  org.openqa.selenium.remote.ProtocolHandshake.createSession(Lorg/openqa/selenium/remote/http/HttpHandler;Lorg/openqa/selenium/remote/Command;)Lorg/openqa/selenium/remote/ProtocolHandshake$Result;+41
j  org.openqa.selenium.remote.HttpCommandExecutor.execute(Lorg/openqa/selenium/remote/Command;)Lorg/openqa/selenium/remote/Response;+122
j  org.openqa.selenium.remote.service.DriverCommandExecutor.invokeExecute(Lorg/openqa/selenium/remote/Command;)Lorg/openqa/selenium/remote/Response;+2
j  org.openqa.selenium.remote.service.DriverCommandExecutor.execute(Lorg/openqa/selenium/remote/Command;)Lorg/openqa/selenium/remote/Response;+195
j  org.openqa.selenium.remote.RemoteWebDriver.execute(Lorg/openqa/selenium/remote/CommandPayload;)Lorg/openqa/selenium/remote/Response;+76
j  org.openqa.selenium.remote.RemoteWebDriver.startSession(Lorg/openqa/selenium/Capabilities;)V+18
j  org.openqa.selenium.remote.RemoteWebDriver.<init>(Lorg/openqa/selenium/remote/CommandExecutor;Lorg/openqa/selenium/Capabilities;)V+88
j  org.openqa.selenium.firefox.FirefoxDriver.<init>(Lorg/openqa/selenium/firefox/FirefoxDriver$FirefoxDriverCommandExecutor;Lorg/openqa/selenium/firefox/FirefoxOptions;)V+6
j  org.openqa.selenium.firefox.FirefoxDriver.<init>(Lorg/openqa/selenium/firefox/FirefoxOptions;)V+12
j  org.openqa.selenium.firefox.FirefoxDriver.<init>()V+8
j  com.travominttt.VerifyLinks.main([Ljava/lang/String;)V+4
v  ~StubRoutines::call_stub 0x00000108875310e8

Compiled method (n/a)    3842 1194     n 0       java.lang.ClassLoader::defineClass1 (native)
 total in heap  [0x0000010887b2db90,0x0000010887b2e2e8] = 1880
 relocation     [0x0000010887b2dcf0,0x0000010887b2dd28] = 56
 main code      [0x0000010887b2dd40,0x0000010887b2e2e2] = 1442
 stub code      [0x0000010887b2e2e2,0x0000010887b2e2e8] = 6

[Constant Pool (empty)]

[MachCode]
[Entry Point]
  # {method} {0x0000000800435c20} 'defineClass1' '(Ljava/lang/ClassLoader;Ljava/lang/String;[BIILjava/security/ProtectionDomain;Ljava/lang/String;)Ljava/lang/Class;' in 'java/lang/ClassLoader'
  # parm0:    rdx:rdx   = 'java/lang/ClassLoader'
  # parm1:    r8:r8     = 'java/lang/String'
  # parm2:    r9:r9     = '[B'
  # parm3:    rdi       = int
  # parm4:    rsi       = int
  # parm5:    rcx:rcx   = 'java/security/ProtectionDomain'
  # parm6:    [sp+0xa0]   = 'java/lang/String'  (sp of caller)
  0x0000010887b2dd40: 448b 5208 | 49bb 0000 | 0000 0800 | 0000 4d03 | d349 3bc2 | 0f84 0600 

  0x0000010887b2dd58: ;   {runtime_call ic_miss_stub}
  0x0000010887b2dd58: 0000 e921 | 42a6 ff90 
[Verified Entry Point]
  0x0000010887b2dd60: 8984 2400 | 90ff ff55 | 488b ec48 | 81ec 9000 | 0000 4881 | 7d10 0000 | 0000 488d | 4510 480f 
  0x0000010887b2dd80: 4445 1048 | 8944 2440 | 4889 4c24 | 7048 83f9 | 0048 8d44 | 2470 480f | 4444 2470 | 4889 4424 
  0x0000010887b2dda0: 3848 8974 | 2430 4889 | 7c24 284c | 894c 2458 | 4983 f900 | 488d 4424 | 5848 0f44 | 4424 5848 
  0x0000010887b2ddc0: 8944 2420 | 4c89 4424 | 5049 83f8 | 004c 8d4c | 2450 4c0f | 444c 2450 | 4889 5424 | 4848 83fa 
  0x0000010887b2dde0: 004c 8d44 | 2448 4c0f | 4444 2448 

  0x0000010887b2ddec: ;   {oop(a 'java/lang/Class'{0x0000000089c014a8} = 'java/lang/ClassLoader')}
  0x0000010887b2ddec: 49be a814 | c089 0000 | 0000 4c89 | 7424 784c | 8d74 2478 | 498b d6c5 

  0x0000010887b2de04: ;   {internal_word}
  0x0000010887b2de04: f877 49ba | 03de b287 | 0801 0000 | 4d89 97c8 | 0200 0049 | 89a7 c002 

  0x0000010887b2de1c: ;   {external_word}
  0x0000010887b2de1c: 0000 49ba | c984 bf65 | fc7f 0000 | 4180 3a00 | 0f84 5000 | 0000 5241 

  0x0000010887b2de34: ;   {metadata({method} {0x0000000800435c20} 'defineClass1' '(Ljava/lang/ClassLoader;Ljava/lang/String;[BIILjava/security/ProtectionDomain;Ljava/lang/String;)Ljava/lang/Class;' in 'java/lang/ClassLoader')}
  0x0000010887b2de34: 5041 5148 | ba18 5c43 | 0008 0000 | 0049 8bcf | 4883 ec20 | 40f6 c40f | 0f84 1a00 | 0000 4883 
  0x0000010887b2de54: ;   {runtime_call}
  0x0000010887b2de54: ec08 49ba | d027 7765 | fc7f 0000 | 41ff d248 | 83c4 08e9 | 0d00 0000 

  0x0000010887b2de6c: ;   {runtime_call}
  0x0000010887b2de6c: 49ba d027 | 7765 fc7f | 0000 41ff | d248 83c4 | 2041 5941 | 585a 498d | 8fe0 0200 | 0041 c787 
  0x0000010887b2de8c: 7403 0000 | 0400 0000 

  0x0000010887b2de94: ;   {runtime_call}
  0x0000010887b2de94: 49ba ac16 | 788f fc7f | 0000 41ff | d2c5 f877 | 41c7 8774 | 0300 0005 | 0000 00f0 | 8344 24c0 
  0x0000010887b2deb4: 0049 3baf | 7803 0000 | 0f87 1100 | 0000 4181 | bf70 0300 | 0000 0000 | 000f 842c | 0000 00c5 
  0x0000010887b2ded4: f877 4889 | 45f8 498b | cf4c 8be4 | 4883 ec20 | 4883 e4f0 

  0x0000010887b2dee8: ;   {runtime_call}
  0x0000010887b2dee8: 49ba 0015 | 8265 fc7f | 0000 41ff | d249 8be4 | 4d33 e448 | 8b45 f841 | c787 7403 | 0000 0800 
  0x0000010887b2df08: 0000 4181 | bfe8 0300 | 0002 0000 | 000f 8499 

  0x0000010887b2df18: ;   {external_word}
  0x0000010887b2df18: 0300 0049 | bac9 84bf | 65fc 7f00 | 0041 803a | 000f 844e | 0000 0048 

  0x0000010887b2df30: ;   {metadata({method} {0x0000000800435c20} 'defineClass1' '(Ljava/lang/ClassLoader;Ljava/lang/String;[BIILjava/security/ProtectionDomain;Ljava/lang/String;)Ljava/lang/Class;' in 'java/lang/ClassLoader')}
  0x0000010887b2df30: 8945 f848 | ba18 5c43 | 0008 0000 | 0049 8bcf | 4883 ec20 | 40f6 c40f | 0f84 1a00 | 0000 4883 
  0x0000010887b2df50: ;   {runtime_call}
  0x0000010887b2df50: ec08 49ba | d027 7765 | fc7f 0000 | 41ff d248 | 83c4 08e9 | 0d00 0000 

  0x0000010887b2df68: ;   {runtime_call}
  0x0000010887b2df68: 49ba d027 | 7765 fc7f | 0000 41ff | d248 83c4 | 2048 8b45 | f849 c787 | c002 0000 | 0000 0000 
  0x0000010887b2df88: 49c7 87c8 | 0200 0000 | 0000 00c5 | f877 4885 | c00f 84ef | 0200 00a8 | 010f 84e4 | 0200 0048 
  0x0000010887b2dfa8: 8b40 ff41 | 807f 4000 | 0f84 d002 | 0000 4883 | f800 0f84 | c602 0000 | 498b 4f28 | 4883 f900 
  0x0000010887b2dfc8: 0f84 1400 | 0000 4883 | e908 4989 | 4f28 4903 | 4f38 4889 | 01e9 a402 | 0000 4881 | ec50 0100 
  0x0000010887b2dfe8: 0048 8904 | 2448 894c | 2408 4889 | 5424 1048 | 8974 2418 | 4889 7c24 | 204c 8944 | 2428 4c89 
  0x0000010887b2e008: 4c24 304c | 8954 2438 | 4c89 5c24 | 40c5 fb11 | 4424 50c5 | fb11 4c24 | 58c5 fb11 | 5424 60c5 
  0x0000010887b2e028: fb11 5c24 | 68c5 fb11 | 6424 70c5 | fb11 6c24 | 78c5 fb11 | b424 8000 | 0000 c5fb | 11bc 2488 
  0x0000010887b2e048: 0000 00c5 | 7b11 8424 | 9000 0000 | c57b 118c | 2498 0000 | 00c5 7b11 | 9424 a000 | 0000 c57b 
  0x0000010887b2e068: 119c 24a8 | 0000 00c5 | 7b11 a424 | b000 0000 | c57b 11ac | 24b8 0000 | 00c5 7b11 | b424 c000 
  0x0000010887b2e088: 0000 c57b | 11bc 24c8 | 0000 0062 | e1ff 0811 | 4424 1a62 | e1ff 0811 | 4c24 1b62 | e1ff 0811 
  0x0000010887b2e0a8: 5424 1c62 | e1ff 0811 | 5c24 1d62 | e1ff 0811 | 6424 1e62 | e1ff 0811 | 6c24 1f62 | e1ff 0811 
  0x0000010887b2e0c8: 7424 2062 | e1ff 0811 | 7c24 2162 | 61ff 0811 | 4424 2262 | 61ff 0811 | 4c24 2362 | 61ff 0811 
  0x0000010887b2e0e8: 5424 2462 | 61ff 0811 | 5c24 2562 | 61ff 0811 | 6424 2662 | 61ff 0811 | 6c24 2762 | 61ff 0811 
  0x0000010887b2e108: 7424 2862 | 61ff 0811 | 7c24 2949 | 8bd7 488b | c848 83ec | 2040 f6c4 | 0f0f 841a | 0000 0048 
  0x0000010887b2e128: ;   {runtime_call}
  0x0000010887b2e128: 83ec 0849 | bab0 1e34 | 65fc 7f00 | 0041 ffd2 | 4883 c408 | e90d 0000 

  0x0000010887b2e140: ;   {runtime_call}
  0x0000010887b2e140: 0049 bab0 | 1e34 65fc | 7f00 0041 | ffd2 4883 | c420 6261 | ff08 107c | 2429 6261 | ff08 1074 
  0x0000010887b2e160: 2428 6261 | ff08 106c | 2427 6261 | ff08 1064 | 2426 6261 | ff08 105c | 2425 6261 | ff08 1054 
  0x0000010887b2e180: 2424 6261 | ff08 104c | 2423 6261 | ff08 1044 | 2422 62e1 | ff08 107c | 2421 62e1 | ff08 1074 
  0x0000010887b2e1a0: 2420 62e1 | ff08 106c | 241f 62e1 | ff08 1064 | 241e 62e1 | ff08 105c | 241d 62e1 | ff08 1054 
  0x0000010887b2e1c0: 241c 62e1 | ff08 104c | 241b 62e1 | ff08 1044 | 241a c57b | 10bc 24c8 | 0000 00c5 | 7b10 b424 
  0x0000010887b2e1e0: c000 0000 | c57b 10ac | 24b8 0000 | 00c5 7b10 | a424 b000 | 0000 c57b | 109c 24a8 | 0000 00c5 
  0x0000010887b2e200: 7b10 9424 | a000 0000 | c57b 108c | 2498 0000 | 00c5 7b10 | 8424 9000 | 0000 c5fb | 10bc 2488 
  0x0000010887b2e220: 0000 00c5 | fb10 b424 | 8000 0000 | c5fb 106c | 2478 c5fb | 1064 2470 | c5fb 105c | 2468 c5fb 
  0x0000010887b2e240: 1054 2460 | c5fb 104c | 2458 c5fb | 1044 2450 | 4c8b 5c24 | 404c 8b54 | 2438 4c8b | 4c24 304c 
  0x0000010887b2e260: 8b44 2428 | 488b 7c24 | 2048 8b74 | 2418 488b | 5424 1048 | 8b4c 2408 | 488b 0424 | 4881 c450 
  0x0000010887b2e280: 0100 00c5 | f877 e903 | 0000 0048 | 8b00 498b | 8f50 0300 | 00c7 8100 | 0100 0000 | 0000 00c9 
  0x0000010887b2e2a0: 4981 7f08 | 0000 0000 | 0f85 0100 

  0x0000010887b2e2ac: ;   {runtime_call StubRoutines (1)}
  0x0000010887b2e2ac: 0000 c3e9 | 4c2c a0ff | c5f8 7748 | 8945 f84c | 8be4 4883 | ec20 4883 

  0x0000010887b2e2c4: ;   {runtime_call}
  0x0000010887b2e2c4: e4f0 49ba | 305c 7765 | fc7f 0000 | 41ff d249 | 8be4 4d33 | e448 8b45 | f8e9 39fc | ffff f4f4 
  0x0000010887b2e2e4: f4f4 f4f4 
[/MachCode]


Compiled method (c1)    3855 1200       3       java.lang.ClassLoader::defineClass (43 bytes)
 total in heap  [0x000001088021c910,0x000001088021d248] = 2360
 relocation     [0x000001088021ca70,0x000001088021cb00] = 144
 main code      [0x000001088021cb00,0x000001088021cfa0] = 1184
 stub code      [0x000001088021cfa0,0x000001088021d018] = 120
 metadata       [0x000001088021d018,0x000001088021d048] = 48
 scopes data    [0x000001088021d048,0x000001088021d138] = 240
 scopes pcs     [0x000001088021d138,0x000001088021d218] = 224
 dependencies   [0x000001088021d218,0x000001088021d220] = 8
 nul chk table  [0x000001088021d220,0x000001088021d248] = 40

[Constant Pool (empty)]

[MachCode]
[Entry Point]
  # {method} {0x0000000800435f48} 'defineClass' '(Ljava/lang/String;[BIILjava/security/ProtectionDomain;)Ljava/lang/Class;' in 'java/lang/ClassLoader'
  # this:     rdx:rdx   = 'java/lang/ClassLoader'
  # parm0:    r8:r8     = 'java/lang/String'
  # parm1:    r9:r9     = '[B'
  # parm2:    rdi       = int
  # parm3:    rsi       = int
  # parm4:    rcx:rcx   = 'java/security/ProtectionDomain'
  #           [sp+0xc0]  (sp of caller)
  0x000001088021cb00: 448b 5208 | 49bb 0000 | 0000 0800 | 0000 4d03 | d34c 3bd0 

  0x000001088021cb14: ;   {runtime_call ic_miss_stub}
  0x000001088021cb14: 0f85 6654 | 3707 660f | 1f44 0000 
[Verified Entry Point]
  0x000001088021cb20: 8984 2400 | 90ff ff55 | 4881 ecb0 | 0000 0048 | 8954 2478 

  0x000001088021cb34: ;   {metadata(method data for {method} {0x0000000800435f48} 'defineClass' '(Ljava/lang/String;[BIILjava/security/ProtectionDomain;)Ljava/lang/Class;' in 'java/lang/ClassLoader')}
  0x000001088021cb34: 48bb a8b1 | 0394 0801 | 0000 8b83 | cc00 0000 | 83c0 0289 | 83cc 0000 | 0025 fe07 | 0000 83f8 
  0x000001088021cb54: 000f 844f | 0300 0089 | b424 9400 | 0000 89bc | 2490 0000 | 004c 898c | 2488 0000 | 0048 8bda 
  0x000001088021cb74: ;   {metadata(method data for {method} {0x0000000800435f48} 'defineClass' '(Ljava/lang/String;[BIILjava/security/ProtectionDomain;)Ljava/lang/Class;' in 'java/lang/ClassLoader')}
  0x000001088021cb74: 48b8 a8b1 | 0394 0801 | 0000 4883 | 8010 0100 | 0001 498b | d84c 8bc3 | 4c8b c948 | 8bca 488b 
  0x000001088021cb94: d148 899c | 2480 0000 

  0x000001088021cb9c: ;   {optimized virtual_call}
  0x000001088021cb9c: 0066 90e8 

  0x000001088021cba0: ; ImmutableOopMap {[120]=Oop [128]=Oop [136]=Oop }
                      ;*invokevirtual preDefineClass {reexecute=0 rethrow=0 return_oop=0}
                      ; - java.lang.ClassLoader::defineClass@4 (line 1011)
  0x000001088021cba0: dcc1 feff | 4889 8424 | 9800 0000 | 488b 5424 

  0x000001088021cbb0: ;   {metadata(method data for {method} {0x0000000800435f48} 'defineClass' '(Ljava/lang/String;[BIILjava/security/ProtectionDomain;)Ljava/lang/Class;' in 'java/lang/ClassLoader')}
  0x000001088021cbb0: 7849 b8a8 | b103 9408 | 0100 0049 | 8380 4801 

  0x000001088021cbc0: ;   {metadata(method data for {method} {0x0000000800435c88} 'defineClassSourceLocation' '(Ljava/security/ProtectionDomain;)Ljava/lang/String;' in 'java/lang/ClassLoader')}
  0x000001088021cbc0: 0000 0149 | b878 fcef | 9308 0100 | 0041 8b90 | cc00 0000 | 83c2 0241 | 8990 cc00 | 0000 81e2 
  0x000001088021cbe0: feff 1f00 | 83fa 000f | 84de 0200 | 0048 3b00 

  0x000001088021cbf0: ;   {metadata(method data for {method} {0x0000000800435c88} 'defineClassSourceLocation' '(Ljava/security/ProtectionDomain;)Ljava/lang/String;' in 'java/lang/ClassLoader')}
  0x000001088021cbf0: 4c8b c048 | ba78 fcef | 9308 0100 | 0048 8382 | 1001 0000 | 0144 8b40 | 1049 83f8 

  0x000001088021cc0c: ;   {metadata(method data for {method} {0x0000000800435c88} 'defineClassSourceLocation' '(Ljava/security/ProtectionDomain;)Ljava/lang/String;' in 'java/lang/ClassLoader')}
  0x000001088021cc0c: 0048 ba78 | fcef 9308 | 0100 0048 | be58 0100 | 0000 0000 | 000f 850a | 0000 0048 | be48 0100 
  0x000001088021cc2c: 0000 0000 | 0048 8b3c | 3248 8d7f | 0148 893c | 320f 850f 

  0x000001088021cc40: ;   {oop(NULL)}
  0x000001088021cc40: 0000 0048 | bb00 0000 | 0000 0000 | 00e9 ad01 | 0000 493b | 0049 8bd0 

  0x000001088021cc58: ;   {metadata(method data for {method} {0x0000000800435c88} 'defineClassSourceLocation' '(Ljava/security/ProtectionDomain;)Ljava/lang/String;' in 'java/lang/ClassLoader')}
  0x000001088021cc58: 48be 78fc | ef93 0801 | 0000 4883 | 8668 0100 | 0001 418b | 500c 4883 

  0x000001088021cc70: ;   {metadata(method data for {method} {0x0000000800435c88} 'defineClassSourceLocation' '(Ljava/security/ProtectionDomain;)Ljava/lang/String;' in 'java/lang/ClassLoader')}
  0x000001088021cc70: fa00 48be | 78fc ef93 | 0801 0000 | 48bf b001 | 0000 0000 | 0000 0f85 | 0a00 0000 | 48bf a001 
  0x000001088021cc90: 0000 0000 | 0000 488b | 1c3e 488d | 5b01 4889 | 1c3e 0f85 | 0f00 0000 

  0x000001088021cca8: ;   {oop(NULL)}
  0x000001088021cca8: 48bb 0000 | 0000 0000 | 0000 e948 

  0x000001088021ccb4: ;   {metadata(method data for {method} {0x0000000800435c88} 'defineClassSourceLocation' '(Ljava/security/ProtectionDomain;)Ljava/lang/String;' in 'java/lang/ClassLoader')}
  0x000001088021ccb4: 0100 0048 | be78 fcef | 9308 0100 | 0048 8386 | c001 0000 | 0148 3b02 

  0x000001088021cccc: ;   {metadata(method data for {method} {0x0000000800435c88} 'defineClassSourceLocation' '(Ljava/security/ProtectionDomain;)Ljava/lang/String;' in 'java/lang/ClassLoader')}
  0x000001088021cccc: 4c8b c248 | be78 fcef | 9308 0100 | 0048 8386 | f801 0000 

  0x000001088021cce0: ;   {metadata(method data for {method} {0x0000000800068628} 'toString' '()Ljava/lang/String;' in 'java/net/URL')}
  0x000001088021cce0: 0149 b848 | 64a0 9308 | 0100 0041 | 8bb0 cc00 | 0000 83c6 | 0241 89b0 | cc00 0000 | 81e6 feff 
  0x000001088021cd00: 1f00 83fe | 000f 84f0 | 0100 004c 

  0x000001088021cd0c: ;   {metadata(method data for {method} {0x0000000800068628} 'toString' '()Ljava/lang/String;' in 'java/net/URL')}
  0x000001088021cd0c: 8bc2 48be | 4864 a093 | 0801 0000 | 4883 8610 | 0100 0001 

  0x000001088021cd20: ;   {metadata(method data for {method} {0x0000000800068ec0} 'toExternalForm' '()Ljava/lang/String;' in 'java/net/URL')}
  0x000001088021cd20: 49b8 d065 | a093 0801 | 0000 418b | b0cc 0000 | 0083 c602 | 4189 b0cc | 0000 0081 | e6fe ff1f 
  0x000001088021cd40: 0083 fe00 | 0f84 d201 | 0000 8b72 | 3848 3b06 

  0x000001088021cd50: ;   {metadata(method data for {method} {0x0000000800068ec0} 'toExternalForm' '()Ljava/lang/String;' in 'java/net/URL')}
  0x000001088021cd50: 4c8b c648 | bfd0 65a0 | 9308 0100 | 0045 8b40 | 0849 ba00 | 0000 0008 | 0000 004d | 03c2 4c3b 
  0x000001088021cd70: 8720 0100 | 0075 0d48 | 8387 2801 | 0000 01e9 | 6600 0000 | 4c3b 8730 | 0100 0075 | 0d48 8387 
  0x000001088021cd90: 3801 0000 | 01e9 5000 | 0000 4881 | bf20 0100 | 0000 0000 | 0075 174c | 8987 2001 | 0000 48c7 
  0x000001088021cdb0: 8728 0100 | 0001 0000 | 00e9 2c00 | 0000 4881 | bf30 0100 | 0000 0000 | 0075 174c | 8987 3001 
  0x000001088021cdd0: 0000 48c7 | 8738 0100 | 0001 0000 | 00e9 0800 | 0000 4883 | 8710 0100 | 0001 4c8b | c248 8bd6 
  0x000001088021cdf0: 0f1f 8000 

  0x000001088021cdf4: ;   {optimized virtual_call}
  0x000001088021cdf4: 0000 00e8 

  0x000001088021cdf8: ; ImmutableOopMap {[120]=Oop [128]=Oop [136]=Oop [152]=Oop }
                      ;*invokevirtual toExternalForm {reexecute=0 rethrow=0 return_oop=0}
                      ; - java.net.URL::toExternalForm@5 (line 1040)
                      ; - java.net.URL::toString@1 (line 1026)
                      ; - java.lang.ClassLoader::defineClassSourceLocation@22 (line 913)
                      ; - java.lang.ClassLoader::defineClass@12 (line 1012)
  0x000001088021cdf8: 844a f4ff | 488b d848 | 8b84 2498 | 0000 008b | b424 9400 | 0000 8bbc | 2490 0000 | 004c 8b8c 
  0x000001088021ce18: 2488 0000 | 004c 8b84 | 2480 0000 | 0048 8b54 

  0x000001088021ce28: ;   {metadata(method data for {method} {0x0000000800435f48} 'defineClass' '(Ljava/lang/String;[BIILjava/security/ProtectionDomain;)Ljava/lang/Class;' in 'java/lang/ClassLoader')}
  0x000001088021ce28: 2478 48b9 | a8b1 0394 | 0801 0000 | 4883 8180 | 0100 0001 | 4c8b da49 | 8bd3 488b | c848 891c 
  0x000001088021ce48: 2466 0f1f 

  0x000001088021ce4c: ;   {static_call}
  0x000001088021ce4c: 4400 00e8 

  0x000001088021ce50: ; ImmutableOopMap {[120]=Oop [152]=Oop }
                      ;*invokestatic defineClass1 {reexecute=0 rethrow=0 return_oop=0}
                      ; - java.lang.ClassLoader::defineClass@27 (line 1013)
  0x000001088021ce50: 0c0f 9107 | 488b 5424 

  0x000001088021ce58: ;   {metadata(method data for {method} {0x0000000800435f48} 'defineClass' '(Ljava/lang/String;[BIILjava/security/ProtectionDomain;)Ljava/lang/Class;' in 'java/lang/ClassLoader')}
  0x000001088021ce58: 7849 b8a8 | b103 9408 | 0100 0049 | 8380 9001 | 0000 014c | 8bc0 4c8b | 8c24 9800 | 0000 488b 
  0x000001088021ce78: 5424 7848 | 8984 24a0 | 0000 000f 

  0x000001088021ce84: ;   {optimized virtual_call}
  0x000001088021ce84: 1f40 00e8 

  0x000001088021ce88: ; ImmutableOopMap {[160]=Oop }
                      ;*invokevirtual postDefineClass {reexecute=0 rethrow=0 return_oop=0}
                      ; - java.lang.ClassLoader::defineClass@37 (line 1014)
  0x000001088021ce88: 14cc f6ff | 488b 8424 | a000 0000 | 4881 c4b0 | 0000 005d 

  0x000001088021ce9c: ;   {poll_return}
  0x000001088021ce9c: 493b a778 | 0300 000f | 8799 0000 

  0x000001088021cea8: ;   {metadata({method} {0x0000000800435f48} 'defineClass' '(Ljava/lang/String;[BIILjava/security/ProtectionDomain;)Ljava/lang/Class;' in 'java/lang/ClassLoader')}
  0x000001088021cea8: 00c3 49ba | 405f 4300 | 0800 0000 | 4c89 5424 | 0848 c704 | 24ff ffff 

  0x000001088021cec0: ;   {runtime_call counter_overflow Runtime1 stub}
  0x000001088021cec0: ffe8 3a77 

  0x000001088021cec4: ; ImmutableOopMap {rdx=Oop r8=Oop r9=Oop rcx=Oop [120]=Oop }
                      ;*synchronization entry
                      ; - java.lang.ClassLoader::defineClass@-1 (line 1011)
  0x000001088021cec4: 4207 e990 

  0x000001088021cec8: ;   {metadata({method} {0x0000000800435c88} 'defineClassSourceLocation' '(Ljava/security/ProtectionDomain;)Ljava/lang/String;' in 'java/lang/ClassLoader')}
  0x000001088021cec8: fcff ff49 | ba80 5c43 | 0008 0000 | 004c 8954 | 2408 48c7 | 0424 ffff 

  0x000001088021cee0: ;   {runtime_call counter_overflow Runtime1 stub}
  0x000001088021cee0: ffff e819 

  0x000001088021cee4: ; ImmutableOopMap {rax=Oop [120]=Oop [128]=Oop [136]=Oop [152]=Oop }
                      ;*synchronization entry
                      ; - java.lang.ClassLoader::defineClassSourceLocation@-1 (line 910)
                      ; - java.lang.ClassLoader::defineClass@12 (line 1012)
  0x000001088021cee4: 7742 07e9 | 01fd ffff 

  0x000001088021ceec: ;   {runtime_call throw_null_pointer_exception Runtime1 stub}
  0x000001088021ceec: e8af f641 

  0x000001088021cef0: ; ImmutableOopMap {rax=Oop [120]=Oop [128]=Oop [136]=Oop [152]=Oop }
                      ;*invokevirtual getCodeSource {reexecute=0 rethrow=0 return_oop=0}
                      ; - java.lang.ClassLoader::defineClassSourceLocation@1 (line 910)
                      ; - java.lang.ClassLoader::defineClass@12 (line 1012)
                      ;   {runtime_call throw_null_pointer_exception Runtime1 stub}
  0x000001088021cef0: 07e8 aaf6 

  0x000001088021cef4: ; ImmutableOopMap {rax=Oop r8=Oop [120]=Oop [128]=Oop [136]=Oop [152]=Oop }
                      ;*invokevirtual getLocation {reexecute=0 rethrow=0 return_oop=0}
                      ; - java.lang.ClassLoader::defineClassSourceLocation@12 (line 912)
                      ; - java.lang.ClassLoader::defineClass@12 (line 1012)
                      ;   {runtime_call throw_null_pointer_exception Runtime1 stub}
  0x000001088021cef4: 4107 e8a5 

  0x000001088021cef8: ; ImmutableOopMap {rdx=Oop [120]=Oop [128]=Oop [136]=Oop [152]=Oop }
                      ;*invokevirtual toString {reexecute=0 rethrow=0 return_oop=0}
                      ; - java.lang.ClassLoader::defineClassSourceLocation@22 (line 913)
                      ; - java.lang.ClassLoader::defineClass@12 (line 1012)
                      ;   {metadata({method} {0x0000000800068628} 'toString' '()Ljava/lang/String;' in 'java/net/URL')}
  0x000001088021cef8: f641 0749 | ba20 8606 | 0008 0000 | 004c 8954 | 2408 48c7 | 0424 ffff 

  0x000001088021cf10: ;   {runtime_call counter_overflow Runtime1 stub}
  0x000001088021cf10: ffff e8e9 

  0x000001088021cf14: ; ImmutableOopMap {rdx=Oop [120]=Oop [128]=Oop [136]=Oop [152]=Oop }
                      ;*synchronization entry
                      ; - java.net.URL::toString@-1 (line 1026)
                      ; - java.lang.ClassLoader::defineClassSourceLocation@22 (line 913)
                      ; - java.lang.ClassLoader::defineClass@12 (line 1012)
  0x000001088021cf14: 7642 07e9 | effd ffff 

  0x000001088021cf1c: ;   {metadata({method} {0x0000000800068ec0} 'toExternalForm' '()Ljava/lang/String;' in 'java/net/URL')}
  0x000001088021cf1c: 49ba b88e | 0600 0800 | 0000 4c89 | 5424 0848 | c704 24ff 

  0x000001088021cf30: ;   {runtime_call counter_overflow Runtime1 stub}
  0x000001088021cf30: ffff ffe8 

  0x000001088021cf34: ; ImmutableOopMap {rdx=Oop [120]=Oop [128]=Oop [136]=Oop [152]=Oop }
                      ;*synchronization entry
                      ; - java.net.URL::toExternalForm@-1 (line 1040)
                      ; - java.net.URL::toString@1 (line 1026)
                      ; - java.lang.ClassLoader::defineClassSourceLocation@22 (line 913)
                      ; - java.lang.ClassLoader::defineClass@12 (line 1012)
  0x000001088021cf34: c876 4207 | e90d feff 

  0x000001088021cf3c: ;   {runtime_call throw_null_pointer_exception Runtime1 stub}
  0x000001088021cf3c: ffe8 5ef6 

  0x000001088021cf40: ; ImmutableOopMap {rdx=Oop rsi=Oop [120]=Oop [128]=Oop [136]=Oop [152]=Oop }
                      ;*invokevirtual toExternalForm {reexecute=0 rethrow=0 return_oop=0}
                      ; - java.net.URL::toExternalForm@5 (line 1040)
                      ; - java.net.URL::toString@1 (line 1026)
                      ; - java.lang.ClassLoader::defineClassSourceLocation@22 (line 913)
                      ; - java.lang.ClassLoader::defineClass@12 (line 1012)
                      ;   {internal_word}
  0x000001088021cf40: 4107 49ba | 9cce 2180 | 0801 0000 | 4d89 9790 

  0x000001088021cf50: ;   {runtime_call SafepointBlob}
  0x000001088021cf50: 0300 00e9 | 28c4 3707 | 498b 8720 | 0400 0049 | c787 2004 | 0000 0000 | 0000 49c7 | 8728 0400 
  0x000001088021cf70: 0000 0000 | 0048 81c4 | b000 0000 

  0x000001088021cf7c: ;   {runtime_call unwind_exception Runtime1 stub}
  0x000001088021cf7c: 5de9 fe09 | 3907 f4f4 | f4f4 f4f4 | f4f4 f4f4 | f4f4 f4f4 | f4f4 f4f4 | f4f4 f4f4 | f4f4 f4f4 
  0x000001088021cf9c: f4f4 f4f4 
[Stub Code]
  0x000001088021cfa0: ;   {no_reloc}
  0x000001088021cfa0: 0f1f 4400 

  0x000001088021cfa4: ;   {static_stub}
  0x000001088021cfa4: 0048 bb00 | 0000 0000 

  0x000001088021cfac: ;   {runtime_call}
  0x000001088021cfac: 0000 00e9 | fbff ffff 

  0x000001088021cfb4: ;   {static_stub}
  0x000001088021cfb4: 9048 bb00 | 0000 0000 

  0x000001088021cfbc: ;   {runtime_call}
  0x000001088021cfbc: 0000 00e9 | fbff ffff 

  0x000001088021cfc4: ;   {static_stub}
  0x000001088021cfc4: 9048 bb00 | 0000 0000 

  0x000001088021cfcc: ;   {runtime_call}
  0x000001088021cfcc: 0000 00e9 | fbff ffff 

  0x000001088021cfd4: ;   {static_stub}
  0x000001088021cfd4: 9048 bb00 | 0000 0000 

  0x000001088021cfdc: ;   {runtime_call}
  0x000001088021cfdc: 0000 00e9 | fbff ffff 
[Exception Handler]
  0x000001088021cfe4: ;   {runtime_call handle_exception_from_callee Runtime1 stub}
  0x000001088021cfe4: e897 2442 

  0x000001088021cfe8: ;   {external_word}
  0x000001088021cfe8: 0748 b928 | 4998 65fc | 7f00 0048 

  0x000001088021cff4: ;   {runtime_call}
  0x000001088021cff4: 83e4 f049 | bab0 f863 | 65fc 7f00 | 0041 ffd2 

  0x000001088021d004: ;   {section_word}
  0x000001088021d004: f449 ba05 | d021 8008 | 0100 0041 

  0x000001088021d010: ;   {runtime_call DeoptimizationBlob}
  0x000001088021d010: 52e9 0ad8 | 3707 f4f4 
[/MachCode]


Compiled method (c1)    3869 1254       3       java.security.SecureClassLoader::defineClass (16 bytes)
 total in heap  [0x0000010880244610,0x0000010880244a00] = 1008
 relocation     [0x0000010880244770,0x00000108802447b8] = 72
 main code      [0x00000108802447c0,0x0000010880244900] = 320
 stub code      [0x0000010880244900,0x0000010880244958] = 88
 metadata       [0x0000010880244958,0x0000010880244960] = 8
 scopes data    [0x0000010880244960,0x00000108802449a8] = 72
 scopes pcs     [0x00000108802449a8,0x00000108802449f8] = 80
 dependencies   [0x00000108802449f8,0x0000010880244a00] = 8

[Constant Pool (empty)]

[MachCode]
[Entry Point]
  # {method} {0x0000000800066b18} 'defineClass' '(Ljava/lang/String;[BIILjava/security/CodeSource;)Ljava/lang/Class;' in 'java/security/SecureClassLoader'
  # this:     rdx:rdx   = 'java/security/SecureClassLoader'
  # parm0:    r8:r8     = 'java/lang/String'
  # parm1:    r9:r9     = '[B'
  # parm2:    rdi       = int
  # parm3:    rsi       = int
  # parm4:    rcx:rcx   = 'java/security/CodeSource'
  #           [sp+0x80]  (sp of caller)
  0x00000108802447c0: 448b 5208 | 49bb 0000 | 0000 0800 | 0000 4d03 | d34c 3bd0 

  0x00000108802447d4: ;   {runtime_call ic_miss_stub}
  0x00000108802447d4: 0f85 a6d7 | 3407 660f | 1f44 0000 
[Verified Entry Point]
  0x00000108802447e0: 8984 2400 | 90ff ff55 | 4883 ec70 

  0x00000108802447ec: ;   {metadata(method data for {method} {0x0000000800066b18} 'defineClass' '(Ljava/lang/String;[BIILjava/security/CodeSource;)Ljava/lang/Class;' in 'java/security/SecureClassLoader')}
  0x00000108802447ec: 48bb d869 | 0394 0801 | 0000 8b83 | cc00 0000 | 83c0 0289 | 83cc 0000 | 0025 fe07 | 0000 83f8 
  0x000001088024480c: 000f 848c | 0000 0089 | 7424 5c89 | 7c24 584c | 894c 2450 | 4c89 4424 | 4848 8bda 

  0x0000010880244828: ;   {metadata(method data for {method} {0x0000000800066b18} 'defineClass' '(Ljava/lang/String;[BIILjava/security/CodeSource;)Ljava/lang/Class;' in 'java/security/SecureClassLoader')}
  0x0000010880244828: 48b8 d869 | 0394 0801 | 0000 4883 | 8010 0100 | 0001 4c8b | c148 8bc2 | 488b d048 | 8944 2440 
  0x0000010880244848: 0f1f 8000 

  0x000001088024484c: ;   {optimized virtual_call}
  0x000001088024484c: 0000 00e8 

  0x0000010880244850: ; ImmutableOopMap {[64]=Oop [72]=Oop [80]=Oop }
                      ;*invokevirtual getProtectionDomain {reexecute=0 rethrow=0 return_oop=0}
                      ; - java.security.SecureClassLoader::defineClass@9 (line 150)
  0x0000010880244850: 4c2c fcff | 488b 5424 

  0x0000010880244858: ;   {metadata(method data for {method} {0x0000000800066b18} 'defineClass' '(Ljava/lang/String;[BIILjava/security/CodeSource;)Ljava/lang/Class;' in 'java/security/SecureClassLoader')}
  0x0000010880244858: 4049 b8d8 | 6903 9408 | 0100 0049 | 8380 4801 | 0000 014c | 8b44 2448 | 4c8b 4c24 | 508b 7c24 
  0x0000010880244878: 588b 7424 | 5c48 8bc8 | 488b 5424 

  0x0000010880244884: ;   {optimized virtual_call}
  0x0000010880244884: 4066 90e8 

  0x0000010880244888: ; ImmutableOopMap {}
                      ;*invokevirtual defineClass {reexecute=0 rethrow=0 return_oop=0}
                      ; - java.security.SecureClassLoader::defineClass@12 (line 150)
  0x0000010880244888: 9482 fdff | 4883 c470 

  0x0000010880244890: ;   {poll_return}
  0x0000010880244890: 5d49 3ba7 | 7803 0000 | 0f87 2200 

  0x000001088024489c: ;   {metadata({method} {0x0000000800066b18} 'defineClass' '(Ljava/lang/String;[BIILjava/security/CodeSource;)Ljava/lang/Class;' in 'java/security/SecureClassLoader')}
  0x000001088024489c: 0000 c349 | ba10 6b06 | 0008 0000 | 004c 8954 | 2408 48c7 | 0424 ffff 

  0x00000108802448b4: ;   {runtime_call counter_overflow Runtime1 stub}
  0x00000108802448b4: ffff e845 

  0x00000108802448b8: ; ImmutableOopMap {rdx=Oop r8=Oop r9=Oop rcx=Oop }
                      ;*synchronization entry
                      ; - java.security.SecureClassLoader::defineClass@-1 (line 150)
  0x00000108802448b8: fd3f 07e9 | 53ff ffff 

  0x00000108802448c0: ;   {internal_word}
  0x00000108802448c0: 49ba 9148 | 2480 0801 | 0000 4d89 | 9790 0300 

  0x00000108802448d0: ;   {runtime_call SafepointBlob}
  0x00000108802448d0: 00e9 aa4a | 3507 498b | 8720 0400 | 0049 c787 | 2004 0000 | 0000 0000 | 49c7 8728 | 0400 0000 
  0x00000108802448f0: 0000 0048 | 83c4 705d 

  0x00000108802448f8: ;   {runtime_call unwind_exception Runtime1 stub}
  0x00000108802448f8: e983 9036 | 07f4 f4f4 
[Stub Code]
  0x0000010880244900: ;   {no_reloc}
  0x0000010880244900: 0f1f 4400 

  0x0000010880244904: ;   {static_stub}
  0x0000010880244904: 0048 bb00 | 0000 0000 

  0x000001088024490c: ;   {runtime_call}
  0x000001088024490c: 0000 00e9 | fbff ffff 

  0x0000010880244914: ;   {static_stub}
  0x0000010880244914: 9048 bb00 | 0000 0000 

  0x000001088024491c: ;   {runtime_call}
  0x000001088024491c: 0000 00e9 | fbff ffff 
[Exception Handler]
  0x0000010880244924: ;   {runtime_call handle_exception_from_callee Runtime1 stub}
  0x0000010880244924: e857 ab3f 

  0x0000010880244928: ;   {external_word}
  0x0000010880244928: 0748 b928 | 4998 65fc | 7f00 0048 

  0x0000010880244934: ;   {runtime_call}
  0x0000010880244934: 83e4 f049 | bab0 f863 | 65fc 7f00 | 0041 ffd2 

  0x0000010880244944: ;   {section_word}
  0x0000010880244944: f449 ba45 | 4924 8008 | 0100 0041 

  0x0000010880244950: ;   {runtime_call DeoptimizationBlob}
  0x0000010880244950: 52e9 ca5e | 3507 f4f4 
[/MachCode]


---------------  P R O C E S S  ---------------

Threads class SMR info:
_java_thread_list=0x0000010898aa02f0, length=20, elements={
0x00000108f5022640, 0x000001089375b540, 0x000001089375c420, 0x000001089375d8c0,
0x0000010893761400, 0x0000010893761fc0, 0x000001089376ab90, 0x000001089376ff90,
0x0000010893773530, 0x0000010893785aa0, 0x00000108979f3bd0, 0x00000108979fa520,
0x0000010897fb9da0, 0x0000010898470bb0, 0x0000010898a2b810, 0x00000108989be280,
0x0000010898a0eae0, 0x0000010898a0f020, 0x0000010898a0f560, 0x0000010898b4dbf0
}

Java Threads: ( => current thread )
=>0x00000108f5022640 JavaThread "Forwarding newSession on session null to remote" [_thread_in_vm, id=19000, stack(0x00000006bda00000,0x00000006bdb00000)]
  0x000001089375b540 JavaThread "Reference Handler" daemon [_thread_blocked, id=19040, stack(0x00000006be100000,0x00000006be200000)]
  0x000001089375c420 JavaThread "Finalizer" daemon [_thread_blocked, id=18660, stack(0x00000006be200000,0x00000006be300000)]
  0x000001089375d8c0 JavaThread "Signal Dispatcher" daemon [_thread_blocked, id=18664, stack(0x00000006be300000,0x00000006be400000)]
  0x0000010893761400 JavaThread "Attach Listener" daemon [_thread_blocked, id=19024, stack(0x00000006be400000,0x00000006be500000)]
  0x0000010893761fc0 JavaThread "Service Thread" daemon [_thread_blocked, id=19020, stack(0x00000006be500000,0x00000006be600000)]
  0x000001089376ab90 JavaThread "Monitor Deflation Thread" daemon [_thread_blocked, id=1568, stack(0x00000006be600000,0x00000006be700000)]
  0x000001089376ff90 JavaThread "C2 CompilerThread0" daemon [_thread_blocked, id=18284, stack(0x00000006be700000,0x00000006be800000)]
  0x0000010893773530 JavaThread "C1 CompilerThread0" daemon [_thread_blocked, id=1648, stack(0x00000006be800000,0x00000006be900000)]
  0x0000010893785aa0 JavaThread "Sweeper thread" daemon [_thread_blocked, id=6956, stack(0x00000006be900000,0x00000006bea00000)]
  0x00000108979f3bd0 JavaThread "Notification Thread" daemon [_thread_blocked, id=2552, stack(0x00000006bea00000,0x00000006beb00000)]
  0x00000108979fa520 JavaThread "Common-Cleaner" daemon [_thread_blocked, id=17320, stack(0x00000006bec00000,0x00000006bed00000)]
  0x0000010897fb9da0 JavaThread "ForkJoinPool.commonPool-worker-1" daemon [_thread_blocked, id=7012, stack(0x00000006bed00000,0x00000006bee00000)]
  0x0000010898470bb0 JavaThread "AsyncHttpClient-1-1" daemon [_thread_blocked, id=8852, stack(0x00000006bee00000,0x00000006bef00000)]
  0x0000010898a2b810 JavaThread "Exec Default Executor" daemon [_thread_in_native, id=18300, stack(0x00000006bf700000,0x00000006bf800000)]
  0x00000108989be280 JavaThread "Exec Stream Pumper" daemon [_thread_in_native, id=15884, stack(0x00000006bf800000,0x00000006bf900000)]
  0x0000010898a0eae0 JavaThread "Exec Stream Pumper" daemon [_thread_in_native, id=16916, stack(0x00000006bf900000,0x00000006bfa00000)]
  0x0000010898a0f020 JavaThread "Driver Service Executor" daemon [_thread_blocked, id=13660, stack(0x00000006bfa00000,0x00000006bfb00000)]
  0x0000010898a0f560 JavaThread "Driver Service Executor" daemon [_thread_blocked, id=9744, stack(0x00000006bfb00000,0x00000006bfc00000)]
  0x0000010898b4dbf0 JavaThread "AsyncHttpClient-1-2" daemon [_thread_in_native, id=18612, stack(0x00000006bfd00000,0x00000006bfe00000)]

Other Threads:
  0x00000108937401d0 VMThread "VM Thread" [stack: 0x00000006be000000,0x00000006be100000] [id=18836]
  0x00000108979f6530 WatcherThread "VM Periodic Task Thread" [stack: 0x00000006beb00000,0x00000006bec00000] [id=14412]
  0x00000108f5080540 WorkerThread "GC Thread#0" [stack: 0x00000006bdb00000,0x00000006bdc00000] [id=19036]
  0x00000108988cb6d0 WorkerThread "GC Thread#1" [stack: 0x00000006bf000000,0x00000006bf100000] [id=8896]
  0x00000108988cb9a0 WorkerThread "GC Thread#2" [stack: 0x00000006bf100000,0x00000006bf200000] [id=18056]
  0x00000108989581a0 WorkerThread "GC Thread#3" [stack: 0x00000006bf200000,0x00000006bf300000] [id=17088]
  0x00000108984fae10 WorkerThread "GC Thread#4" [stack: 0x00000006bf300000,0x00000006bf400000] [id=2924]
  0x00000108984fbc20 WorkerThread "GC Thread#5" [stack: 0x00000006bf400000,0x00000006bf500000] [id=15352]
  0x00000108984fb950 WorkerThread "GC Thread#6" [stack: 0x00000006bf500000,0x00000006bf600000] [id=18420]
  0x00000108984fa000 WorkerThread "GC Thread#7" [stack: 0x00000006bf600000,0x00000006bf700000] [id=17244]
  0x00000108f5091720 ConcurrentGCThread "G1 Main Marker" [stack: 0x00000006bdc00000,0x00000006bdd00000] [id=19068]
  0x00000108f5096300 WorkerThread "G1 Conc#0" [stack: 0x00000006bdd00000,0x00000006bde00000] [id=19028]
  0x00000108f50de8b0 ConcurrentGCThread "G1 Refine#0" [stack: 0x00000006bde00000,0x00000006bdf00000] [id=9072]
  0x00000108935faa70 ConcurrentGCThread "G1 Service" [stack: 0x00000006bdf00000,0x00000006be000000] [id=4472]

Threads with active compile tasks:

VM state: not at safepoint (normal execution)

VM Mutex/Monitor currently owned by a thread:  ([mutex/lock_event])
[0x00000108f2f0f730] Metaspace_lock - owner thread: 0x00000108f5022640

Heap address: 0x0000000083600000, size: 1994 MB, Compressed Oops mode: 32-bit

CDS archive(s) mapped at: [0x0000000800000000-0x0000000800c40000-0x0000000800c40000), size 12845056, SharedBaseAddress: 0x0000000800000000, ArchiveRelocationMode: 0.
Compressed class space mapped at: 0x0000000801000000-0x0000000841000000, reserved size: 1073741824
Narrow klass base: 0x0000000800000000, Narrow klass shift: 0, Narrow klass range: 0x100000000

GC Precious Log:
 CardTable entry size: 512
 Card Set container configuration: InlinePtr #cards 5 size 8 Array Of Cards #cards 12 size 40 Howl #buckets 4 coarsen threshold 1843 Howl Bitmap #cards 512 size 80 coarsen threshold 460 Card regions per heap region 1 cards per card region 2048
 CPUs: 8 total, 8 available
 Memory: 7971M
 Large Page Support: Disabled
 NUMA Support: Disabled
 Compressed Oops: Enabled (32-bit)
 Heap Region Size: 1M
 Heap Min Capacity: 8M
 Heap Initial Capacity: 126M
 Heap Max Capacity: 1994M
 Pre-touch: Disabled
 Parallel Workers: 8
 Concurrent Workers: 2
 Concurrent Refinement Workers: 8
 Periodic GC: Disabled

Heap:
 garbage-first heap   total 129024K, used 28715K [0x0000000083600000, 0x0000000100000000)
  region size 1024K, 22 young (22528K), 3 survivors (3072K)
 Metaspace       used 16185K, committed 16320K, reserved 1114112K
  class space    used 1914K, committed 1984K, reserved 1048576K

Heap Regions: E=young(eden), S=young(survivor), O=old, HS=humongous(starts), HC=humongous(continues), CS=collection set, F=free, OA=open archive, CA=closed archive, TAMS=top-at-mark-start (previous, next)
|   0|0x0000000083600000, 0x0000000083700000, 0x0000000083700000|100%| O|  |TAMS 0x0000000083600000, 0x0000000083600000| Untracked 
|   1|0x0000000083700000, 0x0000000083800000, 0x0000000083800000|100%| O|  |TAMS 0x0000000083700000, 0x0000000083700000| Untracked 
|   2|0x0000000083800000, 0x0000000083900000, 0x0000000083900000|100%| O|  |TAMS 0x0000000083800000, 0x0000000083800000| Untracked 
|   3|0x0000000083900000, 0x000000008390ac00, 0x0000000083a00000|  4%| O|  |TAMS 0x0000000083900000, 0x0000000083900000| Untracked 
|   4|0x0000000083a00000, 0x0000000083b00000, 0x0000000083b00000|100%|HS|  |TAMS 0x0000000083a00000, 0x0000000083a00000| Complete 
|   5|0x0000000083b00000, 0x0000000083c00000, 0x0000000083c00000|100%|HC|  |TAMS 0x0000000083b00000, 0x0000000083b00000| Complete 
|   6|0x0000000083c00000, 0x0000000083d00000, 0x0000000083d00000|100%|HC|  |TAMS 0x0000000083c00000, 0x0000000083c00000| Complete 
|   7|0x0000000083d00000, 0x0000000083e00000, 0x0000000083e00000|100%|HC|  |TAMS 0x0000000083d00000, 0x0000000083d00000| Complete 
|   8|0x0000000083e00000, 0x0000000083f00000, 0x0000000083f00000|100%|HC|  |TAMS 0x0000000083e00000, 0x0000000083e00000| Complete 
|   9|0x0000000083f00000, 0x0000000083f00000, 0x0000000084000000|  0%| F|  |TAMS 0x0000000083f00000, 0x0000000083f00000| Untracked 
|  10|0x0000000084000000, 0x0000000084000000, 0x0000000084100000|  0%| F|  |TAMS 0x0000000084000000, 0x0000000084000000| Untracked 
|  11|0x0000000084100000, 0x0000000084100000, 0x0000000084200000|  0%| F|  |TAMS 0x0000000084100000, 0x0000000084100000| Untracked 
|  12|0x0000000084200000, 0x0000000084200000, 0x0000000084300000|  0%| F|  |TAMS 0x0000000084200000, 0x0000000084200000| Untracked 
|  13|0x0000000084300000, 0x0000000084300000, 0x0000000084400000|  0%| F|  |TAMS 0x0000000084300000, 0x0000000084300000| Untracked 
|  14|0x0000000084400000, 0x0000000084400000, 0x0000000084500000|  0%| F|  |TAMS 0x0000000084400000, 0x0000000084400000| Untracked 
|  15|0x0000000084500000, 0x0000000084500000, 0x0000000084600000|  0%| F|  |TAMS 0x0000000084500000, 0x0000000084500000| Untracked 
|  16|0x0000000084600000, 0x0000000084600000, 0x0000000084700000|  0%| F|  |TAMS 0x0000000084600000, 0x0000000084600000| Untracked 
|  17|0x0000000084700000, 0x0000000084700000, 0x0000000084800000|  0%| F|  |TAMS 0x0000000084700000, 0x0000000084700000| Untracked 
|  18|0x0000000084800000, 0x0000000084800000, 0x0000000084900000|  0%| F|  |TAMS 0x0000000084800000, 0x0000000084800000| Untracked 
|  19|0x0000000084900000, 0x0000000084900000, 0x0000000084a00000|  0%| F|  |TAMS 0x0000000084900000, 0x0000000084900000| Untracked 
|  20|0x0000000084a00000, 0x0000000084a00000, 0x0000000084b00000|  0%| F|  |TAMS 0x0000000084a00000, 0x0000000084a00000| Untracked 
|  21|0x0000000084b00000, 0x0000000084b00000, 0x0000000084c00000|  0%| F|  |TAMS 0x0000000084b00000, 0x0000000084b00000| Untracked 
|  22|0x0000000084c00000, 0x0000000084c00000, 0x0000000084d00000|  0%| F|  |TAMS 0x0000000084c00000, 0x0000000084c00000| Untracked 
|  23|0x0000000084d00000, 0x0000000084d00000, 0x0000000084e00000|  0%| F|  |TAMS 0x0000000084d00000, 0x0000000084d00000| Untracked 
|  24|0x0000000084e00000, 0x0000000084e00000, 0x0000000084f00000|  0%| F|  |TAMS 0x0000000084e00000, 0x0000000084e00000| Untracked 
|  25|0x0000000084f00000, 0x0000000084f00000, 0x0000000085000000|  0%| F|  |TAMS 0x0000000084f00000, 0x0000000084f00000| Untracked 
|  26|0x0000000085000000, 0x0000000085000000, 0x0000000085100000|  0%| F|  |TAMS 0x0000000085000000, 0x0000000085000000| Untracked 
|  27|0x0000000085100000, 0x0000000085100000, 0x0000000085200000|  0%| F|  |TAMS 0x0000000085100000, 0x0000000085100000| Untracked 
|  28|0x0000000085200000, 0x0000000085200000, 0x0000000085300000|  0%| F|  |TAMS 0x0000000085200000, 0x0000000085200000| Untracked 
|  29|0x0000000085300000, 0x0000000085300000, 0x0000000085400000|  0%| F|  |TAMS 0x0000000085300000, 0x0000000085300000| Untracked 
|  30|0x0000000085400000, 0x0000000085400000, 0x0000000085500000|  0%| F|  |TAMS 0x0000000085400000, 0x0000000085400000| Untracked 
|  31|0x0000000085500000, 0x0000000085500000, 0x0000000085600000|  0%| F|  |TAMS 0x0000000085500000, 0x0000000085500000| Untracked 
|  32|0x0000000085600000, 0x0000000085600000, 0x0000000085700000|  0%| F|  |TAMS 0x0000000085600000, 0x0000000085600000| Untracked 
|  33|0x0000000085700000, 0x0000000085700000, 0x0000000085800000|  0%| F|  |TAMS 0x0000000085700000, 0x0000000085700000| Untracked 
|  34|0x0000000085800000, 0x0000000085800000, 0x0000000085900000|  0%| F|  |TAMS 0x0000000085800000, 0x0000000085800000| Untracked 
|  35|0x0000000085900000, 0x0000000085900000, 0x0000000085a00000|  0%| F|  |TAMS 0x0000000085900000, 0x0000000085900000| Untracked 
|  36|0x0000000085a00000, 0x0000000085a00000, 0x0000000085b00000|  0%| F|  |TAMS 0x0000000085a00000, 0x0000000085a00000| Untracked 
|  37|0x0000000085b00000, 0x0000000085b00000, 0x0000000085c00000|  0%| F|  |TAMS 0x0000000085b00000, 0x0000000085b00000| Untracked 
|  38|0x0000000085c00000, 0x0000000085c00000, 0x0000000085d00000|  0%| F|  |TAMS 0x0000000085c00000, 0x0000000085c00000| Untracked 
|  39|0x0000000085d00000, 0x0000000085d00000, 0x0000000085e00000|  0%| F|  |TAMS 0x0000000085d00000, 0x0000000085d00000| Untracked 
|  40|0x0000000085e00000, 0x0000000085e00000, 0x0000000085f00000|  0%| F|  |TAMS 0x0000000085e00000, 0x0000000085e00000| Untracked 
|  41|0x0000000085f00000, 0x0000000085f00000, 0x0000000086000000|  0%| F|  |TAMS 0x0000000085f00000, 0x0000000085f00000| Untracked 
|  42|0x0000000086000000, 0x0000000086000000, 0x0000000086100000|  0%| F|  |TAMS 0x0000000086000000, 0x0000000086000000| Untracked 
|  43|0x0000000086100000, 0x0000000086100000, 0x0000000086200000|  0%| F|  |TAMS 0x0000000086100000, 0x0000000086100000| Untracked 
|  44|0x0000000086200000, 0x0000000086200000, 0x0000000086300000|  0%| F|  |TAMS 0x0000000086200000, 0x0000000086200000| Untracked 
|  45|0x0000000086300000, 0x0000000086300000, 0x0000000086400000|  0%| F|  |TAMS 0x0000000086300000, 0x0000000086300000| Untracked 
|  46|0x0000000086400000, 0x0000000086400000, 0x0000000086500000|  0%| F|  |TAMS 0x0000000086400000, 0x0000000086400000| Untracked 
|  47|0x0000000086500000, 0x0000000086500000, 0x0000000086600000|  0%| F|  |TAMS 0x0000000086500000, 0x0000000086500000| Untracked 
|  48|0x0000000086600000, 0x0000000086600000, 0x0000000086700000|  0%| F|  |TAMS 0x0000000086600000, 0x0000000086600000| Untracked 
|  49|0x0000000086700000, 0x0000000086700000, 0x0000000086800000|  0%| F|  |TAMS 0x0000000086700000, 0x0000000086700000| Untracked 
|  50|0x0000000086800000, 0x0000000086800000, 0x0000000086900000|  0%| F|  |TAMS 0x0000000086800000, 0x0000000086800000| Untracked 
|  51|0x0000000086900000, 0x0000000086900000, 0x0000000086a00000|  0%| F|  |TAMS 0x0000000086900000, 0x0000000086900000| Untracked 
|  52|0x0000000086a00000, 0x0000000086a00000, 0x0000000086b00000|  0%| F|  |TAMS 0x0000000086a00000, 0x0000000086a00000| Untracked 
|  53|0x0000000086b00000, 0x0000000086b00000, 0x0000000086c00000|  0%| F|  |TAMS 0x0000000086b00000, 0x0000000086b00000| Untracked 
|  54|0x0000000086c00000, 0x0000000086c00000, 0x0000000086d00000|  0%| F|  |TAMS 0x0000000086c00000, 0x0000000086c00000| Untracked 
|  55|0x0000000086d00000, 0x0000000086d00000, 0x0000000086e00000|  0%| F|  |TAMS 0x0000000086d00000, 0x0000000086d00000| Untracked 
|  56|0x0000000086e00000, 0x0000000086e00000, 0x0000000086f00000|  0%| F|  |TAMS 0x0000000086e00000, 0x0000000086e00000| Untracked 
|  57|0x0000000086f00000, 0x0000000086f00000, 0x0000000087000000|  0%| F|  |TAMS 0x0000000086f00000, 0x0000000086f00000| Untracked 
|  58|0x0000000087000000, 0x0000000087000000, 0x0000000087100000|  0%| F|  |TAMS 0x0000000087000000, 0x0000000087000000| Untracked 
|  59|0x0000000087100000, 0x0000000087100000, 0x0000000087200000|  0%| F|  |TAMS 0x0000000087100000, 0x0000000087100000| Untracked 
|  60|0x0000000087200000, 0x0000000087200000, 0x0000000087300000|  0%| F|  |TAMS 0x0000000087200000, 0x0000000087200000| Untracked 
|  61|0x0000000087300000, 0x0000000087300000, 0x0000000087400000|  0%| F|  |TAMS 0x0000000087300000, 0x0000000087300000| Untracked 
|  62|0x0000000087400000, 0x0000000087400000, 0x0000000087500000|  0%| F|  |TAMS 0x0000000087400000, 0x0000000087400000| Untracked 
|  63|0x0000000087500000, 0x0000000087500000, 0x0000000087600000|  0%| F|  |TAMS 0x0000000087500000, 0x0000000087500000| Untracked 
|  64|0x0000000087600000, 0x0000000087600000, 0x0000000087700000|  0%| F|  |TAMS 0x0000000087600000, 0x0000000087600000| Untracked 
|  65|0x0000000087700000, 0x0000000087700000, 0x0000000087800000|  0%| F|  |TAMS 0x0000000087700000, 0x0000000087700000| Untracked 
|  66|0x0000000087800000, 0x0000000087800000, 0x0000000087900000|  0%| F|  |TAMS 0x0000000087800000, 0x0000000087800000| Untracked 
|  67|0x0000000087900000, 0x0000000087900000, 0x0000000087a00000|  0%| F|  |TAMS 0x0000000087900000, 0x0000000087900000| Untracked 
|  68|0x0000000087a00000, 0x0000000087a00000, 0x0000000087b00000|  0%| F|  |TAMS 0x0000000087a00000, 0x0000000087a00000| Untracked 
|  69|0x0000000087b00000, 0x0000000087b00000, 0x0000000087c00000|  0%| F|  |TAMS 0x0000000087b00000, 0x0000000087b00000| Untracked 
|  70|0x0000000087c00000, 0x0000000087c00000, 0x0000000087d00000|  0%| F|  |TAMS 0x0000000087c00000, 0x0000000087c00000| Untracked 
|  71|0x0000000087d00000, 0x0000000087d00000, 0x0000000087e00000|  0%| F|  |TAMS 0x0000000087d00000, 0x0000000087d00000| Untracked 
|  72|0x0000000087e00000, 0x0000000087e00000, 0x0000000087f00000|  0%| F|  |TAMS 0x0000000087e00000, 0x0000000087e00000| Untracked 
|  73|0x0000000087f00000, 0x0000000087f00000, 0x0000000088000000|  0%| F|  |TAMS 0x0000000087f00000, 0x0000000087f00000| Untracked 
|  74|0x0000000088000000, 0x0000000088000000, 0x0000000088100000|  0%| F|  |TAMS 0x0000000088000000, 0x0000000088000000| Untracked 
|  75|0x0000000088100000, 0x0000000088100000, 0x0000000088200000|  0%| F|  |TAMS 0x0000000088100000, 0x0000000088100000| Untracked 
|  76|0x0000000088200000, 0x0000000088200000, 0x0000000088300000|  0%| F|  |TAMS 0x0000000088200000, 0x0000000088200000| Untracked 
|  77|0x0000000088300000, 0x0000000088300000, 0x0000000088400000|  0%| F|  |TAMS 0x0000000088300000, 0x0000000088300000| Untracked 
|  78|0x0000000088400000, 0x0000000088400000, 0x0000000088500000|  0%| F|  |TAMS 0x0000000088400000, 0x0000000088400000| Untracked 
|  79|0x0000000088500000, 0x0000000088500000, 0x0000000088600000|  0%| F|  |TAMS 0x0000000088500000, 0x0000000088500000| Untracked 
|  80|0x0000000088600000, 0x0000000088600000, 0x0000000088700000|  0%| F|  |TAMS 0x0000000088600000, 0x0000000088600000| Untracked 
|  81|0x0000000088700000, 0x0000000088700000, 0x0000000088800000|  0%| F|  |TAMS 0x0000000088700000, 0x0000000088700000| Untracked 
|  82|0x0000000088800000, 0x0000000088800000, 0x0000000088900000|  0%| F|  |TAMS 0x0000000088800000, 0x0000000088800000| Untracked 
|  83|0x0000000088900000, 0x0000000088900000, 0x0000000088a00000|  0%| F|  |TAMS 0x0000000088900000, 0x0000000088900000| Untracked 
|  84|0x0000000088a00000, 0x0000000088a00000, 0x0000000088b00000|  0%| F|  |TAMS 0x0000000088a00000, 0x0000000088a00000| Untracked 
|  85|0x0000000088b00000, 0x0000000088b00000, 0x0000000088c00000|  0%| F|  |TAMS 0x0000000088b00000, 0x0000000088b00000| Untracked 
|  86|0x0000000088c00000, 0x0000000088c00000, 0x0000000088d00000|  0%| F|  |TAMS 0x0000000088c00000, 0x0000000088c00000| Untracked 
|  87|0x0000000088d00000, 0x0000000088d00000, 0x0000000088e00000|  0%| F|  |TAMS 0x0000000088d00000, 0x0000000088d00000| Untracked 
|  88|0x0000000088e00000, 0x0000000088e00000, 0x0000000088f00000|  0%| F|  |TAMS 0x0000000088e00000, 0x0000000088e00000| Untracked 
|  89|0x0000000088f00000, 0x0000000088f00000, 0x0000000089000000|  0%| F|  |TAMS 0x0000000088f00000, 0x0000000088f00000| Untracked 
|  90|0x0000000089000000, 0x0000000089000000, 0x0000000089100000|  0%| F|  |TAMS 0x0000000089000000, 0x0000000089000000| Untracked 
|  91|0x0000000089100000, 0x0000000089100000, 0x0000000089200000|  0%| F|  |TAMS 0x0000000089100000, 0x0000000089100000| Untracked 
|  92|0x0000000089200000, 0x0000000089200000, 0x0000000089300000|  0%| F|  |TAMS 0x0000000089200000, 0x0000000089200000| Untracked 
|  93|0x0000000089300000, 0x0000000089300000, 0x0000000089400000|  0%| F|  |TAMS 0x0000000089300000, 0x0000000089300000| Untracked 
|  94|0x0000000089400000, 0x0000000089400000, 0x0000000089500000|  0%| F|  |TAMS 0x0000000089400000, 0x0000000089400000| Untracked 
|  95|0x0000000089500000, 0x0000000089500000, 0x0000000089600000|  0%| F|  |TAMS 0x0000000089500000, 0x0000000089500000| Untracked 
|  96|0x0000000089600000, 0x0000000089600000, 0x0000000089700000|  0%| F|  |TAMS 0x0000000089600000, 0x0000000089600000| Untracked 
|  97|0x0000000089700000, 0x0000000089700000, 0x0000000089800000|  0%| F|  |TAMS 0x0000000089700000, 0x0000000089700000| Untracked 
|  98|0x0000000089800000, 0x0000000089800000, 0x0000000089900000|  0%| F|  |TAMS 0x0000000089800000, 0x0000000089800000| Untracked 
|  99|0x0000000089900000, 0x0000000089900000, 0x0000000089a00000|  0%| F|  |TAMS 0x0000000089900000, 0x0000000089900000| Untracked 
| 100|0x0000000089a00000, 0x0000000089b00000, 0x0000000089b00000|100%| S|CS|TAMS 0x0000000089a00000, 0x0000000089a00000| Complete 
| 101|0x0000000089b00000, 0x0000000089c00000, 0x0000000089c00000|100%| S|CS|TAMS 0x0000000089b00000, 0x0000000089b00000| Complete 
| 102|0x0000000089c00000, 0x0000000089d00000, 0x0000000089d00000|100%| S|CS|TAMS 0x0000000089c00000, 0x0000000089c00000| Complete 
| 103|0x0000000089d00000, 0x0000000089d00000, 0x0000000089e00000|  0%| F|  |TAMS 0x0000000089d00000, 0x0000000089d00000| Untracked 
| 104|0x0000000089e00000, 0x0000000089e00000, 0x0000000089f00000|  0%| F|  |TAMS 0x0000000089e00000, 0x0000000089e00000| Untracked 
| 105|0x0000000089f00000, 0x0000000089f00000, 0x000000008a000000|  0%| F|  |TAMS 0x0000000089f00000, 0x0000000089f00000| Untracked 
| 106|0x000000008a000000, 0x000000008a000000, 0x000000008a100000|  0%| F|  |TAMS 0x000000008a000000, 0x000000008a000000| Untracked 
| 107|0x000000008a100000, 0x000000008a1c8570, 0x000000008a200000| 78%| E|  |TAMS 0x000000008a100000, 0x000000008a100000| Complete 
| 108|0x000000008a200000, 0x000000008a300000, 0x000000008a300000|100%| E|CS|TAMS 0x000000008a200000, 0x000000008a200000| Complete 
| 109|0x000000008a300000, 0x000000008a400000, 0x000000008a400000|100%| E|CS|TAMS 0x000000008a300000, 0x000000008a300000| Complete 
| 110|0x000000008a400000, 0x000000008a500000, 0x000000008a500000|100%| E|CS|TAMS 0x000000008a400000, 0x000000008a400000| Complete 
| 111|0x000000008a500000, 0x000000008a600000, 0x000000008a600000|100%| E|CS|TAMS 0x000000008a500000, 0x000000008a500000| Complete 
| 112|0x000000008a600000, 0x000000008a700000, 0x000000008a700000|100%| E|CS|TAMS 0x000000008a600000, 0x000000008a600000| Complete 
| 113|0x000000008a700000, 0x000000008a800000, 0x000000008a800000|100%| E|CS|TAMS 0x000000008a700000, 0x000000008a700000| Complete 
| 114|0x000000008a800000, 0x000000008a900000, 0x000000008a900000|100%| E|CS|TAMS 0x000000008a800000, 0x000000008a800000| Complete 
| 115|0x000000008a900000, 0x000000008aa00000, 0x000000008aa00000|100%| E|CS|TAMS 0x000000008a900000, 0x000000008a900000| Complete 
| 116|0x000000008aa00000, 0x000000008ab00000, 0x000000008ab00000|100%| E|CS|TAMS 0x000000008aa00000, 0x000000008aa00000| Complete 
| 117|0x000000008ab00000, 0x000000008ac00000, 0x000000008ac00000|100%| E|CS|TAMS 0x000000008ab00000, 0x000000008ab00000| Complete 
| 118|0x000000008ac00000, 0x000000008ad00000, 0x000000008ad00000|100%| E|CS|TAMS 0x000000008ac00000, 0x000000008ac00000| Complete 
| 119|0x000000008ad00000, 0x000000008ae00000, 0x000000008ae00000|100%| E|CS|TAMS 0x000000008ad00000, 0x000000008ad00000| Complete 
| 120|0x000000008ae00000, 0x000000008af00000, 0x000000008af00000|100%| E|CS|TAMS 0x000000008ae00000, 0x000000008ae00000| Complete 
| 121|0x000000008af00000, 0x000000008b000000, 0x000000008b000000|100%| E|CS|TAMS 0x000000008af00000, 0x000000008af00000| Complete 
| 122|0x000000008b000000, 0x000000008b100000, 0x000000008b100000|100%| E|CS|TAMS 0x000000008b000000, 0x000000008b000000| Complete 
| 123|0x000000008b100000, 0x000000008b200000, 0x000000008b200000|100%| E|  |TAMS 0x000000008b100000, 0x000000008b100000| Complete 
| 124|0x000000008b200000, 0x000000008b300000, 0x000000008b300000|100%| E|CS|TAMS 0x000000008b200000, 0x000000008b200000| Complete 
| 125|0x000000008b300000, 0x000000008b400000, 0x000000008b400000|100%| E|CS|TAMS 0x000000008b300000, 0x000000008b300000| Complete 

Card table byte_map: [0x00000108fd6b0000,0x00000108fdaa0000] _byte_map_base: 0x00000108fd295000

Marking Bits (Prev, Next): (CMBitMap*) 0x00000108f5080b70, (CMBitMap*) 0x00000108f5080bb0
 Prev Bits: [0x00000108fde90000, 0x00000108ffdb8000)
 Next Bits: [0x000001088f000000, 0x0000010890f28000)

Polling page: 0x00000108f47e0000

Metaspace:

Usage:
  Non-class:     13.94 MB used.
      Class:      1.87 MB used.
       Both:     15.81 MB used.

Virtual space:
  Non-class space:       64.00 MB reserved,      14.00 MB ( 22%) committed,  1 nodes.
      Class space:        1.00 GB reserved,       1.94 MB ( <1%) committed,  1 nodes.
             Both:        1.06 GB reserved,      15.94 MB (  1%) committed. 

Chunk freelists:
   Non-Class:  1.17 MB
       Class:  1.95 MB
        Both:  3.12 MB

MaxMetaspaceSize: unlimited
CompressedClassSpaceSize: 1.00 GB
Initial GC threshold: 21.00 MB
Current GC threshold: 21.00 MB
CDS: on
MetaspaceReclaimPolicy: balanced
 - commit_granule_bytes: 65536.
 - commit_granule_words: 8192.
 - virtual_space_node_default_size: 8388608.
 - enlarge_chunks_in_place: 1.
 - new_chunks_are_fully_committed: 0.
 - uncommit_free_chunks: 1.
 - use_allocation_guard: 0.


Internal statistics:

num_allocs_failed_limit: 0.
num_arena_births: 104.
num_arena_deaths: 0.
num_vsnodes_births: 2.
num_vsnodes_deaths: 0.
num_space_committed: 255.
num_space_uncommitted: 0.
num_chunks_returned_to_freelist: 0.
num_chunks_taken_from_freelist: 468.
num_chunk_merges: 0.
num_chunk_splits: 336.
num_chunks_enlarged: 289.
num_inconsistent_stats: 0.

CodeHeap 'non-profiled nmethods': size=120000Kb used=491Kb max_used=491Kb free=119508Kb
 bounds [0x0000010887ad0000, 0x0000010887d40000, 0x000001088f000000]
CodeHeap 'profiled nmethods': size=120000Kb used=2783Kb max_used=2783Kb free=117216Kb
 bounds [0x0000010880000000, 0x00000108802c0000, 0x0000010887530000]
CodeHeap 'non-nmethods': size=5760Kb used=1339Kb max_used=1355Kb free=4420Kb
 bounds [0x0000010887530000, 0x00000108877a0000, 0x0000010887ad0000]
 total_blobs=2056 nmethods=1506 adapters=461
 compilation: enabled
              stopped_count=0, restarted_count=0
 full_count=0

Compilation events (20 events):
Event: 3.680 Thread 0x0000010893773530 1496       3       io.netty.buffer.PooledUnsafeDirectByteBuf::addr (8 bytes)
Event: 3.680 Thread 0x0000010893773530 nmethod 1496 0x00000108802b4110 code [0x00000108802b42a0, 0x00000108802b43b8]
Event: 3.688 Thread 0x0000010893773530 1497       3       io.netty.util.AsciiString::<init> (131 bytes)
Event: 3.689 Thread 0x0000010893773530 nmethod 1497 0x00000108802b4490 code [0x00000108802b47a0, 0x00000108802b57c8]
Event: 3.689 Thread 0x0000010893773530 1498       3       java.util.logging.LogManager$LoggerContext::requiresDefaultLoggers (29 bytes)
Event: 3.690 Thread 0x0000010893773530 nmethod 1498 0x00000108802b5e10 code [0x00000108802b5fc0, 0x00000108802b61e8]
Event: 3.694 Thread 0x000001089376ff90 1499   !   4       java.util.concurrent.ConcurrentHashMap::transfer (849 bytes)
Event: 3.703 Thread 0x0000010893773530 1501       3       java.lang.invoke.InnerClassLambdaMetafactory::getParameterSize (27 bytes)
Event: 3.704 Thread 0x0000010893773530 nmethod 1501 0x00000108802b6310 code [0x00000108802b64c0, 0x00000108802b66d8]
Event: 3.715 Thread 0x0000010893773530 1502       1       io.netty.channel.DefaultChannelPipeline::channel (5 bytes)
Event: 3.715 Thread 0x0000010893773530 nmethod 1502 0x0000010887b48190 code [0x0000010887b48320, 0x0000010887b483d8]
Event: 3.719 Thread 0x0000010893773530 1503       3       java.lang.invoke.DirectMethodHandle$Holder::newInvokeSpecial (24 bytes)
Event: 3.719 Thread 0x0000010893773530 nmethod 1503 0x00000108802b6790 code [0x00000108802b6980, 0x00000108802b7108]
Event: 3.726 Thread 0x000001089376ff90 nmethod 1499 0x0000010887b48490 code [0x0000010887b48660, 0x0000010887b49e78]
Event: 3.754 Thread 0x000001089376ff90 1504       4       java.lang.String::regionMatches (150 bytes)
Event: 3.760 Thread 0x000001089376ff90 nmethod 1504 0x0000010887b4a610 code [0x0000010887b4a7a0, 0x0000010887b4abd8]
Event: 3.794 Thread 0x0000010893773530 1505       3       com.google.common.base.Preconditions::checkNotNull (14 bytes)
Event: 3.794 Thread 0x0000010893773530 nmethod 1505 0x00000108802b7310 code [0x00000108802b74c0, 0x00000108802b76a8]
Event: 3.799 Thread 0x0000010893773530 1506       3       java.nio.ByteBuffer::<init> (47 bytes)
Event: 3.800 Thread 0x0000010893773530 nmethod 1506 0x00000108802b7790 code [0x00000108802b7940, 0x00000108802b7b68]

GC Heap History (2 events):
Event: 0.902 GC heap before
{Heap before GC invocations=0 (full 0):
 garbage-first heap   total 129024K, used 22528K [0x0000000083600000, 0x0000000100000000)
  region size 1024K, 23 young (23552K), 0 survivors (0K)
 Metaspace       used 9783K, committed 9920K, reserved 1114112K
  class space    used 1058K, committed 1152K, reserved 1048576K
}
Event: 0.907 GC heap after
{Heap after GC invocations=1 (full 0):
 garbage-first heap   total 129024K, used 6187K [0x0000000083600000, 0x0000000100000000)
  region size 1024K, 3 young (3072K), 3 survivors (3072K)
 Metaspace       used 9783K, committed 9920K, reserved 1114112K
  class space    used 1058K, committed 1152K, reserved 1048576K
}

Dll operation events (11 events):
Event: 0.021 Loaded shared library C:\Program Files\Java\jdk-19\bin\java.dll
Event: 0.031 Loaded shared library C:\Program Files\Java\jdk-19\bin\jsvml.dll
Event: 0.075 Loaded shared library C:\Program Files\Java\jdk-19\bin\net.dll
Event: 0.077 Loaded shared library C:\Program Files\Java\jdk-19\bin\nio.dll
Event: 0.081 Loaded shared library C:\Program Files\Java\jdk-19\bin\zip.dll
Event: 0.164 Loaded shared library C:\Program Files\Java\jdk-19\bin\jimage.dll
Event: 0.197 Loaded shared library C:\Program Files\Java\jdk-19\bin\extnet.dll
Event: 0.751 Loaded shared library C:\Program Files\Java\jdk-19\bin\management.dll
Event: 0.753 Loaded shared library C:\Program Files\Java\jdk-19\bin\management_ext.dll
Event: 0.791 Loaded shared library C:\Program Files\Java\jdk-19\bin\sunmscapi.dll
Event: 0.995 Loaded shared library C:\Program Files\Java\jdk-19\bin\verify.dll

Deoptimization events (20 events):
Event: 0.973 Thread 0x00000108f5022640 DEOPT PACKING pc=0x0000010887b32434 sp=0x00000006bdafd570
Event: 0.973 Thread 0x00000108f5022640 DEOPT UNPACKING pc=0x000001088759a5a3 sp=0x00000006bdafd4f8 mode 2
Event: 0.973 Thread 0x00000108f5022640 Uncommon trap: trap_request=0xffffffde fr.pc=0x0000010887b32434 relative=0x0000000000000114
Event: 0.973 Thread 0x00000108f5022640 Uncommon trap: reason=class_check action=maybe_recompile pc=0x0000010887b32434 method=jdk.internal.misc.Unsafe.allocateUninitializedArray(Ljava/lang/Class;I)Ljava/lang/Object; @ 51 c2
Event: 0.973 Thread 0x00000108f5022640 DEOPT PACKING pc=0x0000010887b32434 sp=0x00000006bdafcf00
Event: 0.973 Thread 0x00000108f5022640 DEOPT UNPACKING pc=0x000001088759a5a3 sp=0x00000006bdafce88 mode 2
Event: 0.973 Thread 0x00000108f5022640 Uncommon trap: trap_request=0xffffffde fr.pc=0x0000010887b32434 relative=0x0000000000000114
Event: 0.973 Thread 0x00000108f5022640 Uncommon trap: reason=class_check action=maybe_recompile pc=0x0000010887b32434 method=jdk.internal.misc.Unsafe.allocateUninitializedArray(Ljava/lang/Class;I)Ljava/lang/Object; @ 51 c2
Event: 0.973 Thread 0x00000108f5022640 DEOPT PACKING pc=0x0000010887b32434 sp=0x00000006bdafd390
Event: 0.973 Thread 0x00000108f5022640 DEOPT UNPACKING pc=0x000001088759a5a3 sp=0x00000006bdafd318 mode 2
Event: 0.991 Thread 0x00000108f5022640 Uncommon trap: trap_request=0xffffffde fr.pc=0x0000010887b05310 relative=0x00000000000002d0
Event: 0.991 Thread 0x00000108f5022640 Uncommon trap: reason=class_check action=maybe_recompile pc=0x0000010887b05310 method=java.util.regex.Pattern$BmpCharPropertyGreedy.match(Ljava/util/regex/Matcher;ILjava/lang/CharSequence;)Z @ 26 c2
Event: 0.992 Thread 0x00000108f5022640 DEOPT PACKING pc=0x0000010887b05310 sp=0x00000006bdafde40
Event: 0.992 Thread 0x00000108f5022640 DEOPT UNPACKING pc=0x000001088759a5a3 sp=0x00000006bdafddf8 mode 2
Event: 1.227 Thread 0x0000010898b4dbf0 Uncommon trap: trap_request=0xffffff45 fr.pc=0x0000010887b20f74 relative=0x00000000000008d4
Event: 1.227 Thread 0x0000010898b4dbf0 Uncommon trap: reason=unstable_if action=reinterpret pc=0x0000010887b20f74 method=java.util.HashMap.putVal(ILjava/lang/Object;Ljava/lang/Object;ZZ)Ljava/lang/Object; @ 81 c2
Event: 1.227 Thread 0x0000010898b4dbf0 DEOPT PACKING pc=0x0000010887b20f74 sp=0x00000006bfdff040
Event: 1.227 Thread 0x0000010898b4dbf0 DEOPT UNPACKING pc=0x000001088759a5a3 sp=0x00000006bfdff000 mode 2
Event: 3.694 Thread 0x0000010898b4dbf0 DEOPT PACKING pc=0x0000010880223502 sp=0x00000006bfdfc750
Event: 3.694 Thread 0x0000010898b4dbf0 DEOPT UNPACKING pc=0x000001088759b0e3 sp=0x00000006bfdfbc60 mode 0

Classes loaded (20 events):
Event: 1.215 Loading class java/io/PushbackInputStream
Event: 1.215 Loading class java/io/PushbackInputStream done
Event: 1.223 Loading class java/nio/charset/IllegalCharsetNameException
Event: 1.223 Loading class java/nio/charset/IllegalCharsetNameException done
Event: 1.223 Loading class java/nio/charset/UnsupportedCharsetException
Event: 1.223 Loading class java/nio/charset/UnsupportedCharsetException done
Event: 1.226 Loading class sun/nio/ch/IOVecWrapper
Event: 1.226 Loading class sun/nio/ch/IOVecWrapper done
Event: 1.226 Loading class sun/nio/ch/AllocatedNativeObject
Event: 1.226 Loading class sun/nio/ch/NativeObject
Event: 1.226 Loading class sun/nio/ch/NativeObject done
Event: 1.226 Loading class sun/nio/ch/AllocatedNativeObject done
Event: 1.226 Loading class sun/nio/ch/IOVecWrapper$Deallocator
Event: 1.226 Loading class sun/nio/ch/IOVecWrapper$Deallocator done
Event: 3.701 Loading class java/util/concurrent/ConcurrentLinkedDeque
Event: 3.702 Loading class java/util/concurrent/ConcurrentLinkedDeque done
Event: 3.704 Loading class java/util/concurrent/ConcurrentLinkedDeque$Node
Event: 3.704 Loading class java/util/concurrent/ConcurrentLinkedDeque$Node done
Event: 3.762 Loading class java/util/DualPivotQuicksort
Event: 3.762 Loading class java/util/DualPivotQuicksort done

Classes unloaded (0 events):
No events

Classes redefined (0 events):
No events

Internal exceptions (20 events):
Event: 0.760 Thread 0x00000108f5022640 Exception <a 'java/lang/NoSuchMethodError'{0x000000008a6a1df8}: 'void java.lang.invoke.DirectMethodHandle$Holder.invokeSpecial(java.lang.Object, java.lang.Object, java.lang.Object)'> (0x000000008a6a1df8) 
thrown [s\open\src\hotspot\share\interpreter\linkResolver.cpp, line 774]
Event: 0.809 Thread 0x00000108f5022640 Exception <a 'sun/nio/fs/WindowsException'{0x000000008a3b8ec8}> (0x000000008a3b8ec8) 
thrown [s\open\src\hotspot\share\prims\jni.cpp, line 517]
Event: 0.977 Thread 0x00000108f5022640 Exception <a 'java/lang/NoSuchMethodError'{0x000000008af54698}: 'java.lang.Object java.lang.invoke.DirectMethodHandle$Holder.invokeSpecialIFC(java.lang.Object, java.lang.Object, java.lang.Object, java.lang.Object)'> (0x000000008af54698) 
thrown [s\open\src\hotspot\share\interpreter\linkResolver.cpp, line 774]
Event: 0.990 Thread 0x00000108f5022640 Exception <a 'java/lang/NoSuchMethodError'{0x000000008ae3c1b8}: 'java.lang.Object java.lang.invoke.DirectMethodHandle$Holder.invokeInterface(java.lang.Object, java.lang.Object, java.lang.Object)'> (0x000000008ae3c1b8) 
thrown [s\open\src\hotspot\share\interpreter\linkResolver.cpp, line 774]
Event: 0.990 Thread 0x00000108f5022640 Exception <a 'java/lang/IncompatibleClassChangeError'{0x000000008ae3f898}: Found class java.lang.Object, but interface was expected> (0x000000008ae3f898) 
thrown [s\open\src\hotspot\share\interpreter\linkResolver.cpp, line 841]
Event: 0.991 Thread 0x00000108f5022640 Exception <a 'java/lang/NoSuchMethodError'{0x000000008ae48068}: 'int java.lang.invoke.DirectMethodHandle$Holder.invokeSpecialIFC(java.lang.Object, java.lang.Object, java.lang.Object, java.lang.Object)'> (0x000000008ae48068) 
thrown [s\open\src\hotspot\share\interpreter\linkResolver.cpp, line 774]
Event: 1.074 Thread 0x00000108f5022640 Exception <a 'java/lang/NoSuchMethodError'{0x000000008add6ac0}: 'int java.lang.invoke.DirectMethodHandle$Holder.invokeVirtual(java.lang.Object, java.lang.Object)'> (0x000000008add6ac0) 
thrown [s\open\src\hotspot\share\interpreter\linkResolver.cpp, line 774]
Event: 1.075 Thread 0x00000108f5022640 Exception <a 'java/lang/NoSuchMethodError'{0x000000008addd0f8}: 'double java.lang.invoke.DirectMethodHandle$Holder.invokeVirtual(java.lang.Object, java.lang.Object)'> (0x000000008addd0f8) 
thrown [s\open\src\hotspot\share\interpreter\linkResolver.cpp, line 774]
Event: 1.075 Thread 0x00000108f5022640 Exception <a 'java/lang/NoSuchMethodError'{0x000000008ade3988}: 'float java.lang.invoke.DirectMethodHandle$Holder.invokeVirtual(java.lang.Object, java.lang.Object)'> (0x000000008ade3988) 
thrown [s\open\src\hotspot\share\interpreter\linkResolver.cpp, line 774]
Event: 1.076 Thread 0x00000108f5022640 Exception <a 'java/lang/NoSuchMethodError'{0x000000008adeccd8}: 'long java.lang.invoke.DirectMethodHandle$Holder.invokeVirtual(java.lang.Object, java.lang.Object)'> (0x000000008adeccd8) 
thrown [s\open\src\hotspot\share\interpreter\linkResolver.cpp, line 774]
Event: 1.078 Thread 0x00000108f5022640 Exception <a 'java/lang/NoSuchMethodError'{0x000000008ac20380}: 'java.lang.Object java.lang.invoke.DirectMethodHandle$Holder.invokeVirtual(java.lang.Object, java.lang.Object, java.lang.Object)'> (0x000000008ac20380) 
thrown [s\open\src\hotspot\share\interpreter\linkResolver.cpp, line 774]
Event: 1.095 Thread 0x00000108f5022640 Exception <a 'java/lang/NoSuchMethodError'{0x000000008ab34248}: 'void java.lang.invoke.DirectMethodHandle$Holder.invokeSpecial(java.lang.Object, java.lang.Object, java.lang.Object, java.lang.Object, java.lang.Object)'> (0x000000008ab34248) 
thrown [s\open\src\hotspot\share\interpreter\linkResolver.cpp, line 774]
Event: 1.095 Thread 0x00000108f5022640 Exception <a 'java/lang/NoSuchMethodError'{0x000000008ab3b1a0}: 'void java.lang.invoke.DirectMethodHandle$Holder.invokeStatic(java.lang.Object, java.lang.Object, int)'> (0x000000008ab3b1a0) 
thrown [s\open\src\hotspot\share\interpreter\linkResolver.cpp, line 774]
Event: 1.102 Thread 0x00000108f5022640 Exception <a 'java/lang/NoSuchMethodError'{0x000000008abc6010}: 'java.lang.Object java.lang.invoke.DirectMethodHandle$Holder.newInvokeSpecial(java.lang.Object, java.lang.Object, java.lang.Object, java.lang.Object, java.lang.Object)'> (0x000000008abc6010) 
thrown [s\open\src\hotspot\share\interpreter\linkResolver.cpp, line 774]
Event: 1.117 Thread 0x00000108f5022640 Exception <a 'java/lang/NoSuchMethodError'{0x000000008a920980}: 'int java.lang.invoke.DirectMethodHandle$Holder.invokeSpecialIFC(java.lang.Object, java.lang.Object, java.lang.Object)'> (0x000000008a920980) 
thrown [s\open\src\hotspot\share\interpreter\linkResolver.cpp, line 774]
Event: 1.124 Thread 0x00000108f5022640 Exception <a 'java/lang/NoSuchMethodError'{0x000000008a997070}: 'void java.lang.invoke.DirectMethodHandle$Holder.invokeInterface(java.lang.Object, java.lang.Object, java.lang.Object)'> (0x000000008a997070) 
thrown [s\open\src\hotspot\share\interpreter\linkResolver.cpp, line 774]
Event: 1.126 Thread 0x00000108f5022640 Exception <a 'java/lang/NoSuchMethodError'{0x000000008a9b4490}: 'java.lang.Object java.lang.invoke.Invokers$Holder.invokeExact_MT(java.lang.Object, java.lang.Object, java.lang.Object, java.lang.Object, java.lang.Object, java.lang.Object)'> (0x000000008a9b4490) 
thrown [s\open\src\hotspot\share\interpreter\linkResolver.cpp, line 774]
Event: 1.135 Thread 0x00000108f5022640 Exception <a 'java/lang/NoSuchMethodError'{0x000000008a84af28}: 'void java.lang.invoke.DirectMethodHandle$Holder.invokeStatic(java.lang.Object, java.lang.Object, java.lang.Object, java.lang.Object)'> (0x000000008a84af28) 
thrown [s\open\src\hotspot\share\interpreter\linkResolver.cpp, line 774]
Event: 1.161 Thread 0x00000108f5022640 Exception <a 'java/lang/NoSuchMethodError'{0x000000008a644440}: 'long java.lang.invoke.DirectMethodHandle$Holder.invokeInterface(java.lang.Object, java.lang.Object)'> (0x000000008a644440) 
thrown [s\open\src\hotspot\share\interpreter\linkResolver.cpp, line 774]
Event: 1.162 Thread 0x00000108f5022640 Exception <a 'java/lang/NoSuchMethodError'{0x000000008a649330}: 'long java.lang.invoke.DelegatingMethodHandle$Holder.reinvoke_L(java.lang.Object, java.lang.Object)'> (0x000000008a649330) 
thrown [s\open\src\hotspot\share\interpreter\linkResolver.cpp, line 774]

VM Operations (20 events):
Event: 0.220 Executing VM operation: HandshakeAllThreads
Event: 0.220 Executing VM operation: HandshakeAllThreads done
Event: 0.659 Executing VM operation: HandshakeAllThreads
Event: 0.659 Executing VM operation: HandshakeAllThreads done
Event: 0.706 Executing VM operation: HandshakeAllThreads
Event: 0.706 Executing VM operation: HandshakeAllThreads done
Event: 0.720 Executing VM operation: HandshakeAllThreads
Event: 0.720 Executing VM operation: HandshakeAllThreads done
Event: 0.728 Executing VM operation: HandshakeAllThreads
Event: 0.728 Executing VM operation: HandshakeAllThreads done
Event: 0.794 Executing VM operation: HandshakeAllThreads
Event: 0.794 Executing VM operation: HandshakeAllThreads done
Event: 0.902 Executing VM operation: ICBufferFull
Event: 0.902 Executing VM operation: ICBufferFull done
Event: 0.902 Executing VM operation: G1CollectForAllocation
Event: 0.907 Executing VM operation: G1CollectForAllocation done
Event: 0.999 Executing VM operation: HandshakeAllThreads
Event: 0.999 Executing VM operation: HandshakeAllThreads done
Event: 2.007 Executing VM operation: Cleanup
Event: 2.007 Executing VM operation: Cleanup done

Events (20 events):
Event: 0.040 Thread 0x0000010893761400 Thread added: 0x0000010893761400
Event: 0.040 Thread 0x0000010893761fc0 Thread added: 0x0000010893761fc0
Event: 0.041 Thread 0x000001089376ab90 Thread added: 0x000001089376ab90
Event: 0.041 Thread 0x000001089376ff90 Thread added: 0x000001089376ff90
Event: 0.041 Thread 0x0000010893773530 Thread added: 0x0000010893773530
Event: 0.041 Thread 0x0000010893785aa0 Thread added: 0x0000010893785aa0
Event: 0.068 Thread 0x00000108979f3bd0 Thread added: 0x00000108979f3bd0
Event: 0.071 Thread 0x00000108979fa520 Thread added: 0x00000108979fa520
Event: 0.108 Thread 0x0000010897c05700 Thread added: 0x0000010897c05700
Event: 0.508 Thread 0x0000010897c05700 Thread exited: 0x0000010897c05700
Event: 0.680 Thread 0x0000010897fb9da0 Thread added: 0x0000010897fb9da0
Event: 0.773 Thread 0x0000010898470bb0 Thread added: 0x0000010898470bb0
Event: 0.861 Thread 0x000001089820b320 Thread added: 0x000001089820b320
Event: 0.998 Thread 0x0000010898a2b810 Thread added: 0x0000010898a2b810
Event: 1.003 Thread 0x00000108989be280 Thread added: 0x00000108989be280
Event: 1.003 Thread 0x0000010898a0eae0 Thread added: 0x0000010898a0eae0
Event: 1.060 Thread 0x0000010898a0f020 Thread added: 0x0000010898a0f020
Event: 1.061 Thread 0x0000010898a0f560 Thread added: 0x0000010898a0f560
Event: 1.196 Thread 0x0000010898b4dbf0 Thread added: 0x0000010898b4dbf0
Event: 1.427 Thread 0x000001089820b320 Thread exited: 0x000001089820b320


Dynamic libraries:
0x00007ff6a81b0000 - 0x00007ff6a81c0000 	C:\Program Files\Java\jdk-19\bin\javaw.exe
0x00007ffca7170000 - 0x00007ffca7387000 	C:\WINDOWS\SYSTEM32\ntdll.dll
0x00007ffca5f50000 - 0x00007ffca6014000 	C:\WINDOWS\System32\KERNEL32.DLL
0x00007ffca45a0000 - 0x00007ffca4946000 	C:\WINDOWS\System32\KERNELBASE.dll
0x00007ffca4da0000 - 0x00007ffca4eb1000 	C:\WINDOWS\System32\ucrtbase.dll
0x00007ffc9f280000 - 0x00007ffc9f298000 	C:\Program Files\Java\jdk-19\bin\jli.dll
0x00007ffc9e6d0000 - 0x00007ffc9e6eb000 	C:\Program Files\Java\jdk-19\bin\VCRUNTIME140.dll
0x00007ffca5c40000 - 0x00007ffca5cf1000 	C:\WINDOWS\System32\ADVAPI32.dll
0x00007ffca6ef0000 - 0x00007ffca6f97000 	C:\WINDOWS\System32\msvcrt.dll
0x00007ffca5320000 - 0x00007ffca53c5000 	C:\WINDOWS\System32\sechost.dll
0x00007ffca6b60000 - 0x00007ffca6c77000 	C:\WINDOWS\System32\RPCRT4.dll
0x00007ffca5a00000 - 0x00007ffca5bae000 	C:\WINDOWS\System32\USER32.dll
0x00007ffca4d00000 - 0x00007ffca4d26000 	C:\WINDOWS\System32\win32u.dll
0x00007ffca6c80000 - 0x00007ffca6ca9000 	C:\WINDOWS\System32\GDI32.dll
0x00007ffca4950000 - 0x00007ffca4a68000 	C:\WINDOWS\System32\gdi32full.dll
0x00007ffc7f910000 - 0x00007ffc7fba3000 	C:\WINDOWS\WinSxS\amd64_microsoft.windows.common-controls_6595b64144ccf1df_6.0.22621.2506_none_270c5ae97388e100\COMCTL32.dll
0x00007ffca4c60000 - 0x00007ffca4cfa000 	C:\WINDOWS\System32\msvcp_win.dll
0x00007ffc99100000 - 0x00007ffc9910a000 	C:\WINDOWS\SYSTEM32\VERSION.dll
0x00007ffca4ec0000 - 0x00007ffca4ef1000 	C:\WINDOWS\System32\IMM32.DLL
0x00007ffc9f460000 - 0x00007ffc9f46c000 	C:\Program Files\Java\jdk-19\bin\vcruntime140_1.dll
0x00007ffc8ebb0000 - 0x00007ffc8ec3e000 	C:\Program Files\Java\jdk-19\bin\msvcp140.dll
0x00007ffc65020000 - 0x00007ffc65ce0000 	C:\Program Files\Java\jdk-19\bin\server\jvm.dll
0x00007ffc99310000 - 0x00007ffc99344000 	C:\WINDOWS\SYSTEM32\WINMM.dll
0x00007ffc99350000 - 0x00007ffc99359000 	C:\WINDOWS\SYSTEM32\WSOCK32.dll
0x00007ffca7000000 - 0x00007ffca7071000 	C:\WINDOWS\System32\WS2_32.dll
0x00007ffca35d0000 - 0x00007ffca35e8000 	C:\WINDOWS\SYSTEM32\kernel.appcore.dll
0x00007ffc9f3e0000 - 0x00007ffc9f3ea000 	C:\Program Files\Java\jdk-19\bin\jimage.dll
0x00007ffca16a0000 - 0x00007ffca18d3000 	C:\WINDOWS\SYSTEM32\DBGHELP.DLL
0x00007ffca4f00000 - 0x00007ffca5289000 	C:\WINDOWS\System32\combase.dll
0x00007ffca6e10000 - 0x00007ffca6ee7000 	C:\WINDOWS\System32\OLEAUT32.dll
0x00007ffc87430000 - 0x00007ffc87462000 	C:\WINDOWS\SYSTEM32\dbgcore.DLL
0x00007ffca4be0000 - 0x00007ffca4c5a000 	C:\WINDOWS\System32\bcryptPrimitives.dll
0x00007ffc8f780000 - 0x00007ffc8f7a6000 	C:\Program Files\Java\jdk-19\bin\java.dll
0x00007ffc8ead0000 - 0x00007ffc8eba7000 	C:\Program Files\Java\jdk-19\bin\jsvml.dll
0x00007ffca6300000 - 0x00007ffca6b5a000 	C:\WINDOWS\System32\SHELL32.dll
0x00007ffca2400000 - 0x00007ffca2cf6000 	C:\WINDOWS\SYSTEM32\windows.storage.dll
0x00007ffca22c0000 - 0x00007ffca23fe000 	C:\WINDOWS\SYSTEM32\wintypes.dll
0x00007ffca6d10000 - 0x00007ffca6e03000 	C:\WINDOWS\System32\SHCORE.dll
0x00007ffca6fa0000 - 0x00007ffca6ffe000 	C:\WINDOWS\System32\shlwapi.dll
0x00007ffca4410000 - 0x00007ffca4436000 	C:\WINDOWS\SYSTEM32\profapi.dll
0x00007ffc993e0000 - 0x00007ffc993f3000 	C:\Program Files\Java\jdk-19\bin\net.dll
0x00007ffc9db10000 - 0x00007ffc9dc47000 	C:\WINDOWS\SYSTEM32\WINHTTP.dll
0x00007ffca3a50000 - 0x00007ffca3ab9000 	C:\WINDOWS\system32\mswsock.dll
0x00007ffc8f760000 - 0x00007ffc8f776000 	C:\Program Files\Java\jdk-19\bin\nio.dll
0x00007ffc8f740000 - 0x00007ffc8f758000 	C:\Program Files\Java\jdk-19\bin\zip.dll
0x00007ffc9f2c0000 - 0x00007ffc9f2c8000 	C:\Program Files\Java\jdk-19\bin\extnet.dll
0x00007ffca3000000 - 0x00007ffca30f9000 	C:\WINDOWS\SYSTEM32\DNSAPI.dll
0x00007ffca2fd0000 - 0x00007ffca2ffd000 	C:\WINDOWS\SYSTEM32\IPHLPAPI.DLL
0x00007ffca62d0000 - 0x00007ffca62d9000 	C:\WINDOWS\System32\NSI.dll
0x00007ffc99110000 - 0x00007ffc9911a000 	C:\Windows\System32\rasadhlp.dll
0x00007ffc97b20000 - 0x00007ffc97ba3000 	C:\WINDOWS\System32\fwpuclnt.dll
0x00007ffca3ca0000 - 0x00007ffca3cbb000 	C:\WINDOWS\SYSTEM32\CRYPTSP.dll
0x00007ffca3530000 - 0x00007ffca3565000 	C:\WINDOWS\system32\rsaenh.dll
0x00007ffca3b40000 - 0x00007ffca3b6c000 	C:\WINDOWS\SYSTEM32\USERENV.dll
0x00007ffca3e90000 - 0x00007ffca3eb8000 	C:\WINDOWS\SYSTEM32\bcrypt.dll
0x00007ffca3cc0000 - 0x00007ffca3ccc000 	C:\WINDOWS\SYSTEM32\CRYPTBASE.dll
0x00007ffc9d690000 - 0x00007ffc9d6a9000 	C:\WINDOWS\SYSTEM32\dhcpcsvc6.DLL
0x00007ffc9d670000 - 0x00007ffc9d68f000 	C:\WINDOWS\SYSTEM32\dhcpcsvc.DLL
0x00007ffca1250000 - 0x00007ffca12e7000 	C:\WINDOWS\system32\apphelp.dll
0x00007ffc97c80000 - 0x00007ffc97c8a000 	C:\Program Files\Java\jdk-19\bin\management.dll
0x00007ffc8f300000 - 0x00007ffc8f30b000 	C:\Program Files\Java\jdk-19\bin\management_ext.dll
0x00007ffca62c0000 - 0x00007ffca62c8000 	C:\WINDOWS\System32\PSAPI.DLL
0x00007ffc8f2f0000 - 0x00007ffc8f2fe000 	C:\Program Files\Java\jdk-19\bin\sunmscapi.dll
0x00007ffca4a70000 - 0x00007ffca4bd6000 	C:\WINDOWS\System32\CRYPT32.dll
0x00007ffca3e60000 - 0x00007ffca3e8d000 	C:\WINDOWS\SYSTEM32\ncrypt.dll
0x00007ffca3e20000 - 0x00007ffca3e57000 	C:\WINDOWS\SYSTEM32\NTASN1.dll
0x00007ffc99e10000 - 0x00007ffc99e18000 	C:\WINDOWS\system32\wshunix.dll
0x00007ffc8f2e0000 - 0x00007ffc8f2f0000 	C:\Program Files\Java\jdk-19\bin\verify.dll

dbghelp: loaded successfully - version: 4.0.5 - missing functions: none
symbol engine: initialized successfully - sym options: 0x614 - pdb path: .;C:\Program Files\Java\jdk-19\bin;C:\WINDOWS\SYSTEM32;C:\WINDOWS\WinSxS\amd64_microsoft.windows.common-controls_6595b64144ccf1df_6.0.22621.2506_none_270c5ae97388e100;C:\Program Files\Java\jdk-19\bin\server

VM Arguments:
jvm_args: -Dfile.encoding=UTF-8 -XX:+ShowCodeDetailsInExceptionMessages 
java_command: com.travominttt.VerifyLinks
java_class_path (initial): C:\Users\SNVA\eclipse-workspace\Automation\bin;C:\Users\SNVA\.p2\pool\plugins\org.testng_7.8.0.r202306071539.jar;C:\Users\SNVA\.p2\pool\plugins\com.beust.jcommander_1.82.0.jar;C:\Users\SNVA\.p2\pool\plugins\org.apache-extras.beanshell.bsh_2.0.0.b6.jar;C:\Users\SNVA\.p2\pool\plugins\org.yaml.snakeyaml_1.27.0.v20221112-0806.jar;C:\Users\SNVA\.p2\pool\plugins\org.webjars.jquery_3.6.1.jar;C:\DriversAndJAr\JarFiles\async-http-client-2.12.3.jar;C:\DriversAndJAr\JarFiles\async-http-client-netty-utils-2.12.3.jar;C:\DriversAndJAr\JarFiles\auto-common-1.2.1.jar;C:\DriversAndJAr\JarFiles\auto-service-1.0.1.jar;C:\DriversAndJAr\JarFiles\auto-service-annotations-1.0.1.jar;C:\DriversAndJAr\JarFiles\byte-buddy-1.12.22.jar;C:\DriversAndJAr\JarFiles\checker-qual-3.12.0.jar;C:\DriversAndJAr\JarFiles\commons-exec-1.3.jar;C:\DriversAndJAr\JarFiles\error_prone_annotations-2.11.0.jar;C:\DriversAndJAr\JarFiles\failsafe-3.3.0.jar;C:\DriversAndJAr\JarFiles\failureaccess-1.0.1.jar;C:\DriversAndJAr\JarFiles\guava-31.1-jre.jar;C:\DriversAndJAr\JarFiles\j2objc-annotations-1.3.jar;C:\DriversAndJAr\JarFiles\jakarta.activation-1.2.2.jar;C:\DriversAndJAr\JarFiles\jcommander-1.82.jar;C:\DriversAndJAr\JarFiles\jsr305-3.0.2.jar;C:\DriversAndJAr\JarFiles\jtoml-2.0.0.jar;C:\DriversAndJAr\JarFiles\listenablefuture-9999.0-empty-to-avoid-conflict-with-guava.jar;C:\DriversAndJAr\JarFiles\netty-buffer-4.1.87.Final.jar;C:\DriversAndJAr\JarFiles\netty-codec-4.1.87.Final.jar;C:\DriversAndJAr\JarFiles\netty-codec-http-4.1.87.Final.jar;C:\DriversAndJAr\JarFiles\netty-codec-socks-4.1.87.Final.jar;C:\DriversAndJAr\JarFiles\netty-common-4.1.87.Final.jar;C:\DriversAndJAr\JarFiles\netty-handler-4.1.87.Final.jar;C:\DriversAndJAr\JarFiles\netty-handler-proxy-4.1.87.Final.jar;C:\DriversAndJAr\JarFiles\netty-reactive-streams-2.0.4.jar;C:\DriversAndJAr\JarFiles\netty-resolver-4.1.87.Final.jar;C:\DriversAndJAr\JarFiles\netty-transport-4.1.87.Final.jar;C:\DriversAndJAr\JarFiles\netty-transport-classes-epoll-4.1.87.Final.jar;C:\DriversAndJAr\JarFiles\netty-transport-classes-kqueue-4.1.87.Final.jar;C:\DriversAndJAr\JarFiles\netty-transport-native-epoll-4.1.87.Final.jar;C:\DriversAndJAr\JarFiles\netty-transport-native-kqueue-4.1.87.Final.jar;C:\DriversAndJAr\JarFiles\netty-transport-native-unix-common-4.1.87.Final.jar;C:\DriversAndJAr\JarFiles\opentelemetry-api-1.22.0.jar;C:\DriversAndJAr\JarFiles\opentelemetry-api-logs-1.22.0-alpha.jar;C:\DriversAndJAr\JarFiles\opentelemetry-context-1.22.0.jar;C:\DriversAndJAr\JarFiles\opentelemetry-exporter-logging-1.22.0.jar;C:\DriversAndJAr\JarFiles\opentelemetry-sdk-1.22.0.jar;C:\DriversAndJAr\JarFiles\opentelemetry-sdk-common-1.22.0.jar;C:\DriversAndJAr\JarFiles\opentelemetry-sdk-extension-autoconfigure-1.22.0-alpha.jar;C:\DriversAndJAr\JarFiles\opentelemetry-sdk-extension-autoconfigure-spi-1.22.0.jar;C:\DriversAndJAr\JarFiles\opentelemetry-sdk-logs-1.22.0-alpha.jar;C:\DriversAndJAr\JarFiles\opentelemetry-sdk-metrics-1.22.0.jar;C:\DriversAndJAr\JarFiles\opentelemetry-sdk-trace-1.22.0.jar;C:\DriversAndJAr\JarFiles\opentelemetry-semconv-1.22.0-alpha.jar;C:\DriversAndJAr\JarFiles\reactive-streams-1.0.4.jar;C:\DriversAndJAr\JarFiles\selenium-api-4.8.1.jar;C:\DriversAndJAr\JarFiles\selenium-api-4.8.1-sources.jar;C:\DriversAndJAr\JarFiles\selenium-chrome-driver-4.8.1.jar;C:\DriversAndJAr\JarFiles\selenium-chrome-driver-4.8.1-sources.jar;C:\DriversAndJAr\JarFiles\selenium-chromium-driver-4.8.1.jar;C:\DriversAndJAr\JarFiles\selenium-chromium-driver-4.8.1-sources.jar;C:\DriversAndJAr\JarFiles\selenium-devtools-v85-4.8.1.jar;C:\DriversAndJAr\JarFiles\selenium-devtools-v85-4.8.1-sources.jar;C:\DriversAndJAr\JarFiles\selenium-devtools-v108-4.8.1.jar;C:\DriversAndJAr\JarFiles\selenium-devtools-v108-4.8.1-sources.jar;C:\DriversAndJAr\JarFiles\selenium-devtools-v109-4.8.1.jar;C:\DriversAndJAr\JarFiles\selenium-devtools-v109-4.8.1-sources.jar;C:\DriversAndJAr\JarFiles\selenium-devtools-v110-4.8.1.jar;C:\DriversAndJAr\JarFiles\selenium-devtools-v110-4.8.1-sources.jar;C:\DriversAndJAr\JarFiles\selenium-edge-driver-4.8.1.jar;C:\DriversAndJAr\JarFiles\selenium-edge-driver-4.8.1-sources.jar;C:\DriversAndJAr\JarFiles\selenium-firefox-driver-4.8.1.jar;C:\DriversAndJAr\JarFiles\selenium-firefox-driver-4.8.1-sources.jar;C:\DriversAndJAr\JarFiles\selenium-http-4.8.1.jar;C:\DriversAndJAr\JarFiles\selenium-http-4.8.1-sources.jar;C:\DriversAndJAr\JarFiles\selenium-ie-driver-4.8.1.jar;C:\DriversAndJAr\JarFiles\selenium-ie-driver-4.8.1-sources.jar;C:\DriversAndJAr\JarFiles\selenium-java-4.8.1.jar;C:\DriversAndJAr\JarFiles\selenium-java-4.8.1-sources.jar;C:\DriversAndJAr\JarFiles\selenium-json-4.8.1.jar;C:\DriversAndJAr\JarFiles\selenium-json-4.8.1-sources.jar;C:\DriversAndJAr\JarFiles\selenium-manager-4.8.1.jar;C:\DriversAndJAr\JarFiles\selenium-manager-4.8.1-sources.jar;C:\DriversAndJAr\JarFiles\selenium-remote-driver-4.8.1.jar;C:\DriversAndJAr\JarFiles\selenium-remote-driver-4.8.1-sources.jar;C:\DriversAndJAr\JarFiles\selenium-safari-driver-4.8.1.jar;C:\DriversAndJAr\JarFiles\selenium-safari-driver-4.8.1-sources.jar;C:\DriversAndJAr\JarFiles\selenium-support-4.8.1.jar;C:\DriversAndJAr\JarFiles\selenium-support-4.8.1-sources.jar;C:\DriversAndJAr\JarFiles\slf4j-api-2.0.6.jar
Launcher Type: SUN_STANDARD

[Global flags]
     intx CICompilerCount                          = 4                                         {product} {ergonomic}
     uint ConcGCThreads                            = 2                                         {product} {ergonomic}
     uint G1ConcRefinementThreads                  = 8                                         {product} {ergonomic}
   size_t G1HeapRegionSize                         = 1048576                                   {product} {ergonomic}
    uintx GCDrainStackTargetSize                   = 64                                        {product} {ergonomic}
   size_t InitialHeapSize                          = 132120576                                 {product} {ergonomic}
   size_t MarkStackSize                            = 4194304                                   {product} {ergonomic}
   size_t MaxHeapSize                              = 2090860544                                {product} {ergonomic}
   size_t MaxNewSize                               = 1254096896                                {product} {ergonomic}
   size_t MinHeapDeltaBytes                        = 1048576                                   {product} {ergonomic}
   size_t MinHeapSize                              = 8388608                                   {product} {ergonomic}
    uintx NonNMethodCodeHeapSize                   = 5839372                                {pd product} {ergonomic}
    uintx NonProfiledCodeHeapSize                  = 122909434                              {pd product} {ergonomic}
    uintx ProfiledCodeHeapSize                     = 122909434                              {pd product} {ergonomic}
    uintx ReservedCodeCacheSize                    = 251658240                              {pd product} {ergonomic}
     bool SegmentedCodeCache                       = true                                      {product} {ergonomic}
     bool ShowCodeDetailsInExceptionMessages       = true                                   {manageable} {command line}
   size_t SoftMaxHeapSize                          = 2090860544                             {manageable} {ergonomic}
     bool UseCompressedClassPointers               = true                           {product lp64_product} {ergonomic}
     bool UseCompressedOops                        = true                           {product lp64_product} {ergonomic}
     bool UseG1GC                                  = true                                      {product} {ergonomic}
     bool UseLargePagesIndividualAllocation        = false                                  {pd product} {ergonomic}

Logging:
Log output configuration:
 #0: stdout all=warning uptime,level,tags foldmultilines=false
 #1: stderr all=off uptime,level,tags foldmultilines=false

Environment Variables:
PATH=C:/Program Files/Eclipse Adoptium/jdk-21.0.2.13-hotspot/bin/server;C:/Program Files/Eclipse Adoptium/jdk-21.0.2.13-hotspot/bin;C:\Program Files\Eclipse Adoptium\jdk-21.0.2.13-hotspot\bin;C:\Program Files\Common Files\Oracle\Java\javapath;C:\WINDOWS\system32;C:\WINDOWS;C:\WINDOWS\System32\Wbem;C:\WINDOWS\System32\WindowsPowerShell\v1.0\;C:\WINDOWS\System32\OpenSSH\;C:\Program Files\nodejs\;C:\Program Files\Git\cmd;C:\Program Files\dotnet\;C:\Users\SNVA\AppData\Local\Programs\Python\Python311\Scripts\;C:\Users\SNVA\AppData\Local\Programs\Python\Python311\;C:\Users\SNVA\AppData\Local\Microsoft\WindowsApps;C:\Users\SNVA\AppData\Roaming\npm;C:\Users\SNVA\AppData\Local\Programs\Microsoft VS Code\bin;C:\Program Files\JetBrains\IntelliJ IDEA Community Edition 2023.2.5\bin;;C:\Users\SNVA\Desktop;
USERNAME=Keshav
OS=Windows_NT
PROCESSOR_IDENTIFIER=Intel64 Family 6 Model 140 Stepping 1, GenuineIntel
TMP=C:\Users\SNVA\AppData\Local\Temp
TEMP=C:\Users\SNVA\AppData\Local\Temp



---------------  S Y S T E M  ---------------

OS:
 Windows 11 , 64 bit Build 22621 (10.0.22621.2506)
OS uptime: 0 days 5:42 hours

CPU: total 8 (initial active 8) (4 cores per cpu, 2 threads per core) family 6 model 140 stepping 1 microcode 0x8a, cx8, cmov, fxsr, ht, mmx, 3dnowpref, sse, sse2, sse3, ssse3, sse4.1, sse4.2, popcnt, lzcnt, tsc, tscinvbit, avx, avx2, aes, erms, clmul, bmi1, bmi2, adx, avx512f, avx512dq, avx512cd, avx512bw, avx512vl, sha, fma, vzeroupper, avx512_vpopcntdq, avx512_vpclmulqdq, avx512_vaes, avx512_vnni, clflush, clflushopt, clwb, avx512_vbmi2, avx512_vbmi, rdtscp, rdpid, fsrm, gfni, avx512_bitalg

Memory: 4k page, system-wide physical 7971M (670M free)
TotalPageFile size 13091M (AvailPageFile size 19M)
current process WorkingSet (physical memory assigned to process): 107M, peak: 107M
current process commit charge ("private bytes"): 244M, peak: 245M

vm_info: Java HotSpot(TM) 64-Bit Server VM (19.0.2+7-44) for windows-amd64 JRE (19.0.2+7-44), built on 2022-11-30T18:02:09Z by "mach5one" with MS VC++ 17.1 (VS2022)

END.
